Log file open, 04/05/18 22:54:40
LogWindows: Failed to load 'aqProf.dll' (GetLastError=126)
LogWindows: File 'aqProf.dll' does not exist
LogWindows: Failed to load 'VSPerf140.dll' (GetLastError=126)
LogWindows: File 'VSPerf140.dll' does not exist
LogWindows: Failed to load 'VtuneApi.dll' (GetLastError=126)
LogWindows: File 'VtuneApi.dll' does not exist
LogWindows: Failed to load 'VtuneApi32e.dll' (GetLastError=126)
LogWindows: File 'VtuneApi32e.dll' does not exist
LogInit: Display: Running engine for game: TwistedFateGame
LogPlatformFile: Not using cached read wrapper
LogInit: Display: RandInit(-511317834) SRandInit(-511317834).
LogInit: Read version file with build ID '3709383'
LogInit: Overriding engine version to CL 3832480, compatible CL 3709383
LogInit: Registered custom module enumerator with build ID '3709383'
LogTaskGraph: Started task graph with 5 named threads and 14 total threads with 3 sets of task threads.
LogStats: Stats thread started at 0.171626
LogD3D11RHI: Aftermath initialized
LogModuleManager: Display: Found up-to-date module file ../../../Engine/Plugins/Runtime/ApexDestruction/Binaries/Win64/UE4Editor-ApexDestruction.dll (API version 3709383).
LogModuleManager: Display: Found up-to-date module file ../../../Engine/Plugins/Runtime/ApexDestruction/Binaries/Win64/UE4Editor-ApexDestructionEditor.dll (API version 3709383).
LogModuleManager: Display: Found up-to-date module file ../../../Engine/Plugins/2D/Paper2D/Binaries/Win64/UE4Editor-Paper2D.dll (API version 3709383).
LogModuleManager: Display: Found up-to-date module file ../../../Engine/Plugins/2D/Paper2D/Binaries/Win64/UE4Editor-Paper2DEditor.dll (API version 3709383).
LogModuleManager: Display: Found up-to-date module file ../../../Engine/Plugins/2D/Paper2D/Binaries/Win64/UE4Editor-PaperSpriteSheetImporter.dll (API version 3709383).
LogModuleManager: Display: Found up-to-date module file ../../../Engine/Plugins/2D/Paper2D/Binaries/Win64/UE4Editor-PaperTiledImporter.dll (API version 3709383).
LogModuleManager: Display: Found up-to-date module file ../../../Engine/Plugins/2D/Paper2D/Binaries/Win64/UE4Editor-SmartSnapping.dll (API version 3709383).
LogModuleManager: Display: Found up-to-date module file ../../../Engine/Plugins/Blendables/LightPropagationVolume/Binaries/Win64/UE4Editor-LightPropagationVolumeRuntime.dll (API version 3709383).
LogModuleManager: Display: Found up-to-date module file ../../../Engine/Plugins/Blendables/LightPropagationVolume/Binaries/Win64/UE4Editor-LightPropagationVolumeEditor.dll (API version 3709383).
LogModuleManager: Display: Found up-to-date module file ../../../Engine/Plugins/Developer/GitSourceControl/Binaries/Win64/UE4Editor-GitSourceControl.dll (API version 3709383).
LogModuleManager: Display: Found up-to-date module file ../../../Engine/Plugins/Developer/PerforceSourceControl/Binaries/Win64/UE4Editor-PerforceSourceControl.dll (API version 3709383).
LogModuleManager: Display: Found up-to-date module file ../../../Engine/Plugins/Developer/SubversionSourceControl/Binaries/Win64/UE4Editor-SubversionSourceControl.dll (API version 3709383).
LogModuleManager: Display: Found up-to-date module file ../../../Engine/Plugins/Developer/UObjectPlugin/Binaries/Win64/UE4Editor-UObjectPlugin.dll (API version 3709383).
LogModuleManager: Display: Found up-to-date module file ../../../Engine/Plugins/Developer/VisualStudioCodeSourceCodeAccess/Binaries/Win64/UE4Editor-VisualStudioCodeSourceCodeAccess.dll (API version 3709383).
LogModuleManager: Display: Found up-to-date module file ../../../Engine/Plugins/Developer/VisualStudioSourceCodeAccess/Binaries/Win64/UE4Editor-VisualStudioSourceCodeAccess.dll (API version 3709383).
LogModuleManager: Display: Found up-to-date module file ../../../Engine/Plugins/Editor/AssetManagerEditor/Binaries/Win64/UE4Editor-AssetManagerEditor.dll (API version 3709383).
LogModuleManager: Display: Found up-to-date module file ../../../Engine/Plugins/Editor/AudioCapture/Binaries/Win64/UE4Editor-AudioCapture.dll (API version 3709383).
LogModuleManager: Display: Found up-to-date module file ../../../Engine/Plugins/Editor/FacialAnimation/Binaries/Win64/UE4Editor-FacialAnimation.dll (API version 3709383).
LogModuleManager: Display: Found up-to-date module file ../../../Engine/Plugins/Editor/FacialAnimation/Binaries/Win64/UE4Editor-FacialAnimationEditor.dll (API version 3709383).
LogModuleManager: Display: Found up-to-date module file ../../../Engine/Plugins/Editor/GameplayTagsEditor/Binaries/Win64/UE4Editor-GameplayTagsEditor.dll (API version 3709383).
LogModuleManager: Display: Found up-to-date module file ../../../Engine/Plugins/Editor/MobileLauncherProfileWizard/Binaries/Win64/UE4Editor-MobileLauncherProfileWizard.dll (API version 3709383).
LogModuleManager: Display: Found up-to-date module file ../../../Engine/Plugins/Editor/PluginBrowser/Binaries/Win64/UE4Editor-PluginBrowser.dll (API version 3709383).
LogModuleManager: Display: Found up-to-date module file ../../../Engine/Plugins/Editor/SpeedTreeImporter/Binaries/Win64/UE4Editor-SpeedTreeImporter.dll (API version 3709383).
LogModuleManager: Display: Found up-to-date module file ../../../Engine/Plugins/Experimental/AlembicImporter/Binaries/Win64/UE4Editor-AlembicImporter.dll (API version 3709383).
LogModuleManager: Display: Found up-to-date module file ../../../Engine/Plugins/Experimental/AlembicImporter/Binaries/Win64/UE4Editor-AlembicLibrary.dll (API version 3709383).
LogModuleManager: Display: Found up-to-date module file ../../../Engine/Plugins/Experimental/CharacterAI/Binaries/Win64/UE4Editor-CharacterAI.dll (API version 3709383).
LogModuleManager: Display: Found up-to-date module file ../../../Engine/Plugins/Experimental/HTML5Networking/Binaries/Win64/UE4Editor-HTML5Networking.dll (API version 3709383).
LogModuleManager: Display: Found up-to-date module file ../../../Engine/Plugins/Media/AndroidMedia/Binaries/Win64/UE4Editor-AndroidMediaEditor.dll (API version 3709383).
LogModuleManager: Display: Found up-to-date module file ../../../Engine/Plugins/Media/AndroidMedia/Binaries/Win64/UE4Editor-AndroidMediaFactory.dll (API version 3709383).
LogModuleManager: Display: Found up-to-date module file ../../../Engine/Plugins/Media/AvfMedia/Binaries/Win64/UE4Editor-AvfMediaEditor.dll (API version 3709383).
LogModuleManager: Display: Found up-to-date module file ../../../Engine/Plugins/Media/AvfMedia/Binaries/Win64/UE4Editor-AvfMediaFactory.dll (API version 3709383).
LogModuleManager: Display: Found up-to-date module file ../../../Engine/Plugins/Media/AvfMedia/Binaries/Win64/UE4Editor-AvfMediaFactory.dll (API version 3709383).
LogModuleManager: Display: Found up-to-date module file ../../../Engine/Plugins/Media/ImgMedia/Binaries/Win64/UE4Editor-ImgMedia.dll (API version 3709383).
LogModuleManager: Display: Found up-to-date module file ../../../Engine/Plugins/Media/ImgMedia/Binaries/Win64/UE4Editor-ImgMediaEditor.dll (API version 3709383).
LogModuleManager: Display: Found up-to-date module file ../../../Engine/Plugins/Media/ImgMedia/Binaries/Win64/UE4Editor-ImgMediaFactory.dll (API version 3709383).
LogModuleManager: Display: Found up-to-date module file ../../../Engine/Plugins/Media/ImgMedia/Binaries/Win64/UE4Editor-ImgMediaFactory.dll (API version 3709383).
LogModuleManager: Display: Found up-to-date module file ../../../Engine/Plugins/Media/ImgMedia/Binaries/Win64/UE4Editor-OpenExrWrapper.dll (API version 3709383).
LogModuleManager: Display: Found up-to-date module file ../../../Engine/Plugins/Media/MediaCompositing/Binaries/Win64/UE4Editor-MediaCompositing.dll (API version 3709383).
LogModuleManager: Display: Found up-to-date module file ../../../Engine/Plugins/Media/MediaCompositing/Binaries/Win64/UE4Editor-MediaCompositingEditor.dll (API version 3709383).
LogModuleManager: Display: Found up-to-date module file ../../../Engine/Plugins/Media/MediaPlayerEditor/Binaries/Win64/UE4Editor-MediaPlayerEditor.dll (API version 3709383).
LogModuleManager: Display: Found up-to-date module file ../../../Engine/Plugins/Media/WmfMedia/Binaries/Win64/UE4Editor-WmfMedia.dll (API version 3709383).
LogModuleManager: Display: Found up-to-date module file ../../../Engine/Plugins/Media/WmfMedia/Binaries/Win64/UE4Editor-WmfMediaEditor.dll (API version 3709383).
LogModuleManager: Display: Found up-to-date module file ../../../Engine/Plugins/Media/WmfMedia/Binaries/Win64/UE4Editor-WmfMediaFactory.dll (API version 3709383).
LogModuleManager: Display: Found up-to-date module file ../../../Engine/Plugins/Media/WmfMedia/Binaries/Win64/UE4Editor-WmfMediaFactory.dll (API version 3709383).
LogModuleManager: Display: Found up-to-date module file ../../../Engine/Plugins/Messaging/TcpMessaging/Binaries/Win64/UE4Editor-TcpMessaging.dll (API version 3709383).
LogModuleManager: Display: Found up-to-date module file ../../../Engine/Plugins/Messaging/UdpMessaging/Binaries/Win64/UE4Editor-UdpMessaging.dll (API version 3709383).
LogModuleManager: Display: Found up-to-date module file ../../../Engine/Plugins/MovieScene/ActorSequence/Binaries/Win64/UE4Editor-ActorSequence.dll (API version 3709383).
LogModuleManager: Display: Found up-to-date module file ../../../Engine/Plugins/MovieScene/LevelSequenceEditor/Binaries/Win64/UE4Editor-LevelSequenceEditor.dll (API version 3709383).
LogModuleManager: Display: Found up-to-date module file ../../../Engine/Plugins/MovieScene/MatineeToLevelSequence/Binaries/Win64/UE4Editor-MatineeToLevelSequence.dll (API version 3709383).
LogModuleManager: Display: Found up-to-date module file ../../../Engine/Plugins/Online/OnlineSubsystem/Binaries/Win64/UE4Editor-OnlineSubsystem.dll (API version 3709383).
LogModuleManager: Display: Found up-to-date module file ../../../Engine/Plugins/Runtime/AndroidPermission/Binaries/Win64/UE4Editor-AndroidPermission.dll (API version 3709383).
LogModuleManager: Display: Found up-to-date module file ../../../Engine/Plugins/Online/OnlineSubsystemNull/Binaries/Win64/UE4Editor-OnlineSubsystemNull.dll (API version 3709383).
LogModuleManager: Display: Found up-to-date module file ../../../Engine/Plugins/Online/OnlineSubsystemUtils/Binaries/Win64/UE4Editor-OnlineSubsystemUtils.dll (API version 3709383).
LogModuleManager: Display: Found up-to-date module file ../../../Engine/Plugins/Online/OnlineSubsystemUtils/Binaries/Win64/UE4Editor-OnlineBlueprintSupport.dll (API version 3709383).
LogModuleManager: Display: Found up-to-date module file ../../../Engine/Plugins/Runtime/AndroidDeviceProfileSelector/Binaries/Win64/UE4Editor-AndroidDeviceProfileSelector.dll (API version 3709383).
LogModuleManager: Display: Found up-to-date module file ../../../Engine/Plugins/Runtime/AppleARKit/Binaries/Win64/UE4Editor-AppleARKit.dll (API version 3709383).
LogModuleManager: Display: Found up-to-date module file ../../../Engine/Plugins/Runtime/ArchVisCharacter/Binaries/Win64/UE4Editor-ArchVisCharacter.dll (API version 3709383).
LogModuleManager: Display: Found up-to-date module file ../../../Engine/Plugins/Runtime/CableComponent/Binaries/Win64/UE4Editor-CableComponent.dll (API version 3709383).
LogModuleManager: Display: Found up-to-date module file ../../../Engine/Plugins/Runtime/CustomMeshComponent/Binaries/Win64/UE4Editor-CustomMeshComponent.dll (API version 3709383).
LogModuleManager: Display: Found up-to-date module file ../../../Engine/Plugins/Runtime/ExampleDeviceProfileSelector/Binaries/Win64/UE4Editor-ExampleDeviceProfileSelector.dll (API version 3709383).
LogModuleManager: Display: Found up-to-date module file ../../../Engine/Plugins/Runtime/ImmediatePhysics/Binaries/Win64/UE4Editor-ImmediatePhysics.dll (API version 3709383).
LogModuleManager: Display: Found up-to-date module file ../../../Engine/Plugins/Runtime/ImmediatePhysics/Binaries/Win64/UE4Editor-ImmediatePhysicsEditor.dll (API version 3709383).
LogModuleManager: Display: Found up-to-date module file ../../../Engine/Plugins/Runtime/LocationServicesBPLibrary/Binaries/Win64/UE4Editor-LocationServicesBPLibrary.dll (API version 3709383).
LogModuleManager: Display: Found up-to-date module file ../../../Engine/Plugins/Runtime/MobilePatchingUtils/Binaries/Win64/UE4Editor-MobilePatchingUtils.dll (API version 3709383).
LogModuleManager: Display: Found up-to-date module file ../../../Engine/Plugins/Runtime/Oculus/OculusVR/Binaries/Win64/UE4Editor-OculusHMD.dll (API version 3709383).
LogModuleManager: Display: Found up-to-date module file ../../../Engine/Plugins/Runtime/Oculus/OculusVR/Binaries/Win64/UE4Editor-OculusInput.dll (API version 3709383).
LogModuleManager: Display: Found up-to-date module file ../../../Engine/Plugins/Runtime/Oculus/OculusVR/Binaries/Win64/UE4Editor-OculusEditor.dll (API version 3709383).
LogModuleManager: Display: Found up-to-date module file ../../../Engine/Plugins/Runtime/PhysXVehicles/Binaries/Win64/UE4Editor-PhysXVehicles.dll (API version 3709383).
LogModuleManager: Display: Found up-to-date module file ../../../Engine/Plugins/Runtime/PhysXVehicles/Binaries/Win64/UE4Editor-PhysXVehiclesEditor.dll (API version 3709383).
LogModuleManager: Display: Found up-to-date module file ../../../Engine/Plugins/Runtime/ProceduralMeshComponent/Binaries/Win64/UE4Editor-ProceduralMeshComponent.dll (API version 3709383).
LogModuleManager: Display: Found up-to-date module file ../../../Engine/Plugins/Runtime/ProceduralMeshComponent/Binaries/Win64/UE4Editor-ProceduralMeshComponentEditor.dll (API version 3709383).
LogModuleManager: Display: Found up-to-date module file ../../../Engine/Plugins/Runtime/RuntimePhysXCooking/Binaries/Win64/UE4Editor-RuntimePhysXCooking.dll (API version 3709383).
LogModuleManager: Display: Found up-to-date module file ../../../Engine/Plugins/Runtime/Steam/SteamVR/Binaries/Win64/UE4Editor-SteamVR.dll (API version 3709383).
LogModuleManager: Display: Found up-to-date module file ../../../Engine/Plugins/Runtime/Steam/SteamVR/Binaries/Win64/UE4Editor-SteamVRController.dll (API version 3709383).
LogModuleManager: Display: Found up-to-date module file ../../../Engine/Plugins/Runtime/WindowsMoviePlayer/Binaries/Win64/UE4Editor-WindowsMoviePlayer.dll (API version 3709383).
LogPluginManager: Mounting plugin Paper2D
LogPluginManager: Mounting plugin LightPropagationVolume
LogPluginManager: Mounting plugin CodeLiteSourceCodeAccess
LogPluginManager: Mounting plugin GitSourceControl
LogPluginManager: Mounting plugin KDevelopSourceCodeAccess
LogPluginManager: Mounting plugin NullSourceCodeAccess
LogPluginManager: Mounting plugin PerforceSourceControl
LogPluginManager: Mounting plugin SubversionSourceControl
LogPluginManager: Mounting plugin UObjectPlugin
LogPluginManager: Mounting plugin VisualStudioCodeSourceCodeAccess
LogPluginManager: Mounting plugin VisualStudioSourceCodeAccess
LogPluginManager: Mounting plugin XCodeSourceCodeAccess
LogPluginManager: Mounting plugin AssetManagerEditor
LogPluginManager: Mounting plugin AudioCapture
LogPluginManager: Mounting plugin FacialAnimation
LogPluginManager: Mounting plugin GameplayTagsEditor
LogPluginManager: Mounting plugin MobileLauncherProfileWizard
LogPluginManager: Mounting plugin PluginBrowser
LogPluginManager: Mounting plugin SpeedTreeImporter
LogPluginManager: Mounting plugin AlembicImporter
LogPluginManager: Mounting plugin CharacterAI
LogPluginManager: Mounting plugin HTML5Networking
LogPluginManager: Mounting plugin AndroidMedia
LogPluginManager: Mounting plugin AvfMedia
LogPluginManager: Mounting plugin ImgMedia
LogPluginManager: Mounting plugin MediaCompositing
LogPluginManager: Mounting plugin MediaPlayerEditor
LogPluginManager: Mounting plugin WmfMedia
LogPluginManager: Mounting plugin TcpMessaging
LogPluginManager: Mounting plugin UdpMessaging
LogPluginManager: Mounting plugin ActorSequence
LogPluginManager: Mounting plugin LevelSequenceEditor
LogPluginManager: Mounting plugin MatineeToLevelSequence
LogPluginManager: Mounting plugin OnlineSubsystemGooglePlay
LogPluginManager: Mounting plugin OnlineSubsystemIOS
LogPluginManager: Mounting plugin OnlineSubsystem
LogPluginManager: Mounting plugin OnlineSubsystemNull
LogPluginManager: Mounting plugin OnlineSubsystemUtils
LogPluginManager: Mounting plugin AndroidDeviceProfileSelector
LogPluginManager: Mounting plugin AndroidMoviePlayer
LogPluginManager: Mounting plugin AndroidPermission
LogPluginManager: Mounting plugin ApexDestruction
LogPluginManager: Mounting plugin AppleARKit
LogPluginManager: Mounting plugin AppleMoviePlayer
LogPluginManager: Mounting plugin ArchVisCharacter
LogPluginManager: Mounting plugin CableComponent
LogPluginManager: Mounting plugin CustomMeshComponent
LogPluginManager: Mounting plugin ExampleDeviceProfileSelector
LogPluginManager: Mounting plugin GoogleCloudMessaging
LogPluginManager: Mounting plugin ImmediatePhysics
LogPluginManager: Mounting plugin IOSDeviceProfileSelector
LogPluginManager: Mounting plugin LinuxDeviceProfileSelector
LogPluginManager: Mounting plugin LocationServicesBPLibrary
LogPluginManager: Mounting plugin MobilePatchingUtils
LogPluginManager: Mounting plugin OculusVR
LogPluginManager: Plugin shader directory ../../../Engine/Plugins/Runtime/Oculus/OculusVR/Shaders found
LogPluginManager: Mapping shader source directory ../../../Engine/Plugins/Runtime/Oculus/OculusVR/Shaders to virtual directory /Plugin/OculusVR
LogPluginManager: Mounting plugin PhysXVehicles
LogPluginManager: Mounting plugin ProceduralMeshComponent
LogPluginManager: Mounting plugin RuntimePhysXCooking
LogPluginManager: Mounting plugin SteamVR
LogPluginManager: Mounting plugin WindowsMoviePlayer
LogInit: Using libcurl 7.47.1
LogInit:  - built for x86_64-pc-win32
LogInit:  - supports SSL with OpenSSL/1.0.2g
LogInit:  - supports HTTP deflate (compression) using libz 1.2.8
LogInit:  - other features:
LogInit:      CURL_VERSION_SSL
LogInit:      CURL_VERSION_LIBZ
LogInit:      CURL_VERSION_IPV6
LogInit:      CURL_VERSION_ASYNCHDNS
LogInit:      CURL_VERSION_LARGEFILE
LogInit:      CURL_VERSION_IDN
LogInit:  CurlRequestOptions (configurable via config and command line):
LogInit:  - bVerifyPeer = false  - Libcurl will NOT verify peer certificate
LogInit:  - bUseHttpProxy = false  - Libcurl will NOT use HTTP proxy
LogInit:  - bDontReuseConnections = false  - Libcurl will reuse connections
LogInit:  - CertBundlePath = nullptr  - Libcurl will use whatever was configured at build time.
LogInit: Build: ++UE4+Release-4.18-CL-3832480
LogInit: Engine Version: 4.18.3-3832480+++UE4+Release-4.18
LogInit: Compatible Engine Version: 4.18.0-3709383+++UE4+Release-4.18
LogInit: Net CL: 3709383
LogDevObjectVersion: Number of dev versions registered: 16
LogDevObjectVersion:   Dev-Blueprints (B0D832E4-1F89-4F0D-ACCF-7EB736FD4AA2): 10
LogDevObjectVersion:   Dev-Build (E1C64328-A22C-4D53-A36C-8E866417BD8C): 0
LogDevObjectVersion:   Dev-Core (375EC13C-06E4-48FB-B500-84F0262A717E): 2
LogDevObjectVersion:   Dev-Editor (E4B068ED-F494-42E9-A231-DA0B2E46BB41): 20
LogDevObjectVersion:   Dev-Framework (CFFC743F-43B0-4480-9391-14DF171D2073): 30
LogDevObjectVersion:   Dev-Mobile (B02B49B5-BB20-44E9-A304-32B752E40360): 0
LogDevObjectVersion:   Dev-Networking (A4E4105C-59A1-49B5-A7C5-40C4547EDFEE): 0
LogDevObjectVersion:   Dev-Online (39C831C9-5AE6-47DC-9A44-9C173E1C8E7C): 0
LogDevObjectVersion:   Dev-Physics (78F01B33-EBEA-4F98-B9B4-84EACCB95AA2): 0
LogDevObjectVersion:   Dev-Platform (6631380F-2D4D-43E0-8009-CF276956A95A): 0
LogDevObjectVersion:   Dev-Rendering (12F88B9F-8875-4AFC-A67C-D90C383ABD29): 20
LogDevObjectVersion:   Dev-Sequencer (7B5AE74C-D270-4C10-A958-57980B212A5A): 4
LogDevObjectVersion:   Dev-VR (D7296918-1DD6-4BDD-9DE2-64A83CC13884): 0
LogDevObjectVersion:   Dev-LoadTimes (C2A15278-BFE7-4AFE-6C17-90FF531DF755): 1
LogDevObjectVersion:   Private-Geometry (6EACA3D4-40EC-4CC1-B786-8BED09428FC5): 1
LogDevObjectVersion:   Dev-AnimPhys (29E575DD-E0A3-4627-9D10-D276232CDCEA): 12
LogInit: Compiled (64-bit): Jan 12 2018 02:04:55
LogInit: Compiled with Visual C++: 19.00.24215.01
LogInit: Build Configuration: Development
LogInit: Branch Name: ++UE4+Release-4.18
LogInit: Command line:  
LogInit: Base directory: E:/UE_4.18/Engine/Binaries/Win64/
LogInit: Installed Engine Build: 1
LogInit: Presizing for max 8388607 objects, including 0 objects not considered by GC, pre-allocating 0 bytes for permanent pool.
LogInit: Object subsystem initialized
[2018.04.06-02.54.41:951][  0]LogInit: Selected Device Profile: [Windows]
[2018.04.06-02.54.41:951][  0]LogInit: Applying CVar settings loaded from the selected device profile: [Windows]
[2018.04.06-02.54.41:961][  0]LogInit: Computer: DESKTOP-26BKDR7
[2018.04.06-02.54.41:961][  0]LogInit: User: Cameron
[2018.04.06-02.54.41:961][  0]LogInit: CPU Page size=4096, Cores=4
[2018.04.06-02.54.41:961][  0]LogInit: High frequency timer resolution =2.648436 MHz
[2018.04.06-02.54.41:961][  0]LogMemory: Memory total: Physical=15.9GB (16GB approx)
[2018.04.06-02.54.41:961][  0]LogMemory: Platform Memory Stats for Windows
[2018.04.06-02.54.41:961][  0]LogMemory: Process Physical Memory: 280.11 MB used, 280.11 MB peak
[2018.04.06-02.54.41:961][  0]LogMemory: Process Virtual Memory: 274.20 MB used, 274.20 MB peak
[2018.04.06-02.54.41:961][  0]LogMemory: Physical Memory: 8158.52 MB used,  8151.32 MB free, 16309.84 MB total
[2018.04.06-02.54.41:961][  0]LogMemory: Virtual Memory: 722.69 MB used,  8151.32 MB free, 134217728.00 MB total
[2018.04.06-02.54.42:071][  0]LogInit: Using OS detected language (en-US).
[2018.04.06-02.54.42:071][  0]LogInit: Using OS detected locale (en-US).
[2018.04.06-02.54.42:075][  0]LogTextLocalizationManager: No specific localization for 'en-US' exists, so the 'en' localization will be used.
[2018.04.06-02.54.42:505][  0]LogInit: Setting process to per monitor DPI aware
[2018.04.06-02.54.42:783][  0]LogD3D11RHI: D3D11 adapters:
[2018.04.06-02.54.42:817][  0]LogD3D11RHI:    0. 'NVIDIA GeForce GTX 970' (Feature Level 11_0)
[2018.04.06-02.54.42:817][  0]LogD3D11RHI:       4058/0/8154 MB DedicatedVideo/DedicatedSystem/SharedSystem, Outputs:2, VendorId:0x10de
[2018.04.06-02.54.42:820][  0]LogD3D11RHI:    1. 'Microsoft Basic Render Driver' (Feature Level 11_0)
[2018.04.06-02.54.42:820][  0]LogD3D11RHI:       0/0/8154 MB DedicatedVideo/DedicatedSystem/SharedSystem, Outputs:0, VendorId:0x1414
[2018.04.06-02.54.42:820][  0]LogD3D11RHI: Chosen D3D11 Adapter: 0
[2018.04.06-02.54.42:827][  0]LogD3D11RHI: Creating new Direct3DDevice
[2018.04.06-02.54.42:827][  0]LogD3D11RHI:     GPU DeviceId: 0x13c2 (for the marketing name, search the web for "GPU Device Id")
[2018.04.06-02.54.42:827][  0]LogWindows: EnumDisplayDevices:
[2018.04.06-02.54.42:827][  0]LogWindows:    0. 'NVIDIA GeForce GTX 970' (P:1 D:1)
[2018.04.06-02.54.42:827][  0]LogWindows:    1. 'NVIDIA GeForce GTX 970' (P:0 D:1)
[2018.04.06-02.54.42:827][  0]LogWindows:    2. 'NVIDIA GeForce GTX 970' (P:0 D:0)
[2018.04.06-02.54.42:828][  0]LogWindows:    3. 'NVIDIA GeForce GTX 970' (P:0 D:0)
[2018.04.06-02.54.42:828][  0]LogWindows: DebugString: GetVideoDriverDetailsInvalid PrimaryIsNotTheChoosenAdapter GetVideoDriverDetailsInvalid PrimaryIsNotTheChoosenAdapter GetVideoDriverDetailsInvalid PrimaryIsNotTheChoosenAdapter GetVideoDriverDetailsInvalid PrimaryIsNotTheChoosenAdapter FoundDriverCount:0 
[2018.04.06-02.54.42:828][  0]LogD3D11RHI:     Adapter Name: NVIDIA GeForce GTX 970
[2018.04.06-02.54.42:828][  0]LogD3D11RHI:   Driver Version: Unknown (internal:Unknown, unified:Unknown)
[2018.04.06-02.54.42:828][  0]LogD3D11RHI:      Driver Date: Unknown
[2018.04.06-02.54.42:828][  0]LogRHI: Texture pool is 2840 MB (70% of 4058 MB)
[2018.04.06-02.54.42:850][  0]LogD3D11RHI: Async texture creation enabled
[2018.04.06-02.54.42:887][  0]LogD3D11RHI: GPU Timing Frequency: 1000.000000 (Debug: 2 1)
[2018.04.06-02.54.42:931][  0]LogShaderCompilers: Guid format shader working directory is -18 characters bigger than the processId version (C:/Users/Cameron/Documents/GitHub/TwistedFateGame2/TwistedFateGame/Intermediate/Shaders/WorkingDirectory/3216/).
[2018.04.06-02.54.42:932][  0]LogShaderCompilers: Cleaned the shader compiler working directory 'C:/Users/Cameron/AppData/Local/Temp/UnrealShaderWorkingDir/B7FB08564E49BED56235C0B7D7F78AAE/'.
[2018.04.06-02.54.42:932][  0]LogShaderCompilers: Display: Using Local Shader Compiler.
[2018.04.06-02.54.43:840][  0]LogTemp: Display: Loaded TP AllDesktopTargetPlatform
[2018.04.06-02.54.43:883][  0]LogTemp: Display: Loaded TP MacClientTargetPlatform
[2018.04.06-02.54.43:928][  0]LogTemp: Display: Loaded TP MacNoEditorTargetPlatform
[2018.04.06-02.54.43:973][  0]LogTemp: Display: Loaded TP MacServerTargetPlatform
[2018.04.06-02.54.44:017][  0]LogTemp: Display: Loaded TP MacTargetPlatform
[2018.04.06-02.54.44:062][  0]LogTemp: Display: Loaded TP WindowsClientTargetPlatform
[2018.04.06-02.54.44:108][  0]LogTemp: Display: Loaded TP WindowsNoEditorTargetPlatform
[2018.04.06-02.54.44:154][  0]LogTemp: Display: Loaded TP WindowsServerTargetPlatform
[2018.04.06-02.54.44:192][  0]LogTemp: Display: Loaded TP WindowsTargetPlatform
[2018.04.06-02.54.44:240][  0]LogTemp: Display: Loaded TP Android_ASTCTargetPlatform
[2018.04.06-02.54.44:286][  0]LogTemp: Display: Loaded TP Android_ATCTargetPlatform
[2018.04.06-02.54.44:332][  0]LogTemp: Display: Loaded TP Android_DXTTargetPlatform
[2018.04.06-02.54.44:375][  0]LogTemp: Display: Loaded TP Android_ETC1TargetPlatform
[2018.04.06-02.54.44:421][  0]LogTemp: Display: Loaded TP Android_ETC2TargetPlatform
[2018.04.06-02.54.44:513][  0]LogTemp: Display: Loaded TP Android_MultiTargetPlatform
[2018.04.06-02.54.44:513][  0]LogTemp: Display: Loaded TP Android_PVRTCTargetPlatform
[2018.04.06-02.54.44:557][  0]LogTemp: Display: Loaded TP AndroidTargetPlatform
[2018.04.06-02.54.44:591][  0]LogTemp: Display: Loaded TP HTML5TargetPlatform
[2018.04.06-02.54.44:673][  0]LogTemp: Display: Loaded TP IOSTargetPlatform
[2018.04.06-02.54.44:697][  0]LogTemp: Display: Loaded TP TVOSTargetPlatform
[2018.04.06-02.54.44:743][  0]LogTemp: Display: Loaded TP LinuxClientTargetPlatform
[2018.04.06-02.54.44:790][  0]LogTemp: Display: Loaded TP LinuxNoEditorTargetPlatform
[2018.04.06-02.54.44:836][  0]LogTemp: Display: Loaded TP LinuxServerTargetPlatform
[2018.04.06-02.54.44:882][  0]LogTemp: Display: Loaded TP LinuxTargetPlatform
[2018.04.06-02.54.44:882][  0]LogTargetPlatformManager: Display: Building Assets For Windows
[2018.04.06-02.54.45:277][  0]LogDerivedDataCache: Display: Max Cache Size: 512 MB
[2018.04.06-02.54.45:344][  0]LogDerivedDataCache: Loaded boot cache 0.07s 78MB C:/Users/Cameron/AppData/Local/UnrealEngine/4.18/DerivedDataCache/Boot.ddc.
[2018.04.06-02.54.45:345][  0]LogDerivedDataCache: Display: Loaded Boot cache: C:/Users/Cameron/AppData/Local/UnrealEngine/4.18/DerivedDataCache/Boot.ddc
[2018.04.06-02.54.45:345][  0]LogDerivedDataCache: FDerivedDataBackendGraph:  Pak pak cache file C:/Users/Cameron/Documents/GitHub/TwistedFateGame2/TwistedFateGame/DerivedDataCache/DDC.ddp not found, will not use a pak cache.
[2018.04.06-02.54.45:345][  0]LogDerivedDataCache: Unable to find inner node Pak for hierarchical cache Hierarchy.
[2018.04.06-02.54.45:345][  0]LogDerivedDataCache: FDerivedDataBackendGraph:  CompressedPak pak cache file C:/Users/Cameron/Documents/GitHub/TwistedFateGame2/TwistedFateGame/DerivedDataCache/Compressed.ddp not found, will not use a pak cache.
[2018.04.06-02.54.45:345][  0]LogDerivedDataCache: Unable to find inner node CompressedPak for hierarchical cache Hierarchy.
[2018.04.06-02.54.45:361][  0]LogDerivedDataCache: Display: Pak cache opened for reading ../../../Engine/DerivedDataCache/Compressed.ddp.
[2018.04.06-02.54.45:374][  0]LogDerivedDataCache: Using Local data cache path C:/Users/Cameron/AppData/Local/UnrealEngine/Common/DerivedDataCache: Writable
[2018.04.06-02.54.45:384][  0]LogMaterial: Verifying Global Shaders for PCD3D_SM5
[2018.04.06-02.54.45:384][  0]LogSlate: Using Freetype 2.6.0
[2018.04.06-02.54.45:385][  0]LogSlate: SlateFontCache - WITH_FREETYPE: 1, WITH_HARFBUZZ: 1
[2018.04.06-02.54.45:385][  0]LogSlate: SlateFontCache - WITH_FREETYPE: 1, WITH_HARFBUZZ: 1
[2018.04.06-02.54.45:777][  0]LogInit: Selected Device Profile: [Windows]
[2018.04.06-02.54.46:086][  0]LogSimplygon: Simplygon DLL not present - disabling.
[2018.04.06-02.54.46:121][  0]LogMeshReduction: Using SimplygonSwarm for distributed automatic mesh merging
[2018.04.06-02.54.46:121][  0]LogMeshReduction: Using QuadricMeshReduction for automatic static mesh reduction
[2018.04.06-02.54.46:121][  0]LogMeshReduction: No automatic skeletal mesh reduction module available
[2018.04.06-02.54.46:121][  0]LogMeshReduction: No automatic mesh merging module available
[2018.04.06-02.54.46:121][  0]LogMeshMerging: No automatic mesh merging module available
[2018.04.06-02.54.46:157][  0]LogNetVersion: TwistedFateGame , NetCL: 3709383, EngineNetVer: 2, GameNetVer: 0 (Checksum: 1574445964)
[2018.04.06-02.54.46:320][  0]LogAssetRegistry: FAssetRegistry took 0.0267 seconds to start up
[2018.04.06-02.54.46:825][  0]LogPackageLocalizationCache: Processed 7 localized package path(s) for 2 prioritized culture(s) in 0.081099 seconds
[2018.04.06-02.54.46:830][  0]LogUObjectArray: 35870 objects as part of root set at end of initial load.
[2018.04.06-02.54.46:830][  0]LogUObjectAllocator: 7363704 out of 0 bytes used by permanent object pool.
[2018.04.06-02.54.46:830][  0]LogUObjectArray: CloseDisregardForGC: 0/0 objects in disregard for GC pool
[2018.04.06-02.54.46:870][  0]LogInit: WinSock: version 1.1 (2.2), MaxSocks=32767, MaxUdp=65467
[2018.04.06-02.54.49:476][  0]LogTcpMessaging: Initializing TcpMessaging bridge
[2018.04.06-02.54.49:517][  0]LogUdpMessaging: Initializing bridge on interface 0.0.0.0:0 to multicast group 230.0.0.1:6666.
[2018.04.06-02.54.50:276][  0]LogMaterial: Uniform references updated for custom material expression Custom.
[2018.04.06-02.54.50:677][  0]SourceControl: Source control is disabled
[2018.04.06-02.54.51:937][  0]LogAndroidPermission: UAndroidPermissionCallbackProxy::GetInstance
[2018.04.06-02.54.52:188][  0]LogOcInput: OculusInput pre-init called
[2018.04.06-02.54.52:459][  0]LogEngine: Initializing Engine...
[2018.04.06-02.54.52:461][  0]LogHMD: Oculus plugin initialized. Version: 4.18.3-3832480+++UE4+Release-4.18, OVRPlugin: 1.19.0
[2018.04.06-02.54.52:664][  0]LogStats: UGameplayTagsManager::ConstructGameplayTagTree: Construct from data asset -  0.000 s
[2018.04.06-02.54.52:664][  0]LogStats: UGameplayTagsManager::ConstructGameplayTagTree: GameplayTagTreeChangedEvent.Broadcast -  0.000 s
[2018.04.06-02.54.52:773][  0]LogAIModule: Creating AISystem for world Untitled
[2018.04.06-02.54.52:795][  0]LogInit: XAudio2 using 'Headset Earphone (2- SteelSeries Arctis 7 Chat)' : 1 channels at 48 kHz using 16 bits per sample (channel mask 0x0)
[2018.04.06-02.54.52:812][  0]LogInit: FAudioDevice initialized.
[2018.04.06-02.54.52:950][  0]LogDerivedDataCache: Saved boot cache 0.14s 78MB C:/Users/Cameron/AppData/Local/UnrealEngine/4.18/DerivedDataCache/Boot.ddc.
[2018.04.06-02.54.52:961][  0]LogInit: Texture streaming: Enabled
[2018.04.06-02.54.53:044][  0]LogEngineSessionManager: EngineSessionManager initialized
[2018.04.06-02.54.53:161][  0]LogInit: Transaction tracking system initialized
[2018.04.06-02.54.53:434][  0]BlueprintLog: New page: Editor Load
[2018.04.06-02.54.54:177][  0]LocalizationService: Localization service is disabled
[2018.04.06-02.54.54:814][  0]LogConsoleResponse: Display: 
[2018.04.06-02.54.54:969][  0]LogAutoReimportManager: Warning: Unable to watch directory C:/Users/Cameron/Documents/GitHub/TwistedFateGame2/TwistedFateGame/Content/ as it will conflict with another watching C:/Users/Cameron/Documents/GitHub/TwistedFateGame2/TwistedFateGame/Content/.
[2018.04.06-02.54.54:980][  0]LogCook: Display: Max memory allowance for cook 16384mb min free memory 0mb
[2018.04.06-02.54.54:980][  0]LogCook: Display: Mobile HDR setting 1
[2018.04.06-02.54.54:980][  0]LogGameplayTags: Display: UGameplayTagsManager::DoneAddingNativeTags. DelegateIsBound: 0
[2018.04.06-02.54.55:735][  0]LogFileCache: Scanning file cache for directory 'C:/Users/Cameron/Documents/GitHub/TwistedFateGame2/TwistedFateGame/Content/' took 0.07s
[2018.04.06-02.54.56:053][  0]Cmd: MAP LOAD FILE="C:/Users/Cameron/Documents/GitHub/TwistedFateGame2/TwistedFateGame/Content/Maps/Level_1.umap" TEMPLATE=0 SHOWPROGRESS=1 FEATURELEVEL=3
[2018.04.06-02.54.56:054][  0]LightingResults: New page: Lighting Build
[2018.04.06-02.54.56:091][  0]MapCheck: New page: Map Check
[2018.04.06-02.54.56:091][  0]LightingResults: New page: Lighting Build
[2018.04.06-02.54.56:520][  0]LogLinker: Display: CreateExport: Failed to load Parent for Function /Game/PlayerBuildingSystem/Blueprints/BuildingBlueprints/BuildGrids/BP_CeilingGrid.BP_CeilingGrid_C:UserConstructionScript; removing parent information, but keeping function
[2018.04.06-02.54.56:524][  0]LogLinker: Display: CreateExport: Failed to load Parent for Function /Game/PlayerBuildingSystem/Blueprints/BuildingBlueprints/BuildGrids/BP_FoundationGrid.BP_FoundationGrid_C:UserConstructionScript; removing parent information, but keeping function
[2018.04.06-02.54.56:529][  0]LogLinker: Display: CreateExport: Failed to load Parent for Function /Game/PlayerBuildingSystem/Blueprints/BuildingBlueprints/BuildGrids/BP_PillerGrid.BP_PillerGrid_C:UserConstructionScript; removing parent information, but keeping function
[2018.04.06-02.54.56:533][  0]LogLinker: Display: CreateExport: Failed to load Parent for Function /Game/PlayerBuildingSystem/Blueprints/BuildingBlueprints/BuildGrids/BP_StairsGrid.BP_StairsGrid_C:UserConstructionScript; removing parent information, but keeping function
[2018.04.06-02.54.56:537][  0]LogLinker: Display: CreateExport: Failed to load Parent for Function /Game/PlayerBuildingSystem/Blueprints/BuildingBlueprints/BuildGrids/BP_WallGrid.BP_WallGrid_C:UserConstructionScript; removing parent information, but keeping function
[2018.04.06-02.54.58:401][  0]LogLinker: Can't find file '/Game/Survival_Inventory/Blueprints/Items/ItemData'
[2018.04.06-02.54.58:401][  0]LogLinker: Can't find file '/Game/Survival_Inventory/Blueprints/Items/ItemData'
[2018.04.06-02.54.59:115][  0]LogLinker: Warning: Can't find file '/Game/Rifle_01/Character/Materials/M4_Mat'
[2018.04.06-02.54.59:115][  0]LoadErrors: Failed to load /Game/ThirdPersonBP/Animations/Rifle_01/Character/Mesh/M4_Rifle_01 Referenced by FP Hands_GEN_VARIABLE
[2018.04.06-02.54.59:115][  0]LogLinker: Warning: Can't find file for asset '/Game/Rifle_01/Character/Materials/M4_Mat' while loading C:/Users/Cameron/Documents/GitHub/TwistedFateGame2/TwistedFateGame/Content/ThirdPersonBP/Animations/Rifle_01/Character/Mesh/M4_Rifle_01.uasset.
[2018.04.06-02.54.59:115][  0]LoadErrors: Failed to load /Game/ThirdPersonBP/Animations/Rifle_01/Character/Mesh/M4_Rifle_01 Referenced by FP Hands_GEN_VARIABLE
[2018.04.06-02.54.59:115][  0]LoadErrors: Error: /Game/ThirdPersonBP/Animations/Rifle_01/Character/Mesh/M4_Rifle_01 : Can't find file for asset. /Game/Rifle_01/Character/Materials/M4_Mat
[2018.04.06-02.54.59:115][  0]LogLinker: Warning: Can't find file '/Game/Rifle_01/Character/Materials/M4_Mat'
[2018.04.06-02.54.59:115][  0]LoadErrors: Failed to load /Game/ThirdPersonBP/Animations/Rifle_01/Character/Mesh/M4_Rifle_01 Referenced by FP Hands_GEN_VARIABLE
[2018.04.06-02.54.59:115][  0]LogLinker: Warning: Can't find file for asset '/Game/Rifle_01/Character/Materials/M4_Mat' while loading C:/Users/Cameron/Documents/GitHub/TwistedFateGame2/TwistedFateGame/Content/ThirdPersonBP/Animations/Rifle_01/Character/Mesh/M4_Rifle_01.uasset.
[2018.04.06-02.54.59:115][  0]LoadErrors: Failed to load /Game/ThirdPersonBP/Animations/Rifle_01/Character/Mesh/M4_Rifle_01 Referenced by FP Hands_GEN_VARIABLE
[2018.04.06-02.54.59:115][  0]LoadErrors: Error: /Game/ThirdPersonBP/Animations/Rifle_01/Character/Mesh/M4_Rifle_01 : Can't find file for asset. /Game/Rifle_01/Character/Materials/M4_Mat
[2018.04.06-02.54.59:116][  0]LogLinker: Warning: Can't find file '/Game/Rifle_01/Character/Mesh/M4_Rifle_01_PhysicsAsset'
[2018.04.06-02.54.59:116][  0]LoadErrors: Failed to load /Game/ThirdPersonBP/Animations/Rifle_01/Character/Mesh/M4_Rifle_01 Referenced by FP Hands_GEN_VARIABLE
[2018.04.06-02.54.59:116][  0]LogLinker: Warning: Can't find file for asset '/Game/Rifle_01/Character/Mesh/M4_Rifle_01_PhysicsAsset' while loading C:/Users/Cameron/Documents/GitHub/TwistedFateGame2/TwistedFateGame/Content/ThirdPersonBP/Animations/Rifle_01/Character/Mesh/M4_Rifle_01.uasset.
[2018.04.06-02.54.59:116][  0]LoadErrors: Failed to load /Game/ThirdPersonBP/Animations/Rifle_01/Character/Mesh/M4_Rifle_01 Referenced by FP Hands_GEN_VARIABLE
[2018.04.06-02.54.59:116][  0]LoadErrors: Error: /Game/ThirdPersonBP/Animations/Rifle_01/Character/Mesh/M4_Rifle_01 : Can't find file for asset. /Game/Rifle_01/Character/Mesh/M4_Rifle_01_PhysicsAsset
[2018.04.06-02.54.59:116][  0]LogLinker: Warning: Can't find file '/Game/Rifle_01/Character/Mesh/M4_Rifle_01_Skeleton'
[2018.04.06-02.54.59:116][  0]LoadErrors: Failed to load /Game/ThirdPersonBP/Animations/Rifle_01/Character/Mesh/M4_Rifle_01 Referenced by FP Hands_GEN_VARIABLE
[2018.04.06-02.54.59:116][  0]LogLinker: Warning: Can't find file for asset '/Game/Rifle_01/Character/Mesh/M4_Rifle_01_Skeleton' while loading C:/Users/Cameron/Documents/GitHub/TwistedFateGame2/TwistedFateGame/Content/ThirdPersonBP/Animations/Rifle_01/Character/Mesh/M4_Rifle_01.uasset.
[2018.04.06-02.54.59:116][  0]LoadErrors: Failed to load /Game/ThirdPersonBP/Animations/Rifle_01/Character/Mesh/M4_Rifle_01 Referenced by FP Hands_GEN_VARIABLE
[2018.04.06-02.54.59:116][  0]LoadErrors: Error: /Game/ThirdPersonBP/Animations/Rifle_01/Character/Mesh/M4_Rifle_01 : Can't find file for asset. /Game/Rifle_01/Character/Mesh/M4_Rifle_01_Skeleton
[2018.04.06-02.54.59:116][  0]LogLinker: Warning: Can't find file '/Game/Rifle_01/Character/Mesh/M4_Rifle_01_PhysicsAsset'
[2018.04.06-02.54.59:116][  0]LoadErrors: Failed to load /Game/ThirdPersonBP/Animations/Rifle_01/Character/Mesh/M4_Rifle_01 Referenced by FP Hands_GEN_VARIABLE
[2018.04.06-02.54.59:116][  0]LogLinker: Warning: Can't find file for asset '/Game/Rifle_01/Character/Mesh/M4_Rifle_01_PhysicsAsset' while loading C:/Users/Cameron/Documents/GitHub/TwistedFateGame2/TwistedFateGame/Content/ThirdPersonBP/Animations/Rifle_01/Character/Mesh/M4_Rifle_01.uasset.
[2018.04.06-02.54.59:117][  0]LoadErrors: Failed to load /Game/ThirdPersonBP/Animations/Rifle_01/Character/Mesh/M4_Rifle_01 Referenced by FP Hands_GEN_VARIABLE
[2018.04.06-02.54.59:117][  0]LoadErrors: Error: /Game/ThirdPersonBP/Animations/Rifle_01/Character/Mesh/M4_Rifle_01 : Can't find file for asset. /Game/Rifle_01/Character/Mesh/M4_Rifle_01_PhysicsAsset
[2018.04.06-02.54.59:117][  0]LogLinker: Warning: Can't find file '/Game/Rifle_01/Character/Mesh/M4_Rifle_01_Skeleton'
[2018.04.06-02.54.59:117][  0]LoadErrors: Failed to load /Game/ThirdPersonBP/Animations/Rifle_01/Character/Mesh/M4_Rifle_01 Referenced by FP Hands_GEN_VARIABLE
[2018.04.06-02.54.59:117][  0]LogLinker: Warning: Can't find file for asset '/Game/Rifle_01/Character/Mesh/M4_Rifle_01_Skeleton' while loading C:/Users/Cameron/Documents/GitHub/TwistedFateGame2/TwistedFateGame/Content/ThirdPersonBP/Animations/Rifle_01/Character/Mesh/M4_Rifle_01.uasset.
[2018.04.06-02.54.59:117][  0]LoadErrors: Failed to load /Game/ThirdPersonBP/Animations/Rifle_01/Character/Mesh/M4_Rifle_01 Referenced by FP Hands_GEN_VARIABLE
[2018.04.06-02.54.59:117][  0]LoadErrors: Error: /Game/ThirdPersonBP/Animations/Rifle_01/Character/Mesh/M4_Rifle_01 : Can't find file for asset. /Game/Rifle_01/Character/Mesh/M4_Rifle_01_Skeleton
[2018.04.06-02.54.59:380][  0]LogProperty: Error: UStructProperty::Serialize Loading: Property 'StructProperty /Game/PlayerBuildingSystem/Blueprints/HUD/MasterSegment.MasterSegment_C:ExecuteUbergraph_MasterSegment.CallFunc_Build_Part_Info_Handle_Build_Part_Info'. Unknown structure.
[2018.04.06-02.54.59:381][  0]LogProperty: Error: UStructProperty::Serialize Loading: Property 'StructProperty /Game/PlayerBuildingSystem/Blueprints/BuildingBlueprints/Other/BuildingFunctions.BuildingFunctions_C:Build Part Info Handle.Build Part Info'. Unknown structure.
[2018.04.06-02.54.59:381][  0]LogProperty: Error: UStructProperty::Serialize Loading: Property 'StructProperty /Game/PlayerBuildingSystem/Blueprints/BuildingBlueprints/Other/BuildingFunctions.BuildingFunctions_C:Build Part Info Handle.CallFunc_GetDataTableRowFromName_OutRow'. Unknown structure.
[2018.04.06-02.55.03:151][  0]LogBlueprint: Warning: [Compiler BuildingMenu] Get : 'Inventory HUD M' variable not found. Base class was probably changed. /Game/PlayerBuildingSystem/Blueprints/HUD/BuildingMenu.BuildingMenu
[2018.04.06-02.55.03:152][  0]LogBlueprint: Warning: [Compiler BuildingMenu] Get : 'Inventory HUD M' variable not found. Base class was probably changed. /Game/PlayerBuildingSystem/Blueprints/HUD/BuildingMenu.BuildingMenu
[2018.04.06-02.55.03:152][  0]LogBlueprint: Warning: [Compiler BuildingMenu] Get : 'Inventory HUD M' variable not found. Base class was probably changed. /Game/PlayerBuildingSystem/Blueprints/HUD/BuildingMenu.BuildingMenu
[2018.04.06-02.55.03:152][  0]LogBlueprint: Warning: [Compiler BuildingMenu] Get : 'Inventory HUD M' variable not found. Base class was probably changed. /Game/PlayerBuildingSystem/Blueprints/HUD/BuildingMenu.BuildingMenu
[2018.04.06-02.55.03:152][  0]LogBlueprint: Warning: [Compiler BuildingMenu] Get : 'Inventory HUD M' variable not found. Base class was probably changed. /Game/PlayerBuildingSystem/Blueprints/HUD/BuildingMenu.BuildingMenu
[2018.04.06-02.55.03:161][  0]LogBlueprint: Warning: [Compiler BuildingMenuPage2] Get : 'Inventory HUD M' variable not found. Base class was probably changed. /Game/PlayerBuildingSystem/Blueprints/HUD/BuildingMenuPage2.BuildingMenuPage2
[2018.04.06-02.55.03:161][  0]LogBlueprint: Warning: [Compiler BuildingMenuPage2] Get : 'Inventory HUD M' variable not found. Base class was probably changed. /Game/PlayerBuildingSystem/Blueprints/HUD/BuildingMenuPage2.BuildingMenuPage2
[2018.04.06-02.55.03:161][  0]LogBlueprint: Warning: [Compiler BuildingMenuPage2] Get : 'Inventory HUD M' variable not found. Base class was probably changed. /Game/PlayerBuildingSystem/Blueprints/HUD/BuildingMenuPage2.BuildingMenuPage2
[2018.04.06-02.55.03:161][  0]LogBlueprint: Warning: [Compiler BuildingMenuPage2] Get : 'Inventory HUD M' variable not found. Base class was probably changed. /Game/PlayerBuildingSystem/Blueprints/HUD/BuildingMenuPage2.BuildingMenuPage2
[2018.04.06-02.55.03:161][  0]LogBlueprint: Warning: [Compiler BuildingMenuPage2] Get : 'Inventory HUD M' variable not found. Base class was probably changed. /Game/PlayerBuildingSystem/Blueprints/HUD/BuildingMenuPage2.BuildingMenuPage2
[2018.04.06-02.55.04:415][  0]LogBlueprint: Warning: [Compiler ThirdPersonCharacter] Input Axis Event references unknown Axis 'Turn' for  InputAxis Turn
[2018.04.06-02.55.04:416][  0]LogBlueprint: Warning: [Compiler ThirdPersonCharacter] Input Axis Event references unknown Axis 'LookUp' for  InputAxis LookUp
[2018.04.06-02.55.06:254][  0]LogBlueprint: Warning: [Compiler ThirdPersonCharacter] [0026.92] Compile of ThirdPersonCharacter successful, but with 2 Warning(s) [in 3,697 ms] (/Game/SurvivalInventory/Blueprints/ThirdPersonCharacter.ThirdPersonCharacter)
[2018.04.06-02.55.06:254][  0]LogBlueprint: Warning: [Compiler BuildingMenu] [0026.92] Compile of BuildingMenu successful, but with 5 Warning(s) [in 3,697 ms] (/Game/PlayerBuildingSystem/Blueprints/HUD/BuildingMenu.BuildingMenu)
[2018.04.06-02.55.06:255][  0]LogBlueprint: Warning: [Compiler BuildingMenuPage2] [0026.92] Compile of BuildingMenuPage2 successful, but with 5 Warning(s) [in 3,697 ms] (/Game/PlayerBuildingSystem/Blueprints/HUD/BuildingMenuPage2.BuildingMenuPage2)
[2018.04.06-02.55.06:484][  0]LogLinker: Warning: Can't find file '/Game/Maps/Level_1_BuiltData'
[2018.04.06-02.55.06:484][  0]LogLinker: Warning: Can't find file for asset '/Game/Maps/Level_1_BuiltData' while loading C:/Users/Cameron/Documents/GitHub/TwistedFateGame2/TwistedFateGame/Content/Maps/Level_1.umap.
[2018.04.06-02.55.06:484][  0]LoadErrors: Error: /Game/Maps/Level_1 : Can't find file for asset. /Game/Maps/Level_1_BuiltData
[2018.04.06-02.55.06:705][  0]LogLinker: Warning: Can't find file '/Game/Maps/Level_1_BuiltData'
[2018.04.06-02.55.06:705][  0]LogLinker: Warning: Can't find file for asset '/Game/Maps/Level_1_BuiltData' while loading C:/Users/Cameron/Documents/GitHub/TwistedFateGame2/TwistedFateGame/Content/Maps/Level_1.umap.
[2018.04.06-02.55.06:706][  0]LoadErrors: Error: /Game/Maps/Level_1 : Can't find file for asset. /Game/Maps/Level_1_BuiltData
[2018.04.06-02.55.06:742][  0]LogLinker: Warning: Can't find file '/Game/Maps/Level_1_BuiltData'
[2018.04.06-02.55.06:742][  0]LogLinker: Warning: Can't find file for asset '/Game/Maps/Level_1_BuiltData' while loading NULL.
[2018.04.06-02.55.06:742][  0]LogLinker: Warning: Can't find file '/Game/Maps/Level_1_BuiltData'
[2018.04.06-02.55.06:742][  0]LogLinker: Warning: Can't find file for asset '/Game/Maps/Level_1_BuiltData' while loading NULL.
[2018.04.06-02.55.06:871][  0]LogLinker: Warning: Can't find file '/Game/Maps/Level_1_BuiltData'
[2018.04.06-02.55.06:871][  0]LoadErrors: Failed to load /Game/Maps/Level_1_BuiltData.Level_1_BuiltData Referenced by PersistentLevel
[2018.04.06-02.55.06:871][  0]LogLinker: Warning: Can't find file for asset '/Game/Maps/Level_1_BuiltData' while loading NULL.
[2018.04.06-02.55.06:871][  0]LoadErrors: Failed to load /Game/Maps/Level_1_BuiltData.Level_1_BuiltData Referenced by PersistentLevel
[2018.04.06-02.55.07:996][  0]LogLinker: Warning: Can't find file '/Game/Rifle_01/Character/Mesh/M4_Rifle_01_Skeleton'
[2018.04.06-02.55.07:996][  0]LoadErrors: Failed to load /Game/Rifle_01/Character/Mesh/M4_Rifle_01_Skeleton.M4_Rifle_01_Skeleton Referenced by M4_Rifle_01
[2018.04.06-02.55.07:996][  0]LogLinker: Warning: Can't find file for asset '/Game/Rifle_01/Character/Mesh/M4_Rifle_01_Skeleton' while loading NULL.
[2018.04.06-02.55.07:996][  0]LoadErrors: Failed to load /Game/Rifle_01/Character/Mesh/M4_Rifle_01_Skeleton.M4_Rifle_01_Skeleton Referenced by M4_Rifle_01
[2018.04.06-02.55.07:996][  0]LogLinker: Warning: Can't find file '/Game/Rifle_01/Character/Mesh/M4_Rifle_01_PhysicsAsset'
[2018.04.06-02.55.07:996][  0]LoadErrors: Failed to load /Game/Rifle_01/Character/Mesh/M4_Rifle_01_PhysicsAsset.M4_Rifle_01_PhysicsAsset Referenced by M4_Rifle_01
[2018.04.06-02.55.07:996][  0]LogLinker: Warning: Can't find file for asset '/Game/Rifle_01/Character/Mesh/M4_Rifle_01_PhysicsAsset' while loading NULL.
[2018.04.06-02.55.07:996][  0]LoadErrors: Failed to load /Game/Rifle_01/Character/Mesh/M4_Rifle_01_PhysicsAsset.M4_Rifle_01_PhysicsAsset Referenced by M4_Rifle_01
[2018.04.06-02.55.07:996][  0]LogLinker: Warning: Can't find file '/Game/Rifle_01/Character/Materials/M4_Mat'
[2018.04.06-02.55.07:996][  0]LoadErrors: Failed to load /Game/Rifle_01/Character/Materials/M4_Mat.M4_Mat Referenced by M4_Rifle_01
[2018.04.06-02.55.07:996][  0]LogLinker: Warning: Can't find file for asset '/Game/Rifle_01/Character/Materials/M4_Mat' while loading NULL.
[2018.04.06-02.55.07:996][  0]LoadErrors: Failed to load /Game/Rifle_01/Character/Materials/M4_Mat.M4_Mat Referenced by M4_Rifle_01
[2018.04.06-02.55.12:980][  0]LogAIModule: Creating AISystem for world Level_1
[2018.04.06-02.55.13:120][  0]LogEditorServer: Finished looking for orphan Actors (0.000 secs)
[2018.04.06-02.55.13:391][  0]Cmd: MAP CHECKDEP NOCLEARLOG
[2018.04.06-02.55.13:620][  0]MapCheck: Map check complete: 0 Error(s), 0 Warning(s), took 229.168ms to complete.
[2018.04.06-02.55.13:620][  0]LogFileHelpers: Loading map 'Level_1' took 17.567
[2018.04.06-02.55.13:779][  0]LogCollectionManager: Loaded 0 collections in 0.001581 seconds
[2018.04.06-02.55.13:872][  0]LogFileCache: Scanning file cache for directory 'C:/Users/Cameron/Documents/GitHub/TwistedFateGame2/TwistedFateGame/Saved/Collections/' took 0.01s
[2018.04.06-02.55.13:872][  0]LogFileCache: Scanning file cache for directory 'C:/Users/Cameron/Documents/GitHub/TwistedFateGame2/TwistedFateGame/Content/Developers/Cameron/Collections/' took 0.01s
[2018.04.06-02.55.13:872][  0]LogFileCache: Scanning file cache for directory 'C:/Users/Cameron/Documents/GitHub/TwistedFateGame2/TwistedFateGame/Content/Collections/' took 0.01s
[2018.04.06-02.55.13:872][  0]LogCollectionManager: Rebuilt the GUID cache for 0 collections in 0.000000 seconds
[2018.04.06-02.55.13:880][  0]LogContentBrowser: Native class hierarchy populated in 0.0084 seconds. Added 2372 classes and 524 folders.
[2018.04.06-02.55.13:933][  0]LogContentBrowser: Native class hierarchy updated for 'WidgetCarousel' in 0.0003 seconds. Added 0 classes and 0 folders.
[2018.04.06-02.55.13:983][  0]LogContentBrowser: Native class hierarchy updated for 'AddContentDialog' in 0.0003 seconds. Added 0 classes and 0 folders.
[2018.04.06-02.55.14:022][  0]LogContentBrowser: Native class hierarchy updated for 'SceneOutliner' in 0.0003 seconds. Added 1 classes and 2 folders.
[2018.04.06-02.55.14:178][  0]LogSlate: Took 0.000233 seconds to synchronously load lazily loaded font '../../../Engine/Content/Slate/Fonts/Roboto-Regular.ttf' (155K)
[2018.04.06-02.55.14:180][  0]LogSlate: Took 0.000220 seconds to synchronously load lazily loaded font '../../../Engine/Content/Slate/Fonts/Roboto-Bold.ttf' (160K)
[2018.04.06-02.55.14:184][  0]LogSlate: Took 0.000194 seconds to synchronously load lazily loaded font '../../../Engine/Content/Editor/Slate/Fonts/FontAwesome.ttf' (139K)
[2018.04.06-02.55.14:283][  0]LogRenderer: Reallocating scene render targets to support 1208x576 Format 10 NumSamples 1 (Frame:1).
[2018.04.06-02.55.14:457][  0]LogContentBrowser: Native class hierarchy updated for 'HierarchicalLODOutliner' in 0.0003 seconds. Added 1 classes and 2 folders.
[2018.04.06-02.55.14:457][  0]LogLoad: (Engine Initialization) Total time: 35.12 seconds
[2018.04.06-02.55.14:457][  0]LogLoad: (Engine Initialization) Total Blueprint compile time: 0.00 seconds
[2018.04.06-02.55.14:458][  0]LogExternalProfiler: No external profilers were discovered.  External profiling features will not be available.
[2018.04.06-02.55.14:467][  0]LogWindowsTextInputMethodSystem: Display: IME system now deactivated.
[2018.04.06-02.55.14:472][  0]LogOcInput: OculusInput is initialized
[2018.04.06-02.55.14:545][  0]SourceControl: On branch master
[2018.04.06-02.55.14:545][  0]SourceControl: Your branch is up to date with 'origin/master'.
[2018.04.06-02.55.14:545][  0]SourceControl: Changes not staged for commit:
[2018.04.06-02.55.14:545][  0]SourceControl:   (use "git add <file>..." to update what will be committed)
[2018.04.06-02.55.14:545][  0]SourceControl:   (use "git checkout -- <file>..." to discard changes in working directory)
[2018.04.06-02.55.14:545][  0]SourceControl: 	modified:   TwistedFateGame/Intermediate/AssetRegistryCache/311563bb.bin
[2018.04.06-02.55.14:545][  0]SourceControl: 	modified:   TwistedFateGame/Intermediate/AssetRegistryCache/c90e3f55.bin
[2018.04.06-02.55.14:545][  0]SourceControl: 	modified:   TwistedFateGame/Intermediate/CachedAssetRegistry.bin
[2018.04.06-02.55.14:545][  0]SourceControl: 	modified:   TwistedFateGame/Saved/AutoScreenshot.png
[2018.04.06-02.55.14:545][  0]SourceControl: 	modified:   TwistedFateGame/Saved/Config/Windows/Engine.ini
[2018.04.06-02.55.14:545][  0]SourceControl: 	modified:   TwistedFateGame/Saved/Logs/TwistedFateGame.log
[2018.04.06-02.55.14:545][  0]SourceControl: Untracked files:
[2018.04.06-02.55.14:545][  0]SourceControl:   (use "git add <file>..." to include in what will be committed)
[2018.04.06-02.55.14:545][  0]SourceControl: 	TwistedFateGame/Saved/Config/CrashReportClient/UE4CC-Windows-4906F9A34AC6D49E6650778B3D0B9188/
[2018.04.06-02.55.14:545][  0]SourceControl: 	TwistedFateGame/Saved/Config/CrashReportClient/UE4CC-Windows-7DAA3BD8483E6AB599938082EDA6282B/
[2018.04.06-02.55.14:545][  0]SourceControl: 	TwistedFateGame/Saved/Logs/TwistedFateGame-backup-2018.04.05-22.43.44.log
[2018.04.06-02.55.14:545][  0]SourceControl: 	TwistedFateGame/Saved/Logs/TwistedFateGame-backup-2018.04.05-22.54.40.log
[2018.04.06-02.55.14:545][  0]SourceControl: no changes added to commit (use "git add" and/or "git commit -a")
[2018.04.06-02.55.14:546][  0]LogContentStreaming: Texture pool size now 1000 MB
[2018.04.06-02.55.14:623][  0]LogSlate: Took 0.000202 seconds to synchronously load lazily loaded font '../../../Engine/Content/Slate/Fonts/Roboto-Light.ttf' (159K)
[2018.04.06-02.55.14:833][  3]LogAssetRegistry: Asset discovery search completed in 28.5344 seconds
[2018.04.06-02.55.14:839][  3]LogCollectionManager: Rebuilt the object cache for 0 collections in 0.000000 seconds (found 0 objects)
[2018.04.06-02.55.14:839][  3]LogCollectionManager: Fixed up redirectors for 0 collections in 0.000068 seconds (updated 0 objects)
[2018.04.06-02.55.19:679][420]LogFileCache: Retrieving MD5 hashes for directory 'C:/Users/Cameron/Documents/GitHub/TwistedFateGame2/TwistedFateGame/Content/' took 5.17s
[2018.04.06-02.58.37:002][668]LogWindowsTextInputMethodSystem: Display: IME system now deactivated.
[2018.04.06-02.58.37:181][669]Cmd: QUIT_EDITOR
[2018.04.06-02.58.37:206][669]LogExit: Preparing to exit.
[2018.04.06-02.58.37:706][669]LogExit: Editor shut down
[2018.04.06-02.58.37:710][669]LogExit: Transaction tracking system shut down
[2018.04.06-02.58.37:974][669]LogDirectoryWatcher: A directory notification for '../../../Engine/Content/' was aborted.
[2018.04.06-02.58.37:974][669]LogDirectoryWatcher: A directory notification for 'C:/Users/Cameron/Documents/GitHub/TwistedFateGame2/TwistedFateGame/Content/' was aborted.
[2018.04.06-02.58.37:974][669]LogDirectoryWatcher: A directory notification for '../../../Engine/Plugins/2D/Paper2D/Content/' was aborted.
[2018.04.06-02.58.37:974][669]LogDirectoryWatcher: A directory notification for '../../../Engine/Plugins/Media/MediaCompositing/Content/' was aborted.
[2018.04.06-02.58.37:974][669]LogDirectoryWatcher: A directory notification for '../../../Engine/Plugins/Runtime/AppleARKit/Content/' was aborted.
[2018.04.06-02.58.37:974][669]LogDirectoryWatcher: A directory notification for '../../../Engine/Plugins/Runtime/Oculus/OculusVR/Content/' was aborted.
[2018.04.06-02.58.37:974][669]LogDirectoryWatcher: A directory notification for '../../../Engine/Plugins/Runtime/Steam/SteamVR/Content/' was aborted.
[2018.04.06-02.58.38:087][669]LogExit: Object subsystem successfully closed.
[2018.04.06-02.58.38:111][669]LogD3D11RHI: Shutdown
[2018.04.06-02.58.38:111][669]LogD3D11RHI: CleanupD3DDevice
[2018.04.06-02.58.38:113][669]LogD3D11RHI: ~FD3D11DynamicRHI
[2018.04.06-02.58.38:121][669]LogModuleManager: Shutting down and abandoning module HierarchicalLODOutliner (552)
[2018.04.06-02.58.38:121][669]LogModuleManager: Shutting down and abandoning module SceneOutliner (550)
[2018.04.06-02.58.38:121][669]LogModuleManager: Shutting down and abandoning module AddContentDialog (548)
[2018.04.06-02.58.38:121][669]LogDirectoryWatcher: A directory notification for 'E:/UE_4.18/FeaturePacks/' was aborted.
[2018.04.06-02.58.38:122][669]LogModuleManager: Shutting down and abandoning module WidgetCarousel (547)
[2018.04.06-02.58.38:122][669]LogModuleManager: Shutting down and abandoning module EditorWidgets (544)
[2018.04.06-02.58.38:122][669]LogModuleManager: Shutting down and abandoning module CollectionManager (542)
[2018.04.06-02.58.38:122][669]LogDirectoryWatcher: A directory notification for 'C:/Users/Cameron/Documents/GitHub/TwistedFateGame2/TwistedFateGame/Content/Collections/' was aborted.
[2018.04.06-02.58.38:122][669]LogDirectoryWatcher: A directory notification for 'C:/Users/Cameron/Documents/GitHub/TwistedFateGame2/TwistedFateGame/Content/Developers/Cameron/Collections/' was aborted.
[2018.04.06-02.58.38:122][669]LogDirectoryWatcher: A directory notification for 'C:/Users/Cameron/Documents/GitHub/TwistedFateGame2/TwistedFateGame/Saved/Collections/' was aborted.
[2018.04.06-02.58.38:122][669]LogModuleManager: Shutting down and abandoning module StatsViewer (540)
[2018.04.06-02.58.38:122][669]LogModuleManager: Shutting down and abandoning module FoliageEdit (538)
[2018.04.06-02.58.38:122][669]LogModuleManager: Shutting down and abandoning module LandscapeEditor (536)
[2018.04.06-02.58.38:122][669]LogModuleManager: Shutting down and abandoning module MeshPaintMode (534)
[2018.04.06-02.58.38:122][669]LogModuleManager: Shutting down and abandoning module SceneDepthPickerMode (532)
[2018.04.06-02.58.38:122][669]LogModuleManager: Shutting down and abandoning module ActorPickerMode (530)
[2018.04.06-02.58.38:122][669]LogModuleManager: Shutting down and abandoning module GeometryMode (528)
[2018.04.06-02.58.38:122][669]LogModuleManager: Shutting down and abandoning module TextureAlignMode (526)
[2018.04.06-02.58.38:122][669]LogModuleManager: Shutting down and abandoning module BspMode (524)
[2018.04.06-02.58.38:122][669]LogModuleManager: Shutting down and abandoning module PIEPreviewDeviceProfileSelector (522)
[2018.04.06-02.58.38:122][669]LogModuleManager: Shutting down and abandoning module HardwareSurvey (520)
[2018.04.06-02.58.38:122][669]LogModuleManager: Shutting down and abandoning module SequenceRecorderSections (518)
[2018.04.06-02.58.38:122][669]LogModuleManager: Shutting down and abandoning module AutomationWorker (516)
[2018.04.06-02.58.38:122][669]LogModuleManager: Shutting down and abandoning module MatineeToLevelSequence (514)
[2018.04.06-02.58.38:122][669]LogModuleManager: Shutting down and abandoning module LevelSequenceEditor (512)
[2018.04.06-02.58.38:122][669]LogModuleManager: Shutting down and abandoning module PlacementMode (511)
[2018.04.06-02.58.38:122][669]LogModuleManager: Shutting down and abandoning module WmfMediaFactory (508)
[2018.04.06-02.58.38:122][669]LogModuleManager: Shutting down and abandoning module WmfMediaEditor (506)
[2018.04.06-02.58.38:122][669]LogModuleManager: Shutting down and abandoning module OpenExrWrapper (504)
[2018.04.06-02.58.38:122][669]LogModuleManager: Shutting down and abandoning module ImgMediaFactory (502)
[2018.04.06-02.58.38:122][669]LogModuleManager: Shutting down and abandoning module ImgMediaEditor (500)
[2018.04.06-02.58.38:122][669]LogModuleManager: Shutting down and abandoning module AvfMediaFactory (498)
[2018.04.06-02.58.38:123][669]LogModuleManager: Shutting down and abandoning module AvfMediaEditor (496)
[2018.04.06-02.58.38:123][669]LogModuleManager: Shutting down and abandoning module AndroidMediaFactory (494)
[2018.04.06-02.58.38:123][669]LogModuleManager: Shutting down and abandoning module AndroidMediaEditor (492)
[2018.04.06-02.58.38:123][669]LogModuleManager: Shutting down and abandoning module CharacterAI (490)
[2018.04.06-02.58.38:123][669]LogModuleManager: Shutting down and abandoning module AudioCapture (488)
[2018.04.06-02.58.38:123][669]LogModuleManager: Shutting down and abandoning module SequenceRecorder (487)
[2018.04.06-02.58.38:123][669]LogModuleManager: Shutting down and abandoning module SmartSnapping (484)
[2018.04.06-02.58.38:123][669]LogModuleManager: Shutting down and abandoning module SessionServices (482)
[2018.04.06-02.58.38:123][669]LogModuleManager: Shutting down and abandoning module ViewportSnapping (480)
[2018.04.06-02.58.38:123][669]LogModuleManager: Shutting down and abandoning module ViewportInteraction (478)
[2018.04.06-02.58.38:123][669]LogModuleManager: Shutting down and abandoning module ClothPainter (476)
[2018.04.06-02.58.38:123][669]LogModuleManager: Shutting down and abandoning module SkeletalMeshEditor (475)
[2018.04.06-02.58.38:123][669]LogModuleManager: Shutting down and abandoning module LogVisualizer (472)
[2018.04.06-02.58.38:123][669]LogModuleManager: Shutting down and abandoning module IntroTutorials (470)
[2018.04.06-02.58.38:123][669]LogModuleManager: Shutting down and abandoning module GameProjectGeneration (469)
[2018.04.06-02.58.38:123][669]LogModuleManager: Shutting down and abandoning module IOSPlatformEditor (466)
[2018.04.06-02.58.38:123][669]LogModuleManager: Shutting down and abandoning module HTML5PlatformEditor (464)
[2018.04.06-02.58.38:123][669]LogModuleManager: Shutting down and abandoning module AndroidPlatformEditor (462)
[2018.04.06-02.58.38:123][669]LogModuleManager: Shutting down and abandoning module AndroidDeviceDetection (461)
[2018.04.06-02.58.38:586][669]LogModuleManager: Shutting down and abandoning module WindowsPlatformEditor (458)
[2018.04.06-02.58.38:586][669]LogModuleManager: Shutting down and abandoning module IOSRuntimeSettings (456)
[2018.04.06-02.58.38:586][669]LogModuleManager: Shutting down and abandoning module AndroidRuntimeSettings (454)
[2018.04.06-02.58.38:586][669]LogModuleManager: Shutting down and abandoning module InputBindingEditor (452)
[2018.04.06-02.58.38:586][669]LogModuleManager: Shutting down and abandoning module MergeActors (450)
[2018.04.06-02.58.38:586][669]LogModuleManager: Shutting down and abandoning module SizeMap (448)
[2018.04.06-02.58.38:586][669]LogModuleManager: Shutting down and abandoning module TreeMap (446)
[2018.04.06-02.58.38:586][669]LogModuleManager: Shutting down and abandoning module ReferenceViewer (444)
[2018.04.06-02.58.38:586][669]LogModuleManager: Shutting down and abandoning module LocalizationDashboard (442)
[2018.04.06-02.58.38:586][669]LogModuleManager: Shutting down and abandoning module LocalizationService (441)
[2018.04.06-02.58.38:586][669]LogModuleManager: Shutting down and abandoning module HardwareTargeting (438)
[2018.04.06-02.58.38:586][669]LogModuleManager: Shutting down and abandoning module DeviceProfileEditor (436)
[2018.04.06-02.58.38:586][669]LogModuleManager: Shutting down and abandoning module UndoHistory (434)
[2018.04.06-02.58.38:586][669]LogModuleManager: Shutting down and abandoning module XmlParser (432)
[2018.04.06-02.58.38:586][669]LogModuleManager: Shutting down and abandoning module Blutility (430)
[2018.04.06-02.58.38:586][669]LogModuleManager: Shutting down and abandoning module ProjectSettingsViewer (428)
[2018.04.06-02.58.38:586][669]LogModuleManager: Shutting down and abandoning module ProjectTargetPlatformEditor (427)
[2018.04.06-02.58.38:586][669]LogModuleManager: Shutting down and abandoning module EditorSettingsViewer (424)
[2018.04.06-02.58.38:586][669]LogModuleManager: Shutting down and abandoning module SettingsEditor (422)
[2018.04.06-02.58.38:586][669]LogModuleManager: Shutting down and abandoning module ProjectLauncher (420)
[2018.04.06-02.58.38:587][669]LogModuleManager: Shutting down and abandoning module SessionFrontend (418)
[2018.04.06-02.58.38:587][669]LogModuleManager: Shutting down and abandoning module ProfilerClient (416)
[2018.04.06-02.58.38:587][669]LogModuleManager: Shutting down and abandoning module DeviceManager (414)
[2018.04.06-02.58.38:587][669]LogModuleManager: Shutting down and abandoning module TargetDeviceServices (413)
[2018.04.06-02.58.38:640][669]LogModuleManager: Shutting down and abandoning module AutomationController (410)
[2018.04.06-02.58.38:640][669]LogModuleManager: Shutting down and abandoning module AutomationWindow (408)
[2018.04.06-02.58.38:640][669]LogModuleManager: Shutting down and abandoning module Layers (406)
[2018.04.06-02.58.38:640][669]LogModuleManager: Shutting down and abandoning module ComponentVisualizers (404)
[2018.04.06-02.58.38:640][669]LogModuleManager: Shutting down and abandoning module DetailCustomizations (402)
[2018.04.06-02.58.38:640][669]LogModuleManager: Shutting down and abandoning module PackagesDialog (400)
[2018.04.06-02.58.38:640][669]LogModuleManager: Shutting down and abandoning module Persona (398)
[2018.04.06-02.58.38:640][669]LogModuleManager: Shutting down and abandoning module AdvancedPreviewScene (397)
[2018.04.06-02.58.38:640][669]LogModuleManager: Shutting down and abandoning module AnimGraph (395)
[2018.04.06-02.58.38:640][669]LogModuleManager: Shutting down and abandoning module Kismet (392)
[2018.04.06-02.58.38:662][669]LogModuleManager: Shutting down and abandoning module ClassViewer (390)
[2018.04.06-02.58.38:662][669]LogModuleManager: Shutting down and abandoning module Toolbox (388)
[2018.04.06-02.58.38:662][669]LogModuleManager: Shutting down and abandoning module ModuleUI (386)
[2018.04.06-02.58.38:662][669]LogModuleManager: Shutting down and abandoning module MovieSceneTools (384)
[2018.04.06-02.58.38:662][669]LogModuleManager: Shutting down and abandoning module OutputLog (382)
[2018.04.06-02.58.38:662][669]LogModuleManager: Shutting down and abandoning module GammaUI (380)
[2018.04.06-02.58.38:662][669]LogModuleManager: Shutting down and abandoning module Documentation (378)
[2018.04.06-02.58.38:662][669]LogModuleManager: Shutting down and abandoning module MovieSceneTracks (376)
[2018.04.06-02.58.38:662][669]LogModuleManager: Shutting down and abandoning module MovieScene (374)
[2018.04.06-02.58.38:662][669]LogModuleManager: Shutting down and abandoning module StreamingPauseRendering (372)
[2018.04.06-02.58.38:662][669]LogModuleManager: Shutting down and abandoning module LauncherPlatform (370)
[2018.04.06-02.58.38:662][669]LogModuleManager: Shutting down and abandoning module AnalyticsET (368)
[2018.04.06-02.58.38:662][669]LogModuleManager: Shutting down and abandoning module PortalServices (366)
[2018.04.06-02.58.38:662][669]LogModuleManager: Shutting down and abandoning module PortalRpc (364)
[2018.04.06-02.58.38:662][669]LogModuleManager: Shutting down and abandoning module MessagingRpc (362)
[2018.04.06-02.58.38:663][669]LogModuleManager: Shutting down and abandoning module AIModule (360)
[2018.04.06-02.58.38:663][669]LogModuleManager: Shutting down and abandoning module GameplayDebugger (359)
[2018.04.06-02.58.38:663][669]LogModuleManager: Shutting down and abandoning module AITestSuite (357)
[2018.04.06-02.58.38:663][669]LogModuleManager: Shutting down and abandoning module DesktopPlatform (354)
[2018.04.06-02.58.38:663][669]LogModuleManager: Shutting down and abandoning module ProfilerService (352)
[2018.04.06-02.58.38:697][669]LogModuleManager: Shutting down and abandoning module TaskGraph (350)
[2018.04.06-02.58.38:697][669]LogModuleManager: Shutting down and abandoning module SteamVRController (348)
[2018.04.06-02.58.38:697][669]LogModuleManager: Shutting down and abandoning module ProceduralMeshComponentEditor (346)
[2018.04.06-02.58.38:697][669]LogModuleManager: Shutting down and abandoning module ProceduralMeshComponent (344)
[2018.04.06-02.58.38:697][669]LogModuleManager: Shutting down and abandoning module OculusInput (342)
[2018.04.06-02.58.38:697][669]LogModuleManager: Shutting down and abandoning module MobilePatchingUtils (340)
[2018.04.06-02.58.38:697][669]LogModuleManager: Shutting down and abandoning module CustomMeshComponent (338)
[2018.04.06-02.58.38:697][669]LogModuleManager: Shutting down and abandoning module CableComponent (336)
[2018.04.06-02.58.38:697][669]LogModuleManager: Shutting down and abandoning module ArchVisCharacter (334)
[2018.04.06-02.58.38:697][669]LogModuleManager: Shutting down and abandoning module AndroidPermission (332)
[2018.04.06-02.58.38:697][669]LogModuleManager: Shutting down and abandoning module ActorSequence (328)
[2018.04.06-02.58.38:697][669]LogModuleManager: Shutting down and abandoning module MediaPlayerEditor (326)
[2018.04.06-02.58.38:697][669]LogModuleManager: Shutting down and abandoning module MediaCompositingEditor (324)
[2018.04.06-02.58.38:697][669]LogModuleManager: Shutting down and abandoning module MediaCompositing (322)
[2018.04.06-02.58.38:697][669]LogModuleManager: Shutting down and abandoning module HTML5Networking (320)
[2018.04.06-02.58.38:697][669]LogModuleManager: Shutting down and abandoning module AlembicImporter (318)
[2018.04.06-02.58.38:697][669]LogModuleManager: Shutting down and abandoning module AlembicLibrary (317)
[2018.04.06-02.58.38:697][669]LogModuleManager: Shutting down and abandoning module GeometryCache (316)
[2018.04.06-02.58.38:697][669]LogModuleManager: Shutting down and abandoning module GeometryCacheEd (315)
[2018.04.06-02.58.38:697][669]LogModuleManager: Shutting down and abandoning module SpeedTreeImporter (310)
[2018.04.06-02.58.38:697][669]LogModuleManager: Shutting down and abandoning module PluginBrowser (308)
[2018.04.06-02.58.38:697][669]LogModuleManager: Shutting down and abandoning module MobileLauncherProfileWizard (306)
[2018.04.06-02.58.38:697][669]LogModuleManager: Shutting down and abandoning module VisualStudioSourceCodeAccess (304)
[2018.04.06-02.58.38:697][669]LogModuleManager: Shutting down and abandoning module VisualStudioCodeSourceCodeAccess (302)
[2018.04.06-02.58.38:697][669]LogModuleManager: Shutting down and abandoning module UObjectPlugin (300)
[2018.04.06-02.58.38:698][669]LogModuleManager: Shutting down and abandoning module SubversionSourceControl (298)
[2018.04.06-02.58.38:698][669]LogModuleManager: Shutting down and abandoning module PerforceSourceControl (296)
[2018.04.06-02.58.38:698][669]LogModuleManager: Shutting down and abandoning module GitSourceControl (294)
[2018.04.06-02.58.38:698][669]LogModuleManager: Shutting down and abandoning module SourceControl (293)
[2018.04.06-02.58.38:698][669]LogModuleManager: Shutting down and abandoning module LightPropagationVolumeEditor (290)
[2018.04.06-02.58.38:698][669]LogModuleManager: Shutting down and abandoning module PaperTiledImporter (288)
[2018.04.06-02.58.38:698][669]LogModuleManager: Shutting down and abandoning module PaperSpriteSheetImporter (286)
[2018.04.06-02.58.38:698][669]LogModuleManager: Shutting down and abandoning module Paper2DEditor (284)
[2018.04.06-02.58.38:698][669]LogModuleManager: Shutting down and abandoning module MeshPaint (283)
[2018.04.06-02.58.38:698][669]LogModuleManager: Shutting down and abandoning module LevelEditor (281)
[2018.04.06-02.58.38:699][669]LogModuleManager: Shutting down and abandoning module PixelInspectorModule (280)
[2018.04.06-02.58.38:699][669]LogModuleManager: Shutting down and abandoning module MainFrame (278)
[2018.04.06-02.58.38:699][669]LogModuleManager: Shutting down and abandoning module HotReload (277)
[2018.04.06-02.58.38:699][669]LogModuleManager: Shutting down and abandoning module RuntimePhysXCooking (272)
[2018.04.06-02.58.38:699][669]LogModuleManager: Shutting down and abandoning module PhysXVehiclesEditor (270)
[2018.04.06-02.58.38:699][669]LogModuleManager: Shutting down and abandoning module PhysXVehicles (268)
[2018.04.06-02.58.38:699][669]LogModuleManager: Shutting down and abandoning module OculusEditor (266)
[2018.04.06-02.58.38:699][669]LogModuleManager: Shutting down and abandoning module LocationServicesBPLibrary (264)
[2018.04.06-02.58.38:699][669]LogModuleManager: Shutting down and abandoning module ImmediatePhysicsEditor (262)
[2018.04.06-02.58.38:699][669]LogModuleManager: Shutting down and abandoning module ImmediatePhysics (260)
[2018.04.06-02.58.38:699][669]LogModuleManager: Shutting down and abandoning module ApexDestructionEditor (258)
[2018.04.06-02.58.38:699][669]LogModuleManager: Shutting down and abandoning module ApexDestruction (256)
[2018.04.06-02.58.38:699][669]LogModuleManager: Shutting down and abandoning module UdpMessaging (254)
[2018.04.06-02.58.38:800][669]LogModuleManager: Shutting down and abandoning module TcpMessaging (252)
[2018.04.06-02.58.38:901][669]LogModuleManager: Shutting down and abandoning module GameplayTagsEditor (250)
[2018.04.06-02.58.38:901][669]LogModuleManager: Shutting down and abandoning module FacialAnimationEditor (248)
[2018.04.06-02.58.38:901][669]LogModuleManager: Shutting down and abandoning module FacialAnimation (246)
[2018.04.06-02.58.38:901][669]LogModuleManager: Shutting down and abandoning module AssetManagerEditor (244)
[2018.04.06-02.58.38:901][669]LogModuleManager: Shutting down and abandoning module GraphEditor (243)
[2018.04.06-02.58.38:901][669]LogModuleManager: Shutting down and abandoning module ContentBrowser (241)
[2018.04.06-02.58.38:902][669]LogModuleManager: Shutting down and abandoning module LightPropagationVolumeRuntime (238)
[2018.04.06-02.58.38:902][669]LogModuleManager: Shutting down and abandoning module Paper2D (236)
[2018.04.06-02.58.38:902][669]LogModuleManager: Shutting down and abandoning module WindowsMoviePlayer (234)
[2018.04.06-02.58.38:902][669]LogModuleManager: Shutting down and abandoning module WmfMedia (232)
[2018.04.06-02.58.38:904][669]LogModuleManager: Shutting down and abandoning module ImgMedia (230)
[2018.04.06-02.58.38:904][669]LogModuleManager: Shutting down and abandoning module PacketHandler (228)
[2018.04.06-02.58.38:904][669]LogModuleManager: Shutting down and abandoning module ClothingSystemEditor (226)
[2018.04.06-02.58.38:904][669]LogModuleManager: Shutting down and abandoning module ClothingSystemRuntime (224)
[2018.04.06-02.58.38:904][669]LogModuleManager: Shutting down and abandoning module MediaAssets (222)
[2018.04.06-02.58.38:905][669]LogModuleManager: Shutting down and abandoning module Media (221)
[2018.04.06-02.58.38:911][669]LogModuleManager: Shutting down and abandoning module Overlay (218)
[2018.04.06-02.58.38:911][669]LogModuleManager: Shutting down and abandoning module OverlayEditor (217)
[2018.04.06-02.58.38:911][669]LogModuleManager: Shutting down and abandoning module VREditor (214)
[2018.04.06-02.58.38:911][669]LogModuleManager: Shutting down and abandoning module StringTableEditor (212)
[2018.04.06-02.58.38:911][669]LogModuleManager: Shutting down and abandoning module GameplayTasksEditor (210)
[2018.04.06-02.58.38:911][669]LogModuleManager: Shutting down and abandoning module BehaviorTreeEditor (208)
[2018.04.06-02.58.38:911][669]LogModuleManager: Shutting down and abandoning module FunctionalTesting (206)
[2018.04.06-02.58.38:911][669]LogModuleManager: Shutting down and abandoning module CollisionAnalyzer (204)
[2018.04.06-02.58.38:912][669]LogModuleManager: Shutting down and abandoning module WorkspaceMenuStructure (203)
[2018.04.06-02.58.38:912][669]LogModuleManager: Shutting down and abandoning module UMG (200)
[2018.04.06-02.58.38:912][669]LogModuleManager: Shutting down and abandoning module UMGEditor (199)
[2018.04.06-02.58.38:912][669]LogModuleManager: Shutting down and abandoning module Sequencer (198)
[2018.04.06-02.58.38:912][669]LogModuleManager: Shutting down and abandoning module MessageLog (195)
[2018.04.06-02.58.38:912][669]LogModuleManager: Shutting down and abandoning module SlateReflector (190)
[2018.04.06-02.58.38:912][669]LogModuleManager: Shutting down and abandoning module Slate (188)
[2018.04.06-02.58.38:912][669]LogModuleManager: Shutting down and abandoning module EditorStyle (186)
[2018.04.06-02.58.38:914][669]LogModuleManager: Shutting down and abandoning module MRMesh (184)
[2018.04.06-02.58.38:914][669]LogModuleManager: Shutting down and abandoning module SourceCodeAccess (182)
[2018.04.06-02.58.38:914][669]LogModuleManager: Shutting down and abandoning module HeadMountedDisplay (180)
[2018.04.06-02.58.38:914][669]LogModuleManager: Shutting down and abandoning module XAudio2 (178)
[2018.04.06-02.58.38:914][669]LogModuleManager: Shutting down and abandoning module Networking (176)
[2018.04.06-02.58.38:914][669]LogModuleManager: Shutting down and abandoning module Core (172)
[2018.04.06-02.58.38:914][669]LogModuleManager: Shutting down and abandoning module LevelSequence (168)
[2018.04.06-02.58.38:914][669]LogModuleManager: Shutting down and abandoning module DirectoryWatcher (166)
[2018.04.06-02.58.38:915][669]LogModuleManager: Shutting down and abandoning module KismetCompiler (164)
[2018.04.06-02.58.38:915][669]LogModuleManager: Shutting down and abandoning module MeshUtilities (162)
[2018.04.06-02.58.38:915][669]LogModuleManager: Shutting down and abandoning module MeshMergeUtilities (161)
[2018.04.06-02.58.38:915][669]LogModuleManager: Shutting down and abandoning module MeshReductionInterface (160)
[2018.04.06-02.58.38:915][669]LogModuleManager: Shutting down and abandoning module SimplygonSwarm (159)
[2018.04.06-02.58.38:915][669]LogModuleManager: Shutting down and abandoning module SimplygonMeshReduction (157)
[2018.04.06-02.58.38:915][669]LogModuleManager: Shutting down and abandoning module QuadricMeshReduction (155)
[2018.04.06-02.58.38:915][669]LogModuleManager: Shutting down and abandoning module MaterialBaking (151)
[2018.04.06-02.58.38:915][669]LogModuleManager: Shutting down and abandoning module DerivedDataCache (148)
[2018.04.06-02.58.38:990][669]LogDerivedDataCache: Shutdown
[2018.04.06-02.58.38:990][669]LogModuleManager: Shutting down and abandoning module TargetPlatform (146)
[2018.04.06-02.58.38:990][669]LogModuleManager: Shutting down and abandoning module VulkanShaderFormat (145)
[2018.04.06-02.58.38:990][669]LogModuleManager: Shutting down and abandoning module ShaderFormatVectorVM (143)
[2018.04.06-02.58.38:990][669]LogModuleManager: Shutting down and abandoning module ShaderFormatOpenGL (141)
[2018.04.06-02.58.38:990][669]LogModuleManager: Shutting down and abandoning module ShaderFormatD3D (139)
[2018.04.06-02.58.38:990][669]LogModuleManager: Shutting down and abandoning module MetalShaderFormat (137)
[2018.04.06-02.58.38:990][669]LogModuleManager: Shutting down and abandoning module TextureFormatUncompressed (135)
[2018.04.06-02.58.38:990][669]LogModuleManager: Shutting down and abandoning module TextureFormatPVR (133)
[2018.04.06-02.58.38:990][669]LogModuleManager: Shutting down and abandoning module TextureFormatDXT (131)
[2018.04.06-02.58.38:990][669]LogModuleManager: Shutting down and abandoning module TextureFormatIntelISPCTexComp (129)
[2018.04.06-02.58.38:990][669]LogModuleManager: Shutting down and abandoning module TextureFormatASTC (127)
[2018.04.06-02.58.38:990][669]LogModuleManager: Shutting down and abandoning module ImageWrapper (126)
[2018.04.06-02.58.38:990][669]LogModuleManager: Shutting down and abandoning module TextureFormatAndroid (123)
[2018.04.06-02.58.38:990][669]LogModuleManager: Shutting down and abandoning module AudioFormatOpus (121)
[2018.04.06-02.58.38:990][669]LogModuleManager: Shutting down and abandoning module AudioFormatOgg (119)
[2018.04.06-02.58.38:990][669]LogModuleManager: Shutting down and abandoning module AudioFormatADPCM (117)
[2018.04.06-02.58.38:990][669]LogModuleManager: Shutting down and abandoning module LinuxTargetPlatform (115)
[2018.04.06-02.58.38:991][669]LogModuleManager: Shutting down and abandoning module LinuxServerTargetPlatform (113)
[2018.04.06-02.58.38:991][669]LogModuleManager: Shutting down and abandoning module LinuxNoEditorTargetPlatform (111)
[2018.04.06-02.58.38:991][669]LogModuleManager: Shutting down and abandoning module LinuxClientTargetPlatform (109)
[2018.04.06-02.58.38:991][669]LogModuleManager: Shutting down and abandoning module TVOSTargetPlatform (107)
[2018.04.06-02.58.38:991][669]LogModuleManager: Shutting down and abandoning module Messaging (105)
[2018.04.06-02.58.38:991][669]LogModuleManager: Shutting down and abandoning module IOSTargetPlatform (103)
[2018.04.06-02.58.38:991][669]LogModuleManager: Shutting down and abandoning module HTML5TargetPlatform (101)
[2018.04.06-02.58.38:991][669]LogModuleManager: Shutting down and abandoning module AndroidTargetPlatform (99)
[2018.04.06-02.58.38:991][669]LogModuleManager: Shutting down and abandoning module Android_PVRTCTargetPlatform (97)
[2018.04.06-02.58.38:991][669]LogModuleManager: Shutting down and abandoning module Android_MultiTargetPlatform (95)
[2018.04.06-02.58.38:991][669]LogModuleManager: Shutting down and abandoning module Android_ETC2TargetPlatform (93)
[2018.04.06-02.58.38:991][669]LogModuleManager: Shutting down and abandoning module Android_ETC1TargetPlatform (91)
[2018.04.06-02.58.38:991][669]LogModuleManager: Shutting down and abandoning module Android_DXTTargetPlatform (89)
[2018.04.06-02.58.38:991][669]LogModuleManager: Shutting down and abandoning module Android_ATCTargetPlatform (87)
[2018.04.06-02.58.38:991][669]LogModuleManager: Shutting down and abandoning module Android_ASTCTargetPlatform (85)
[2018.04.06-02.58.38:991][669]LogModuleManager: Shutting down and abandoning module WindowsTargetPlatform (83)
[2018.04.06-02.58.38:991][669]LogModuleManager: Shutting down and abandoning module WindowsServerTargetPlatform (81)
[2018.04.06-02.58.38:991][669]LogModuleManager: Shutting down and abandoning module WindowsNoEditorTargetPlatform (79)
[2018.04.06-02.58.38:991][669]LogModuleManager: Shutting down and abandoning module WindowsClientTargetPlatform (77)
[2018.04.06-02.58.38:991][669]LogModuleManager: Shutting down and abandoning module MacTargetPlatform (75)
[2018.04.06-02.58.38:991][669]LogModuleManager: Shutting down and abandoning module MacServerTargetPlatform (73)
[2018.04.06-02.58.38:991][669]LogModuleManager: Shutting down and abandoning module MacNoEditorTargetPlatform (71)
[2018.04.06-02.58.38:991][669]LogModuleManager: Shutting down and abandoning module MacClientTargetPlatform (69)
[2018.04.06-02.58.38:991][669]LogModuleManager: Shutting down and abandoning module AllDesktopTargetPlatform (67)
[2018.04.06-02.58.38:992][669]LogModuleManager: Shutting down and abandoning module InputCore (64)
[2018.04.06-02.58.38:992][669]LogModuleManager: Shutting down and abandoning module Settings (62)
[2018.04.06-02.58.38:992][669]LogModuleManager: Shutting down and abandoning module PhysXCooking (60)
[2018.04.06-02.58.38:992][669]LogModuleManager: Shutting down and abandoning module SteamVR (58)
[2018.04.06-02.58.38:992][669]LogModuleManager: Shutting down and abandoning module OculusHMD (56)
[2018.04.06-02.58.38:992][669]LogModuleManager: Shutting down and abandoning module ExampleDeviceProfileSelector (54)
[2018.04.06-02.58.38:992][669]LogModuleManager: Shutting down and abandoning module AppleARKit (52)
[2018.04.06-02.58.38:992][669]LogModuleManager: Shutting down and abandoning module AugmentedReality (51)
[2018.04.06-02.58.38:992][669]LogModuleManager: Shutting down and abandoning module OnlineBlueprintSupport (48)
[2018.04.06-02.58.38:992][669]LogModuleManager: Shutting down and abandoning module OnlineSubsystem (44)
[2018.04.06-02.58.38:992][669]LogModuleManager: Shutting down and abandoning module XMPP (43)
[2018.04.06-02.58.38:992][669]LogModuleManager: Shutting down and abandoning module HTTP (41)
[2018.04.06-02.58.38:992][669]LogHttp: Display: Http module shutting down, but needs to wait on 1 outstanding Http requests:
[2018.04.06-02.58.38:992][669]LogHttp: Display: 	verb=[POST] url=[https://datarouter.ol.epicgames.com/datarouter/api/v1/public/data?SessionID=%7B06593DD8-4627-A69C-EC1B-B9A05671976E%7D&AppID=UEEditor.Rocket.Release&AppVersion=4.18.3-3832480%2B%2B%2BUE4%2BRelease-4.18&UserID=53b19e1a4c66008f887ef79341d17316%7Cd5951a104dca4ad0a06bb7043cc25760%7C10cd45eb-d778-418f-954e-16fdba5101c0&AppEnvironment=datacollector-binary&UploadType=eteventstream] status=Processing
[2018.04.06-02.58.38:998][669]LogModuleManager: Shutting down and abandoning module SSL (40)
[2018.04.06-02.58.39:000][669]LogModuleManager: Shutting down and abandoning module AnimationModifiers (36)
[2018.04.06-02.58.39:000][669]LogModuleManager: Shutting down and abandoning module PropertyEditor (35)
[2018.04.06-02.58.39:000][669]LogModuleManager: Shutting down and abandoning module AudioEditor (32)
[2018.04.06-02.58.39:000][669]LogModuleManager: Shutting down and abandoning module TextureCompressor (30)
[2018.04.06-02.58.39:000][669]LogModuleManager: Shutting down and abandoning module ShaderCore (28)
[2018.04.06-02.58.39:000][669]LogModuleManager: Shutting down and abandoning module Landscape (26)
[2018.04.06-02.58.39:000][669]LogModuleManager: Shutting down and abandoning module SlateRHIRenderer (24)
[2018.04.06-02.58.39:001][669]LogModuleManager: Shutting down and abandoning module OpenGLDrv (22)
[2018.04.06-02.58.39:001][669]LogModuleManager: Shutting down and abandoning module D3D11RHI (20)
[2018.04.06-02.58.39:001][669]LogModuleManager: Shutting down and abandoning module AnimGraphRuntime (18)
[2018.04.06-02.58.39:001][669]LogModuleManager: Shutting down and abandoning module Renderer (16)
[2018.04.06-02.58.39:001][669]LogModuleManager: Shutting down and abandoning module Engine (14)
[2018.04.06-02.58.39:001][669]LogModuleManager: Shutting down and abandoning module CoreUObject (12)
[2018.04.06-02.58.39:001][669]LogModuleManager: Shutting down and abandoning module NetworkFile (10)
[2018.04.06-02.58.39:001][669]LogModuleManager: Shutting down and abandoning module CookedIterativeFile (8)
[2018.04.06-02.58.39:001][669]LogModuleManager: Shutting down and abandoning module StreamingFile (6)
[2018.04.06-02.58.39:001][669]LogModuleManager: Shutting down and abandoning module SandboxFile (4)
[2018.04.06-02.58.39:001][669]LogModuleManager: Shutting down and abandoning module PakFile (2)
[2018.04.06-02.58.39:005][669]LogExit: Exiting.
[2018.04.06-02.58.39:030][669]Log file closed, 04/05/18 22:58:39
