Log file open, 03/22/18 22:37:02
LogWindows: Failed to load 'aqProf.dll' (GetLastError=126)
LogWindows: File 'aqProf.dll' does not exist
LogWindows: Failed to load 'VSPerf140.dll' (GetLastError=126)
LogWindows: File 'VSPerf140.dll' does not exist
LogWindows: Failed to load 'VtuneApi.dll' (GetLastError=126)
LogWindows: File 'VtuneApi.dll' does not exist
LogWindows: Failed to load 'VtuneApi32e.dll' (GetLastError=126)
LogWindows: File 'VtuneApi32e.dll' does not exist
LogInit: Display: Running engine for game: TwistedFateGame
LogPlatformFile: Not using cached read wrapper
LogInit: Display: RandInit(1489018214) SRandInit(1489018214).
LogInit: Read version file with build ID '3709383'
LogInit: Overriding engine version to CL 3832480, compatible CL 3709383
LogInit: Registered custom module enumerator with build ID '3709383'
LogTaskGraph: Started task graph with 5 named threads and 14 total threads with 3 sets of task threads.
LogStats: Stats thread started at 0.180239
LogD3D11RHI: Aftermath initialized
LogModuleManager: Display: Found up-to-date module file ../../../Engine/Plugins/2D/Paper2D/Binaries/Win64/UE4Editor-Paper2D.dll (API version 3709383).
LogModuleManager: Display: Found up-to-date module file ../../../Engine/Plugins/2D/Paper2D/Binaries/Win64/UE4Editor-Paper2DEditor.dll (API version 3709383).
LogModuleManager: Display: Found up-to-date module file ../../../Engine/Plugins/2D/Paper2D/Binaries/Win64/UE4Editor-PaperSpriteSheetImporter.dll (API version 3709383).
LogModuleManager: Display: Found up-to-date module file ../../../Engine/Plugins/2D/Paper2D/Binaries/Win64/UE4Editor-PaperTiledImporter.dll (API version 3709383).
LogModuleManager: Display: Found up-to-date module file ../../../Engine/Plugins/2D/Paper2D/Binaries/Win64/UE4Editor-SmartSnapping.dll (API version 3709383).
LogModuleManager: Display: Found up-to-date module file ../../../Engine/Plugins/Blendables/LightPropagationVolume/Binaries/Win64/UE4Editor-LightPropagationVolumeRuntime.dll (API version 3709383).
LogModuleManager: Display: Found up-to-date module file ../../../Engine/Plugins/Blendables/LightPropagationVolume/Binaries/Win64/UE4Editor-LightPropagationVolumeEditor.dll (API version 3709383).
LogModuleManager: Display: Found up-to-date module file ../../../Engine/Plugins/Developer/GitSourceControl/Binaries/Win64/UE4Editor-GitSourceControl.dll (API version 3709383).
LogModuleManager: Display: Found up-to-date module file ../../../Engine/Plugins/Developer/PerforceSourceControl/Binaries/Win64/UE4Editor-PerforceSourceControl.dll (API version 3709383).
LogModuleManager: Display: Found up-to-date module file ../../../Engine/Plugins/Developer/SubversionSourceControl/Binaries/Win64/UE4Editor-SubversionSourceControl.dll (API version 3709383).
LogModuleManager: Display: Found up-to-date module file ../../../Engine/Plugins/Developer/UObjectPlugin/Binaries/Win64/UE4Editor-UObjectPlugin.dll (API version 3709383).
LogModuleManager: Display: Found up-to-date module file ../../../Engine/Plugins/Developer/VisualStudioCodeSourceCodeAccess/Binaries/Win64/UE4Editor-VisualStudioCodeSourceCodeAccess.dll (API version 3709383).
LogModuleManager: Display: Found up-to-date module file ../../../Engine/Plugins/Developer/VisualStudioSourceCodeAccess/Binaries/Win64/UE4Editor-VisualStudioSourceCodeAccess.dll (API version 3709383).
LogModuleManager: Display: Found up-to-date module file ../../../Engine/Plugins/Editor/AssetManagerEditor/Binaries/Win64/UE4Editor-AssetManagerEditor.dll (API version 3709383).
LogModuleManager: Display: Found up-to-date module file ../../../Engine/Plugins/Editor/AudioCapture/Binaries/Win64/UE4Editor-AudioCapture.dll (API version 3709383).
LogModuleManager: Display: Found up-to-date module file ../../../Engine/Plugins/Editor/FacialAnimation/Binaries/Win64/UE4Editor-FacialAnimation.dll (API version 3709383).
LogModuleManager: Display: Found up-to-date module file ../../../Engine/Plugins/Editor/FacialAnimation/Binaries/Win64/UE4Editor-FacialAnimationEditor.dll (API version 3709383).
LogModuleManager: Display: Found up-to-date module file ../../../Engine/Plugins/Editor/GameplayTagsEditor/Binaries/Win64/UE4Editor-GameplayTagsEditor.dll (API version 3709383).
LogModuleManager: Display: Found up-to-date module file ../../../Engine/Plugins/Editor/MobileLauncherProfileWizard/Binaries/Win64/UE4Editor-MobileLauncherProfileWizard.dll (API version 3709383).
LogModuleManager: Display: Found up-to-date module file ../../../Engine/Plugins/Editor/PluginBrowser/Binaries/Win64/UE4Editor-PluginBrowser.dll (API version 3709383).
LogModuleManager: Display: Found up-to-date module file ../../../Engine/Plugins/Editor/SpeedTreeImporter/Binaries/Win64/UE4Editor-SpeedTreeImporter.dll (API version 3709383).
LogModuleManager: Display: Found up-to-date module file ../../../Engine/Plugins/Experimental/AlembicImporter/Binaries/Win64/UE4Editor-AlembicImporter.dll (API version 3709383).
LogModuleManager: Display: Found up-to-date module file ../../../Engine/Plugins/Experimental/AlembicImporter/Binaries/Win64/UE4Editor-AlembicLibrary.dll (API version 3709383).
LogModuleManager: Display: Found up-to-date module file ../../../Engine/Plugins/Experimental/CharacterAI/Binaries/Win64/UE4Editor-CharacterAI.dll (API version 3709383).
LogModuleManager: Display: Found up-to-date module file ../../../Engine/Plugins/Experimental/HTML5Networking/Binaries/Win64/UE4Editor-HTML5Networking.dll (API version 3709383).
LogModuleManager: Display: Found up-to-date module file ../../../Engine/Plugins/Media/AndroidMedia/Binaries/Win64/UE4Editor-AndroidMediaEditor.dll (API version 3709383).
LogModuleManager: Display: Found up-to-date module file ../../../Engine/Plugins/Media/AndroidMedia/Binaries/Win64/UE4Editor-AndroidMediaFactory.dll (API version 3709383).
LogModuleManager: Display: Found up-to-date module file ../../../Engine/Plugins/Media/AvfMedia/Binaries/Win64/UE4Editor-AvfMediaEditor.dll (API version 3709383).
LogModuleManager: Display: Found up-to-date module file ../../../Engine/Plugins/Media/AvfMedia/Binaries/Win64/UE4Editor-AvfMediaFactory.dll (API version 3709383).
LogModuleManager: Display: Found up-to-date module file ../../../Engine/Plugins/Media/AvfMedia/Binaries/Win64/UE4Editor-AvfMediaFactory.dll (API version 3709383).
LogModuleManager: Display: Found up-to-date module file ../../../Engine/Plugins/Media/ImgMedia/Binaries/Win64/UE4Editor-ImgMedia.dll (API version 3709383).
LogModuleManager: Display: Found up-to-date module file ../../../Engine/Plugins/Media/ImgMedia/Binaries/Win64/UE4Editor-ImgMediaEditor.dll (API version 3709383).
LogModuleManager: Display: Found up-to-date module file ../../../Engine/Plugins/Media/ImgMedia/Binaries/Win64/UE4Editor-ImgMediaFactory.dll (API version 3709383).
LogModuleManager: Display: Found up-to-date module file ../../../Engine/Plugins/Media/ImgMedia/Binaries/Win64/UE4Editor-ImgMediaFactory.dll (API version 3709383).
LogModuleManager: Display: Found up-to-date module file ../../../Engine/Plugins/Media/ImgMedia/Binaries/Win64/UE4Editor-OpenExrWrapper.dll (API version 3709383).
LogModuleManager: Display: Found up-to-date module file ../../../Engine/Plugins/Media/MediaCompositing/Binaries/Win64/UE4Editor-MediaCompositing.dll (API version 3709383).
LogModuleManager: Display: Found up-to-date module file ../../../Engine/Plugins/Media/MediaCompositing/Binaries/Win64/UE4Editor-MediaCompositingEditor.dll (API version 3709383).
LogModuleManager: Display: Found up-to-date module file ../../../Engine/Plugins/Media/MediaPlayerEditor/Binaries/Win64/UE4Editor-MediaPlayerEditor.dll (API version 3709383).
LogModuleManager: Display: Found up-to-date module file ../../../Engine/Plugins/Media/WmfMedia/Binaries/Win64/UE4Editor-WmfMedia.dll (API version 3709383).
LogModuleManager: Display: Found up-to-date module file ../../../Engine/Plugins/Media/WmfMedia/Binaries/Win64/UE4Editor-WmfMediaEditor.dll (API version 3709383).
LogModuleManager: Display: Found up-to-date module file ../../../Engine/Plugins/Media/WmfMedia/Binaries/Win64/UE4Editor-WmfMediaFactory.dll (API version 3709383).
LogModuleManager: Display: Found up-to-date module file ../../../Engine/Plugins/Media/WmfMedia/Binaries/Win64/UE4Editor-WmfMediaFactory.dll (API version 3709383).
LogModuleManager: Display: Found up-to-date module file ../../../Engine/Plugins/Messaging/TcpMessaging/Binaries/Win64/UE4Editor-TcpMessaging.dll (API version 3709383).
LogModuleManager: Display: Found up-to-date module file ../../../Engine/Plugins/Messaging/UdpMessaging/Binaries/Win64/UE4Editor-UdpMessaging.dll (API version 3709383).
LogModuleManager: Display: Found up-to-date module file ../../../Engine/Plugins/MovieScene/ActorSequence/Binaries/Win64/UE4Editor-ActorSequence.dll (API version 3709383).
LogModuleManager: Display: Found up-to-date module file ../../../Engine/Plugins/MovieScene/LevelSequenceEditor/Binaries/Win64/UE4Editor-LevelSequenceEditor.dll (API version 3709383).
LogModuleManager: Display: Found up-to-date module file ../../../Engine/Plugins/MovieScene/MatineeToLevelSequence/Binaries/Win64/UE4Editor-MatineeToLevelSequence.dll (API version 3709383).
LogModuleManager: Display: Found up-to-date module file ../../../Engine/Plugins/Online/OnlineSubsystem/Binaries/Win64/UE4Editor-OnlineSubsystem.dll (API version 3709383).
LogModuleManager: Display: Found up-to-date module file ../../../Engine/Plugins/Runtime/AndroidPermission/Binaries/Win64/UE4Editor-AndroidPermission.dll (API version 3709383).
LogModuleManager: Display: Found up-to-date module file ../../../Engine/Plugins/Online/OnlineSubsystemNull/Binaries/Win64/UE4Editor-OnlineSubsystemNull.dll (API version 3709383).
LogModuleManager: Display: Found up-to-date module file ../../../Engine/Plugins/Online/OnlineSubsystemUtils/Binaries/Win64/UE4Editor-OnlineSubsystemUtils.dll (API version 3709383).
LogModuleManager: Display: Found up-to-date module file ../../../Engine/Plugins/Online/OnlineSubsystemUtils/Binaries/Win64/UE4Editor-OnlineBlueprintSupport.dll (API version 3709383).
LogModuleManager: Display: Found up-to-date module file ../../../Engine/Plugins/Runtime/AndroidDeviceProfileSelector/Binaries/Win64/UE4Editor-AndroidDeviceProfileSelector.dll (API version 3709383).
LogModuleManager: Display: Found up-to-date module file ../../../Engine/Plugins/Runtime/AppleARKit/Binaries/Win64/UE4Editor-AppleARKit.dll (API version 3709383).
LogModuleManager: Display: Found up-to-date module file ../../../Engine/Plugins/Runtime/ArchVisCharacter/Binaries/Win64/UE4Editor-ArchVisCharacter.dll (API version 3709383).
LogModuleManager: Display: Found up-to-date module file ../../../Engine/Plugins/Runtime/CableComponent/Binaries/Win64/UE4Editor-CableComponent.dll (API version 3709383).
LogModuleManager: Display: Found up-to-date module file ../../../Engine/Plugins/Runtime/CustomMeshComponent/Binaries/Win64/UE4Editor-CustomMeshComponent.dll (API version 3709383).
LogModuleManager: Display: Found up-to-date module file ../../../Engine/Plugins/Runtime/ExampleDeviceProfileSelector/Binaries/Win64/UE4Editor-ExampleDeviceProfileSelector.dll (API version 3709383).
LogModuleManager: Display: Found up-to-date module file ../../../Engine/Plugins/Runtime/ImmediatePhysics/Binaries/Win64/UE4Editor-ImmediatePhysics.dll (API version 3709383).
LogModuleManager: Display: Found up-to-date module file ../../../Engine/Plugins/Runtime/ImmediatePhysics/Binaries/Win64/UE4Editor-ImmediatePhysicsEditor.dll (API version 3709383).
LogModuleManager: Display: Found up-to-date module file ../../../Engine/Plugins/Runtime/LocationServicesBPLibrary/Binaries/Win64/UE4Editor-LocationServicesBPLibrary.dll (API version 3709383).
LogModuleManager: Display: Found up-to-date module file ../../../Engine/Plugins/Runtime/MobilePatchingUtils/Binaries/Win64/UE4Editor-MobilePatchingUtils.dll (API version 3709383).
LogModuleManager: Display: Found up-to-date module file ../../../Engine/Plugins/Runtime/Oculus/OculusVR/Binaries/Win64/UE4Editor-OculusHMD.dll (API version 3709383).
LogModuleManager: Display: Found up-to-date module file ../../../Engine/Plugins/Runtime/Oculus/OculusVR/Binaries/Win64/UE4Editor-OculusInput.dll (API version 3709383).
LogModuleManager: Display: Found up-to-date module file ../../../Engine/Plugins/Runtime/Oculus/OculusVR/Binaries/Win64/UE4Editor-OculusEditor.dll (API version 3709383).
LogModuleManager: Display: Found up-to-date module file ../../../Engine/Plugins/Runtime/PhysXVehicles/Binaries/Win64/UE4Editor-PhysXVehicles.dll (API version 3709383).
LogModuleManager: Display: Found up-to-date module file ../../../Engine/Plugins/Runtime/PhysXVehicles/Binaries/Win64/UE4Editor-PhysXVehiclesEditor.dll (API version 3709383).
LogModuleManager: Display: Found up-to-date module file ../../../Engine/Plugins/Runtime/ProceduralMeshComponent/Binaries/Win64/UE4Editor-ProceduralMeshComponent.dll (API version 3709383).
LogModuleManager: Display: Found up-to-date module file ../../../Engine/Plugins/Runtime/ProceduralMeshComponent/Binaries/Win64/UE4Editor-ProceduralMeshComponentEditor.dll (API version 3709383).
LogModuleManager: Display: Found up-to-date module file ../../../Engine/Plugins/Runtime/RuntimePhysXCooking/Binaries/Win64/UE4Editor-RuntimePhysXCooking.dll (API version 3709383).
LogModuleManager: Display: Found up-to-date module file ../../../Engine/Plugins/Runtime/Steam/SteamVR/Binaries/Win64/UE4Editor-SteamVR.dll (API version 3709383).
LogModuleManager: Display: Found up-to-date module file ../../../Engine/Plugins/Runtime/Steam/SteamVR/Binaries/Win64/UE4Editor-SteamVRController.dll (API version 3709383).
LogModuleManager: Display: Found up-to-date module file ../../../Engine/Plugins/Runtime/WindowsMoviePlayer/Binaries/Win64/UE4Editor-WindowsMoviePlayer.dll (API version 3709383).
LogPluginManager: Mounting plugin Paper2D
LogPluginManager: Mounting plugin LightPropagationVolume
LogPluginManager: Mounting plugin CodeLiteSourceCodeAccess
LogPluginManager: Mounting plugin GitSourceControl
LogPluginManager: Mounting plugin KDevelopSourceCodeAccess
LogPluginManager: Mounting plugin NullSourceCodeAccess
LogPluginManager: Mounting plugin PerforceSourceControl
LogPluginManager: Mounting plugin SubversionSourceControl
LogPluginManager: Mounting plugin UObjectPlugin
LogPluginManager: Mounting plugin VisualStudioCodeSourceCodeAccess
LogPluginManager: Mounting plugin VisualStudioSourceCodeAccess
LogPluginManager: Mounting plugin XCodeSourceCodeAccess
LogPluginManager: Mounting plugin AssetManagerEditor
LogPluginManager: Mounting plugin AudioCapture
LogPluginManager: Mounting plugin FacialAnimation
LogPluginManager: Mounting plugin GameplayTagsEditor
LogPluginManager: Mounting plugin MobileLauncherProfileWizard
LogPluginManager: Mounting plugin PluginBrowser
LogPluginManager: Mounting plugin SpeedTreeImporter
LogPluginManager: Mounting plugin AlembicImporter
LogPluginManager: Mounting plugin CharacterAI
LogPluginManager: Mounting plugin HTML5Networking
LogPluginManager: Mounting plugin AndroidMedia
LogPluginManager: Mounting plugin AvfMedia
LogPluginManager: Mounting plugin ImgMedia
LogPluginManager: Mounting plugin MediaCompositing
LogPluginManager: Mounting plugin MediaPlayerEditor
LogPluginManager: Mounting plugin WmfMedia
LogPluginManager: Mounting plugin TcpMessaging
LogPluginManager: Mounting plugin UdpMessaging
LogPluginManager: Mounting plugin ActorSequence
LogPluginManager: Mounting plugin LevelSequenceEditor
LogPluginManager: Mounting plugin MatineeToLevelSequence
LogPluginManager: Mounting plugin OnlineSubsystemGooglePlay
LogPluginManager: Mounting plugin OnlineSubsystemIOS
LogPluginManager: Mounting plugin OnlineSubsystem
LogPluginManager: Mounting plugin OnlineSubsystemNull
LogPluginManager: Mounting plugin OnlineSubsystemUtils
LogPluginManager: Mounting plugin AndroidDeviceProfileSelector
LogPluginManager: Mounting plugin AndroidMoviePlayer
LogPluginManager: Mounting plugin AndroidPermission
LogPluginManager: Mounting plugin AppleARKit
LogPluginManager: Mounting plugin AppleMoviePlayer
LogPluginManager: Mounting plugin ArchVisCharacter
LogPluginManager: Mounting plugin CableComponent
LogPluginManager: Mounting plugin CustomMeshComponent
LogPluginManager: Mounting plugin ExampleDeviceProfileSelector
LogPluginManager: Mounting plugin GoogleCloudMessaging
LogPluginManager: Mounting plugin ImmediatePhysics
LogPluginManager: Mounting plugin IOSDeviceProfileSelector
LogPluginManager: Mounting plugin LinuxDeviceProfileSelector
LogPluginManager: Mounting plugin LocationServicesBPLibrary
LogPluginManager: Mounting plugin MobilePatchingUtils
LogPluginManager: Mounting plugin OculusVR
LogPluginManager: Plugin shader directory ../../../Engine/Plugins/Runtime/Oculus/OculusVR/Shaders found
LogPluginManager: Mapping shader source directory ../../../Engine/Plugins/Runtime/Oculus/OculusVR/Shaders to virtual directory /Plugin/OculusVR
LogPluginManager: Mounting plugin PhysXVehicles
LogPluginManager: Mounting plugin ProceduralMeshComponent
LogPluginManager: Mounting plugin RuntimePhysXCooking
LogPluginManager: Mounting plugin SteamVR
LogPluginManager: Mounting plugin WindowsMoviePlayer
LogInit: Using libcurl 7.47.1
LogInit:  - built for x86_64-pc-win32
LogInit:  - supports SSL with OpenSSL/1.0.2g
LogInit:  - supports HTTP deflate (compression) using libz 1.2.8
LogInit:  - other features:
LogInit:      CURL_VERSION_SSL
LogInit:      CURL_VERSION_LIBZ
LogInit:      CURL_VERSION_IPV6
LogInit:      CURL_VERSION_ASYNCHDNS
LogInit:      CURL_VERSION_LARGEFILE
LogInit:      CURL_VERSION_IDN
LogInit:  CurlRequestOptions (configurable via config and command line):
LogInit:  - bVerifyPeer = false  - Libcurl will NOT verify peer certificate
LogInit:  - bUseHttpProxy = false  - Libcurl will NOT use HTTP proxy
LogInit:  - bDontReuseConnections = false  - Libcurl will reuse connections
LogInit:  - CertBundlePath = nullptr  - Libcurl will use whatever was configured at build time.
LogInit: Build: ++UE4+Release-4.18-CL-3832480
LogInit: Engine Version: 4.18.3-3832480+++UE4+Release-4.18
LogInit: Compatible Engine Version: 4.18.0-3709383+++UE4+Release-4.18
LogInit: Net CL: 3709383
LogDevObjectVersion: Number of dev versions registered: 16
LogDevObjectVersion:   Dev-Blueprints (B0D832E4-1F89-4F0D-ACCF-7EB736FD4AA2): 10
LogDevObjectVersion:   Dev-Build (E1C64328-A22C-4D53-A36C-8E866417BD8C): 0
LogDevObjectVersion:   Dev-Core (375EC13C-06E4-48FB-B500-84F0262A717E): 2
LogDevObjectVersion:   Dev-Editor (E4B068ED-F494-42E9-A231-DA0B2E46BB41): 20
LogDevObjectVersion:   Dev-Framework (CFFC743F-43B0-4480-9391-14DF171D2073): 30
LogDevObjectVersion:   Dev-Mobile (B02B49B5-BB20-44E9-A304-32B752E40360): 0
LogDevObjectVersion:   Dev-Networking (A4E4105C-59A1-49B5-A7C5-40C4547EDFEE): 0
LogDevObjectVersion:   Dev-Online (39C831C9-5AE6-47DC-9A44-9C173E1C8E7C): 0
LogDevObjectVersion:   Dev-Physics (78F01B33-EBEA-4F98-B9B4-84EACCB95AA2): 0
LogDevObjectVersion:   Dev-Platform (6631380F-2D4D-43E0-8009-CF276956A95A): 0
LogDevObjectVersion:   Dev-Rendering (12F88B9F-8875-4AFC-A67C-D90C383ABD29): 20
LogDevObjectVersion:   Dev-Sequencer (7B5AE74C-D270-4C10-A958-57980B212A5A): 4
LogDevObjectVersion:   Dev-VR (D7296918-1DD6-4BDD-9DE2-64A83CC13884): 0
LogDevObjectVersion:   Dev-LoadTimes (C2A15278-BFE7-4AFE-6C17-90FF531DF755): 1
LogDevObjectVersion:   Private-Geometry (6EACA3D4-40EC-4CC1-B786-8BED09428FC5): 1
LogDevObjectVersion:   Dev-AnimPhys (29E575DD-E0A3-4627-9D10-D276232CDCEA): 12
LogInit: Compiled (64-bit): Jan 12 2018 02:04:55
LogInit: Compiled with Visual C++: 19.00.24215.01
LogInit: Build Configuration: Development
LogInit: Branch Name: ++UE4+Release-4.18
LogInit: Command line: -EpicPortal 
LogInit: Base directory: E:/UE_4.18/Engine/Binaries/Win64/
LogInit: Installed Engine Build: 1
LogInit: Presizing for max 8388607 objects, including 0 objects not considered by GC, pre-allocating 0 bytes for permanent pool.
LogInit: Object subsystem initialized
[2018.03.23-02.37.03:991][  0]LogInit: Selected Device Profile: [Windows]
[2018.03.23-02.37.03:991][  0]LogInit: Applying CVar settings loaded from the selected device profile: [Windows]
[2018.03.23-02.37.04:001][  0]LogInit: Computer: DESKTOP-26BKDR7
[2018.03.23-02.37.04:001][  0]LogInit: User: Cameron
[2018.03.23-02.37.04:001][  0]LogInit: CPU Page size=4096, Cores=4
[2018.03.23-02.37.04:001][  0]LogInit: High frequency timer resolution =2.648436 MHz
[2018.03.23-02.37.04:002][  0]LogMemory: Memory total: Physical=15.9GB (16GB approx)
[2018.03.23-02.37.04:002][  0]LogMemory: Platform Memory Stats for Windows
[2018.03.23-02.37.04:002][  0]LogMemory: Process Physical Memory: 282.54 MB used, 282.54 MB peak
[2018.03.23-02.37.04:002][  0]LogMemory: Process Virtual Memory: 282.10 MB used, 282.10 MB peak
[2018.03.23-02.37.04:002][  0]LogMemory: Physical Memory: 6074.60 MB used,  10235.24 MB free, 16309.84 MB total
[2018.03.23-02.37.04:002][  0]LogMemory: Virtual Memory: 727.41 MB used,  10235.24 MB free, 134217728.00 MB total
[2018.03.23-02.37.04:118][  0]LogInit: Using OS detected language (en-US).
[2018.03.23-02.37.04:118][  0]LogInit: Using OS detected locale (en-US).
[2018.03.23-02.37.04:121][  0]LogTextLocalizationManager: No specific localization for 'en-US' exists, so the 'en' localization will be used.
[2018.03.23-02.37.04:548][  0]LogInit: Setting process to per monitor DPI aware
[2018.03.23-02.37.04:809][  0]LogD3D11RHI: D3D11 adapters:
[2018.03.23-02.37.04:866][  0]LogD3D11RHI:    0. 'NVIDIA GeForce GTX 970' (Feature Level 11_0)
[2018.03.23-02.37.04:866][  0]LogD3D11RHI:       4058/0/8154 MB DedicatedVideo/DedicatedSystem/SharedSystem, Outputs:2, VendorId:0x10de
[2018.03.23-02.37.04:868][  0]LogD3D11RHI:    1. 'Microsoft Basic Render Driver' (Feature Level 11_0)
[2018.03.23-02.37.04:868][  0]LogD3D11RHI:       0/0/8154 MB DedicatedVideo/DedicatedSystem/SharedSystem, Outputs:0, VendorId:0x1414
[2018.03.23-02.37.04:868][  0]LogD3D11RHI: Chosen D3D11 Adapter: 0
[2018.03.23-02.37.04:874][  0]LogD3D11RHI: Creating new Direct3DDevice
[2018.03.23-02.37.04:874][  0]LogD3D11RHI:     GPU DeviceId: 0x13c2 (for the marketing name, search the web for "GPU Device Id")
[2018.03.23-02.37.04:874][  0]LogWindows: EnumDisplayDevices:
[2018.03.23-02.37.04:874][  0]LogWindows:    0. 'NVIDIA GeForce GTX 970' (P:1 D:1)
[2018.03.23-02.37.04:874][  0]LogWindows:    1. 'NVIDIA GeForce GTX 970' (P:0 D:1)
[2018.03.23-02.37.04:874][  0]LogWindows:    2. 'NVIDIA GeForce GTX 970' (P:0 D:0)
[2018.03.23-02.37.04:875][  0]LogWindows:    3. 'NVIDIA GeForce GTX 970' (P:0 D:0)
[2018.03.23-02.37.04:875][  0]LogWindows: DebugString: GetVideoDriverDetailsInvalid PrimaryIsNotTheChoosenAdapter GetVideoDriverDetailsInvalid PrimaryIsNotTheChoosenAdapter GetVideoDriverDetailsInvalid PrimaryIsNotTheChoosenAdapter GetVideoDriverDetailsInvalid PrimaryIsNotTheChoosenAdapter FoundDriverCount:0 
[2018.03.23-02.37.04:875][  0]LogD3D11RHI:     Adapter Name: NVIDIA GeForce GTX 970
[2018.03.23-02.37.04:875][  0]LogD3D11RHI:   Driver Version: Unknown (internal:Unknown, unified:Unknown)
[2018.03.23-02.37.04:875][  0]LogD3D11RHI:      Driver Date: Unknown
[2018.03.23-02.37.04:875][  0]LogRHI: Texture pool is 2840 MB (70% of 4058 MB)
[2018.03.23-02.37.04:898][  0]LogD3D11RHI: Async texture creation enabled
[2018.03.23-02.37.04:938][  0]LogD3D11RHI: GPU Timing Frequency: 1000.000000 (Debug: 2 1)
[2018.03.23-02.37.04:985][  0]LogShaderCompilers: Guid format shader working directory is -17 characters bigger than the processId version (C:/Users/Cameron/Documents/GitHub/TwistedFateGame/TwistedFateGame/Intermediate/Shaders/WorkingDirectory/5336/).
[2018.03.23-02.37.04:986][  0]LogShaderCompilers: Cleaned the shader compiler working directory 'C:/Users/Cameron/AppData/Local/Temp/UnrealShaderWorkingDir/70A8C78C4B41DE8122CCB7B17522A6B6/'.
[2018.03.23-02.37.04:986][  0]LogShaderCompilers: Display: Using Local Shader Compiler.
[2018.03.23-02.37.05:945][  0]LogTemp: Display: Loaded TP AllDesktopTargetPlatform
[2018.03.23-02.37.05:988][  0]LogTemp: Display: Loaded TP MacClientTargetPlatform
[2018.03.23-02.37.06:034][  0]LogTemp: Display: Loaded TP MacNoEditorTargetPlatform
[2018.03.23-02.37.06:081][  0]LogTemp: Display: Loaded TP MacServerTargetPlatform
[2018.03.23-02.37.06:124][  0]LogTemp: Display: Loaded TP MacTargetPlatform
[2018.03.23-02.37.06:170][  0]LogTemp: Display: Loaded TP WindowsClientTargetPlatform
[2018.03.23-02.37.06:213][  0]LogTemp: Display: Loaded TP WindowsNoEditorTargetPlatform
[2018.03.23-02.37.06:258][  0]LogTemp: Display: Loaded TP WindowsServerTargetPlatform
[2018.03.23-02.37.06:295][  0]LogTemp: Display: Loaded TP WindowsTargetPlatform
[2018.03.23-02.37.06:345][  0]LogTemp: Display: Loaded TP Android_ASTCTargetPlatform
[2018.03.23-02.37.06:388][  0]LogTemp: Display: Loaded TP Android_ATCTargetPlatform
[2018.03.23-02.37.06:432][  0]LogTemp: Display: Loaded TP Android_DXTTargetPlatform
[2018.03.23-02.37.06:474][  0]LogTemp: Display: Loaded TP Android_ETC1TargetPlatform
[2018.03.23-02.37.06:518][  0]LogTemp: Display: Loaded TP Android_ETC2TargetPlatform
[2018.03.23-02.37.06:603][  0]LogTemp: Display: Loaded TP Android_MultiTargetPlatform
[2018.03.23-02.37.06:603][  0]LogTemp: Display: Loaded TP Android_PVRTCTargetPlatform
[2018.03.23-02.37.06:646][  0]LogTemp: Display: Loaded TP AndroidTargetPlatform
[2018.03.23-02.37.06:677][  0]LogTemp: Display: Loaded TP HTML5TargetPlatform
[2018.03.23-02.37.06:757][  0]LogTemp: Display: Loaded TP IOSTargetPlatform
[2018.03.23-02.37.06:781][  0]LogTemp: Display: Loaded TP TVOSTargetPlatform
[2018.03.23-02.37.06:824][  0]LogTemp: Display: Loaded TP LinuxClientTargetPlatform
[2018.03.23-02.37.06:867][  0]LogTemp: Display: Loaded TP LinuxNoEditorTargetPlatform
[2018.03.23-02.37.06:909][  0]LogTemp: Display: Loaded TP LinuxServerTargetPlatform
[2018.03.23-02.37.06:952][  0]LogTemp: Display: Loaded TP LinuxTargetPlatform
[2018.03.23-02.37.06:952][  0]LogTargetPlatformManager: Display: Building Assets For Windows
[2018.03.23-02.37.07:321][  0]LogDerivedDataCache: Display: Max Cache Size: 512 MB
[2018.03.23-02.37.07:387][  0]LogDerivedDataCache: Loaded boot cache 0.07s 78MB C:/Users/Cameron/AppData/Local/UnrealEngine/4.18/DerivedDataCache/Boot.ddc.
[2018.03.23-02.37.07:387][  0]LogDerivedDataCache: Display: Loaded Boot cache: C:/Users/Cameron/AppData/Local/UnrealEngine/4.18/DerivedDataCache/Boot.ddc
[2018.03.23-02.37.07:387][  0]LogDerivedDataCache: FDerivedDataBackendGraph:  Pak pak cache file C:/Users/Cameron/Documents/GitHub/TwistedFateGame/TwistedFateGame/DerivedDataCache/DDC.ddp not found, will not use a pak cache.
[2018.03.23-02.37.07:387][  0]LogDerivedDataCache: Unable to find inner node Pak for hierarchical cache Hierarchy.
[2018.03.23-02.37.07:387][  0]LogDerivedDataCache: FDerivedDataBackendGraph:  CompressedPak pak cache file C:/Users/Cameron/Documents/GitHub/TwistedFateGame/TwistedFateGame/DerivedDataCache/Compressed.ddp not found, will not use a pak cache.
[2018.03.23-02.37.07:387][  0]LogDerivedDataCache: Unable to find inner node CompressedPak for hierarchical cache Hierarchy.
[2018.03.23-02.37.07:404][  0]LogDerivedDataCache: Display: Pak cache opened for reading ../../../Engine/DerivedDataCache/Compressed.ddp.
[2018.03.23-02.37.07:417][  0]LogDerivedDataCache: Using Local data cache path C:/Users/Cameron/AppData/Local/UnrealEngine/Common/DerivedDataCache: Writable
[2018.03.23-02.37.07:426][  0]LogMaterial: Verifying Global Shaders for PCD3D_SM5
[2018.03.23-02.37.07:427][  0]LogSlate: Using Freetype 2.6.0
[2018.03.23-02.37.07:427][  0]LogSlate: SlateFontCache - WITH_FREETYPE: 1, WITH_HARFBUZZ: 1
[2018.03.23-02.37.07:427][  0]LogSlate: SlateFontCache - WITH_FREETYPE: 1, WITH_HARFBUZZ: 1
[2018.03.23-02.37.07:800][  0]LogInit: Selected Device Profile: [Windows]
[2018.03.23-02.37.08:088][  0]LogSimplygon: Simplygon DLL not present - disabling.
[2018.03.23-02.37.08:121][  0]LogMeshReduction: Using SimplygonSwarm for distributed automatic mesh merging
[2018.03.23-02.37.08:121][  0]LogMeshReduction: Using QuadricMeshReduction for automatic static mesh reduction
[2018.03.23-02.37.08:121][  0]LogMeshReduction: No automatic skeletal mesh reduction module available
[2018.03.23-02.37.08:121][  0]LogMeshReduction: No automatic mesh merging module available
[2018.03.23-02.37.08:121][  0]LogMeshMerging: No automatic mesh merging module available
[2018.03.23-02.37.08:158][  0]LogNetVersion: TwistedFateGame , NetCL: 3709383, EngineNetVer: 2, GameNetVer: 0 (Checksum: 1574445964)
[2018.03.23-02.37.08:313][  0]LogAssetRegistry: FAssetRegistry took 0.0263 seconds to start up
[2018.03.23-02.37.08:908][  0]LogPackageLocalizationCache: Processed 7 localized package path(s) for 2 prioritized culture(s) in 0.084680 seconds
[2018.03.23-02.37.08:913][  0]LogUObjectArray: 35870 objects as part of root set at end of initial load.
[2018.03.23-02.37.08:913][  0]LogUObjectAllocator: 7363704 out of 0 bytes used by permanent object pool.
[2018.03.23-02.37.08:913][  0]LogUObjectArray: CloseDisregardForGC: 0/0 objects in disregard for GC pool
[2018.03.23-02.37.08:952][  0]LogInit: WinSock: version 1.1 (2.2), MaxSocks=32767, MaxUdp=65467
[2018.03.23-02.37.11:434][  0]LogTcpMessaging: Initializing TcpMessaging bridge
[2018.03.23-02.37.11:473][  0]LogUdpMessaging: Initializing bridge on interface 0.0.0.0:0 to multicast group 230.0.0.1:6666.
[2018.03.23-02.37.12:080][  0]LogMaterial: Uniform references updated for custom material expression Custom.
[2018.03.23-02.37.12:464][  0]SourceControl: Source control is disabled
[2018.03.23-02.37.13:972][  0]LogAndroidPermission: UAndroidPermissionCallbackProxy::GetInstance
[2018.03.23-02.37.14:208][  0]LogOcInput: OculusInput pre-init called
[2018.03.23-02.37.14:460][  0]LogEngine: Initializing Engine...
[2018.03.23-02.37.14:461][  0]LogHMD: Oculus plugin initialized. Version: 4.18.3-3832480+++UE4+Release-4.18, OVRPlugin: 1.19.0
[2018.03.23-02.37.14:668][  0]LogStats: UGameplayTagsManager::ConstructGameplayTagTree: Construct from data asset -  0.000 s
[2018.03.23-02.37.14:668][  0]LogStats: UGameplayTagsManager::ConstructGameplayTagTree: GameplayTagTreeChangedEvent.Broadcast -  0.000 s
[2018.03.23-02.37.14:771][  0]LogAIModule: Creating AISystem for world Untitled
[2018.03.23-02.37.14:794][  0]LogInit: XAudio2 using 'Speakers (Klipsch PM2.1 BT Stereo)' : 2 channels at 44.1 kHz using 16 bits per sample (channel mask 0x3)
[2018.03.23-02.37.14:824][  0]LogInit: FAudioDevice initialized.
[2018.03.23-02.37.14:920][  0]LogDerivedDataCache: Saved boot cache 0.09s 78MB C:/Users/Cameron/AppData/Local/UnrealEngine/4.18/DerivedDataCache/Boot.ddc.
[2018.03.23-02.37.14:926][  0]LogInit: Texture streaming: Enabled
[2018.03.23-02.37.15:004][  0]LogEngineSessionManager: EngineSessionManager initialized
[2018.03.23-02.37.15:108][  0]LogInit: Transaction tracking system initialized
[2018.03.23-02.37.15:364][  0]BlueprintLog: New page: Editor Load
[2018.03.23-02.37.16:092][  0]LocalizationService: Localization service is disabled
[2018.03.23-02.37.16:707][  0]LogConsoleResponse: Display: 
[2018.03.23-02.37.16:881][  0]LogAutoReimportManager: Warning: Unable to watch directory C:/Users/Cameron/Documents/GitHub/TwistedFateGame/TwistedFateGame/Content/ as it will conflict with another watching C:/Users/Cameron/Documents/GitHub/TwistedFateGame/TwistedFateGame/Content/.
[2018.03.23-02.37.16:893][  0]LogCook: Display: Max memory allowance for cook 16384mb min free memory 0mb
[2018.03.23-02.37.16:893][  0]LogCook: Display: Mobile HDR setting 1
[2018.03.23-02.37.16:893][  0]LogGameplayTags: Display: UGameplayTagsManager::DoneAddingNativeTags. DelegateIsBound: 0
[2018.03.23-02.37.17:893][  0]LogFileCache: Scanning file cache for directory 'C:/Users/Cameron/Documents/GitHub/TwistedFateGame/TwistedFateGame/Content/' took 0.08s
[2018.03.23-02.37.17:931][  0]Cmd: MAP LOAD FILE="C:/Users/Cameron/Documents/GitHub/TwistedFateGame/TwistedFateGame/Content/Maps/Level_1.umap" TEMPLATE=0 SHOWPROGRESS=1 FEATURELEVEL=3
[2018.03.23-02.37.17:931][  0]LightingResults: New page: Lighting Build
[2018.03.23-02.37.17:965][  0]MapCheck: New page: Map Check
[2018.03.23-02.37.17:965][  0]LightingResults: New page: Lighting Build
[2018.03.23-02.37.20:329][  0]LogMaterial: Missing cached shader map for material M_Landscape_01, compiling. 
[2018.03.23-02.37.20:560][  0]LogMaterial: Missing cached shader map for material M_Landscape_01, compiling. 
[2018.03.23-02.37.20:697][  0]LogMaterial: Missing cached shader map for material M_Landscape_01, compiling. 
[2018.03.23-02.37.20:824][  0]LogMaterial: Missing cached shader map for material M_Landscape_01, compiling. 
[2018.03.23-02.37.21:369][  0]LogAIModule: Creating AISystem for world Level_1
[2018.03.23-02.37.22:196][  0]LogEditorServer: Finished looking for orphan Actors (0.000 secs)
[2018.03.23-02.37.22:220][  0]Cmd: MAP CHECKDEP NOCLEARLOG
[2018.03.23-02.37.22:294][  0]MapCheck: Map check complete: 0 Error(s), 0 Warning(s), took 73.312ms to complete.
[2018.03.23-02.37.22:294][  0]LogFileHelpers: Loading map 'Level_1' took 4.363
[2018.03.23-02.37.22:720][  0]LogCollectionManager: Loaded 0 collections in 0.001599 seconds
[2018.03.23-02.37.22:932][  0]LogFileCache: Scanning file cache for directory 'C:/Users/Cameron/Documents/GitHub/TwistedFateGame/TwistedFateGame/Saved/Collections/' took 0.01s
[2018.03.23-02.37.22:932][  0]LogFileCache: Scanning file cache for directory 'C:/Users/Cameron/Documents/GitHub/TwistedFateGame/TwistedFateGame/Content/Developers/Cameron/Collections/' took 0.01s
[2018.03.23-02.37.22:932][  0]LogFileCache: Scanning file cache for directory 'C:/Users/Cameron/Documents/GitHub/TwistedFateGame/TwistedFateGame/Content/Collections/' took 0.01s
[2018.03.23-02.37.22:932][  0]LogCollectionManager: Rebuilt the GUID cache for 0 collections in 0.000000 seconds
[2018.03.23-02.37.22:942][  0]LogContentBrowser: Native class hierarchy populated in 0.0087 seconds. Added 2363 classes and 519 folders.
[2018.03.23-02.37.23:037][  0]LogContentBrowser: Native class hierarchy updated for 'WidgetCarousel' in 0.0002 seconds. Added 0 classes and 0 folders.
[2018.03.23-02.37.23:463][  0]LogContentBrowser: Native class hierarchy updated for 'AddContentDialog' in 0.0002 seconds. Added 0 classes and 0 folders.
[2018.03.23-02.37.23:581][  0]LogContentBrowser: Native class hierarchy updated for 'SceneOutliner' in 0.0003 seconds. Added 1 classes and 2 folders.
[2018.03.23-02.37.24:123][  0]LogSlate: Took 0.000176 seconds to synchronously load lazily loaded font '../../../Engine/Content/Slate/Fonts/Roboto-Regular.ttf' (155K)
[2018.03.23-02.37.24:131][  0]LogSlate: Took 0.000187 seconds to synchronously load lazily loaded font '../../../Engine/Content/Slate/Fonts/Roboto-Bold.ttf' (160K)
[2018.03.23-02.37.24:157][  0]LogSlate: Took 0.012516 seconds to synchronously load lazily loaded font '../../../Engine/Content/Editor/Slate/Fonts/FontAwesome.ttf' (139K)
[2018.03.23-02.37.24:403][  0]LogRenderer: Reallocating scene render targets to support 1208x576 Format 10 NumSamples 1 (Frame:1).
[2018.03.23-02.37.24:723][  0]LogContentBrowser: Native class hierarchy updated for 'HierarchicalLODOutliner' in 0.0003 seconds. Added 1 classes and 2 folders.
[2018.03.23-02.37.24:723][  0]LogLoad: (Engine Initialization) Total time: 23.28 seconds
[2018.03.23-02.37.24:723][  0]LogLoad: (Engine Initialization) Total Blueprint compile time: 0.00 seconds
[2018.03.23-02.37.24:723][  0]LogExternalProfiler: No external profilers were discovered.  External profiling features will not be available.
[2018.03.23-02.37.24:732][  0]LogWindowsTextInputMethodSystem: Display: IME system now deactivated.
[2018.03.23-02.37.24:738][  0]LogOcInput: OculusInput is initialized
[2018.03.23-02.37.24:801][  0]SourceControl: On branch master
[2018.03.23-02.37.24:801][  0]SourceControl: Your branch is up to date with 'origin/master'.
[2018.03.23-02.37.24:801][  0]SourceControl: Changes to be committed:
[2018.03.23-02.37.24:801][  0]SourceControl:   (use "git reset HEAD <file>..." to unstage)
[2018.03.23-02.37.24:801][  0]SourceControl: 	new file:   TwistedFateGame/Content/Maps/Level_1_sharedassets/RockLand_LayerInfo.uasset
[2018.03.23-02.37.24:802][  0]SourceControl: Changes not staged for commit:
[2018.03.23-02.37.24:802][  0]SourceControl:   (use "git add/rm <file>..." to update what will be committed)
[2018.03.23-02.37.24:802][  0]SourceControl:   (use "git checkout -- <file>..." to discard changes in working directory)
[2018.03.23-02.37.24:802][  0]SourceControl: 	modified:   TwistedFateGame/Content/Materials/ML_RockLand.uasset
[2018.03.23-02.37.24:802][  0]SourceControl: 	modified:   TwistedFateGame/Content/Materials/M_Landscape_01.uasset
[2018.03.23-02.37.24:802][  0]SourceControl: 	modified:   TwistedFateGame/Intermediate/CachedAssetRegistry.bin
[2018.03.23-02.37.24:802][  0]SourceControl: 	modified:   TwistedFateGame/Saved/AutoScreenshot.png
[2018.03.23-02.37.24:802][  0]SourceControl: 	modified:   TwistedFateGame/Saved/Autosaves/PackageRestoreData.json
[2018.03.23-02.37.24:802][  0]SourceControl: 	modified:   TwistedFateGame/Saved/Config/Windows/EditorPerProjectUserSettings.ini
[2018.03.23-02.37.24:802][  0]SourceControl: 	deleted:    TwistedFateGame/Saved/Logs/TwistedFateGame-backup-2018.03.16-21.33.04.log
[2018.03.23-02.37.24:802][  0]SourceControl: 	deleted:    TwistedFateGame/Saved/Logs/TwistedFateGame-backup-2018.03.16-22.40.26.log
[2018.03.23-02.37.24:802][  0]SourceControl: 	deleted:    TwistedFateGame/Saved/Logs/TwistedFateGame-backup-2018.03.17-19.37.08.log
[2018.03.23-02.37.24:802][  0]SourceControl: 	modified:   TwistedFateGame/Saved/Logs/TwistedFateGame.log
[2018.03.23-02.37.24:802][  0]SourceControl: Untracked files:
[2018.03.23-02.37.24:802][  0]SourceControl:   (use "git add <file>..." to include in what will be committed)
[2018.03.23-02.37.24:802][  0]SourceControl: 	TwistedFateGame/Saved/Backup/ML_RockLand_2018-03-22-00-17-24.uasset
[2018.03.23-02.37.24:802][  0]SourceControl: 	TwistedFateGame/Saved/Backup/M_Landscape_01_2018-03-22-00-17-24.uasset
[2018.03.23-02.37.24:802][  0]SourceControl: 	TwistedFateGame/Saved/Config/CrashReportClient/UE4CC-Windows-D2AFE5794AE9EC41C7D802B1909D76D4/
[2018.03.23-02.37.24:802][  0]SourceControl: 	TwistedFateGame/Saved/Logs/TwistedFateGame-backup-2018.03.22-22.37.02.log
[2018.03.23-02.37.24:802][  0]LogContentStreaming: Texture pool size now 1000 MB
[2018.03.23-02.37.24:871][  0]LogSlate: Took 0.014262 seconds to synchronously load lazily loaded font '../../../Engine/Content/Slate/Fonts/Roboto-Light.ttf' (159K)
[2018.03.23-02.37.25:054][  3]LogAssetRegistry: Asset discovery search completed in 16.7638 seconds
[2018.03.23-02.37.25:066][  3]LogCollectionManager: Rebuilt the object cache for 0 collections in 0.000000 seconds (found 0 objects)
[2018.03.23-02.37.25:066][  3]LogCollectionManager: Fixed up redirectors for 0 collections in 0.000069 seconds (updated 0 objects)
[2018.03.23-02.37.25:874][ 21]LogSlate: Took 0.000163 seconds to synchronously load lazily loaded font '../../../Engine/Content/Slate/Fonts/Roboto-Light.ttf' (159K)
[2018.03.23-02.37.34:931][507]LogFileCache: Retrieving MD5 hashes for directory 'C:/Users/Cameron/Documents/GitHub/TwistedFateGame/TwistedFateGame/Content/' took 10.18s
[2018.03.23-02.39.54:360][923]LogTemp: Repeating last play command: Selected Viewport
[2018.03.23-02.39.55:062][923]LogPlayLevel: PlayLevel: No blueprints needed recompiling
[2018.03.23-02.39.55:063][923]LogHMD: Initializing OVRPlugin session
[2018.03.23-02.39.59:076][923]PIE: New page: PIE session: Level_1 (Mar 22, 2018, 6:39:59 PM)
[2018.03.23-02.39.59:080][923]LogPlayLevel: Creating play world package: /Game/Maps/UEDPIE_0_Level_1
[2018.03.23-02.39.59:345][923]LogPlayLevel: PIE: StaticDuplicateObject took: (0.264521s)
[2018.03.23-02.39.59:345][923]LogAIModule: Creating AISystem for world Level_1
[2018.03.23-02.39.59:346][923]LogPlayLevel: PIE: World Init took: (0.000707s)
[2018.03.23-02.39.59:346][923]LogPlayLevel: PIE: Created PIE world by copying editor world from /Game/Maps/Level_1.Level_1 to /Game/Maps/UEDPIE_0_Level_1.Level_1 (0.265775s)
[2018.03.23-02.39.59:405][923]LogInit: XAudio2 using 'Speakers (Klipsch PM2.1 BT Stereo)' : 2 channels at 44.1 kHz using 16 bits per sample (channel mask 0x3)
[2018.03.23-02.39.59:412][923]LogInit: FAudioDevice initialized.
[2018.03.23-02.40.00:226][923]LogLinker: Warning: Can't find file '/Game/Rifle_01/Character/Materials/M4_Mat'
[2018.03.23-02.40.00:226][923]LogLinker: Warning: Can't find file for asset '/Game/Rifle_01/Character/Materials/M4_Mat' while loading C:/Users/Cameron/Documents/GitHub/TwistedFateGame/TwistedFateGame/Content/ThirdPersonBP/Animations/Rifle_01/Character/Mesh/M4_Rifle_01.uasset.
[2018.03.23-02.40.00:226][923]LoadErrors: Error: /Game/ThirdPersonBP/Animations/Rifle_01/Character/Mesh/M4_Rifle_01 : Can't find file for asset. /Game/Rifle_01/Character/Materials/M4_Mat
[2018.03.23-02.40.00:226][923]LogLinker: Warning: Can't find file '/Game/Rifle_01/Character/Materials/M4_Mat'
[2018.03.23-02.40.00:226][923]LogLinker: Warning: Can't find file for asset '/Game/Rifle_01/Character/Materials/M4_Mat' while loading C:/Users/Cameron/Documents/GitHub/TwistedFateGame/TwistedFateGame/Content/ThirdPersonBP/Animations/Rifle_01/Character/Mesh/M4_Rifle_01.uasset.
[2018.03.23-02.40.00:226][923]LogLinker: Warning: Can't find file '/Game/Rifle_01/Character/Mesh/M4_Rifle_01_PhysicsAsset'
[2018.03.23-02.40.00:227][923]LogLinker: Warning: Can't find file for asset '/Game/Rifle_01/Character/Mesh/M4_Rifle_01_PhysicsAsset' while loading C:/Users/Cameron/Documents/GitHub/TwistedFateGame/TwistedFateGame/Content/ThirdPersonBP/Animations/Rifle_01/Character/Mesh/M4_Rifle_01.uasset.
[2018.03.23-02.40.00:227][923]LoadErrors: Error: /Game/ThirdPersonBP/Animations/Rifle_01/Character/Mesh/M4_Rifle_01 : Can't find file for asset. /Game/Rifle_01/Character/Mesh/M4_Rifle_01_PhysicsAsset
[2018.03.23-02.40.00:227][923]LogLinker: Warning: Can't find file '/Game/Rifle_01/Character/Mesh/M4_Rifle_01_Skeleton'
[2018.03.23-02.40.00:227][923]LogLinker: Warning: Can't find file for asset '/Game/Rifle_01/Character/Mesh/M4_Rifle_01_Skeleton' while loading C:/Users/Cameron/Documents/GitHub/TwistedFateGame/TwistedFateGame/Content/ThirdPersonBP/Animations/Rifle_01/Character/Mesh/M4_Rifle_01.uasset.
[2018.03.23-02.40.00:227][923]LoadErrors: Error: /Game/ThirdPersonBP/Animations/Rifle_01/Character/Mesh/M4_Rifle_01 : Can't find file for asset. /Game/Rifle_01/Character/Mesh/M4_Rifle_01_Skeleton
[2018.03.23-02.40.00:227][923]LogLinker: Warning: Can't find file '/Game/Rifle_01/Character/Mesh/M4_Rifle_01_PhysicsAsset'
[2018.03.23-02.40.00:227][923]LogLinker: Warning: Can't find file for asset '/Game/Rifle_01/Character/Mesh/M4_Rifle_01_PhysicsAsset' while loading C:/Users/Cameron/Documents/GitHub/TwistedFateGame/TwistedFateGame/Content/ThirdPersonBP/Animations/Rifle_01/Character/Mesh/M4_Rifle_01.uasset.
[2018.03.23-02.40.00:227][923]LogLinker: Warning: Can't find file '/Game/Rifle_01/Character/Mesh/M4_Rifle_01_Skeleton'
[2018.03.23-02.40.00:227][923]LogLinker: Warning: Can't find file for asset '/Game/Rifle_01/Character/Mesh/M4_Rifle_01_Skeleton' while loading C:/Users/Cameron/Documents/GitHub/TwistedFateGame/TwistedFateGame/Content/ThirdPersonBP/Animations/Rifle_01/Character/Mesh/M4_Rifle_01.uasset.
[2018.03.23-02.40.00:480][923]LogLinker: Warning: Can't find file '/Game/Rifle_01/Character/Mesh/M4_Rifle_01_Skeleton'
[2018.03.23-02.40.00:480][923]LoadErrors: Failed to load /Game/Rifle_01/Character/Mesh/M4_Rifle_01_Skeleton.M4_Rifle_01_Skeleton Referenced by M4_Rifle_01
[2018.03.23-02.40.00:480][923]LogLinker: Warning: Can't find file for asset '/Game/Rifle_01/Character/Mesh/M4_Rifle_01_Skeleton' while loading NULL.
[2018.03.23-02.40.00:480][923]LogLinker: Warning: Can't find file '/Game/Rifle_01/Character/Mesh/M4_Rifle_01_PhysicsAsset'
[2018.03.23-02.40.00:480][923]LoadErrors: Failed to load /Game/Rifle_01/Character/Mesh/M4_Rifle_01_PhysicsAsset.M4_Rifle_01_PhysicsAsset Referenced by M4_Rifle_01
[2018.03.23-02.40.00:480][923]LogLinker: Warning: Can't find file for asset '/Game/Rifle_01/Character/Mesh/M4_Rifle_01_PhysicsAsset' while loading NULL.
[2018.03.23-02.40.00:481][923]LogLinker: Warning: Can't find file '/Game/Rifle_01/Character/Materials/M4_Mat'
[2018.03.23-02.40.00:481][923]LoadErrors: Failed to load /Game/Rifle_01/Character/Materials/M4_Mat.M4_Mat Referenced by M4_Rifle_01
[2018.03.23-02.40.00:481][923]LogLinker: Warning: Can't find file for asset '/Game/Rifle_01/Character/Materials/M4_Mat' while loading NULL.
[2018.03.23-02.40.00:812][923]LogLoad: Game class is 'TwistedFate_GM_C'
[2018.03.23-02.40.00:872][923]LogWorld: Bringing World /Game/Maps/UEDPIE_0_Level_1.Level_1 up for play (max tick rate 0) at 2018.03.22-22.40.00
[2018.03.23-02.40.00:875][923]LogWorld: Bringing up level for play took: 0.033202
[2018.03.23-02.40.00:984][923]LogContentBrowser: Native class hierarchy updated for 'MovieSceneCapture' in 0.0003 seconds. Added 11 classes and 0 folders.
[2018.03.23-02.40.01:063][923]PIE: Play in editor start time for /Game/Maps/UEDPIE_0_Level_1 6.27
[2018.03.23-02.57.57:181][260]LogTemp: Repeating last play command: Selected Viewport
[2018.03.23-02.57.57:202][260]LogPlayLevel: PlayLevel: No blueprints needed recompiling
[2018.03.23-02.57.57:202][260]LogHMD: Initializing OVRPlugin session
[2018.03.23-02.57.57:226][260]PIE: New page: PIE session: Level_1 (Mar 22, 2018, 6:57:57 PM)
[2018.03.23-02.57.57:227][260]LogPlayLevel: Creating play world package: /Game/Maps/UEDPIE_0_Level_1
[2018.03.23-02.57.57:433][260]LogPlayLevel: PIE: StaticDuplicateObject took: (0.206831s)
[2018.03.23-02.57.57:434][260]LogAIModule: Creating AISystem for world Level_1
[2018.03.23-02.57.57:435][260]LogPlayLevel: PIE: World Init took: (0.000964s)
[2018.03.23-02.57.57:435][260]LogPlayLevel: PIE: Created PIE world by copying editor world from /Game/Maps/Level_1.Level_1 to /Game/Maps/UEDPIE_0_Level_1.Level_1 (0.208409s)
[2018.03.23-02.57.57:464][260]LogInit: XAudio2 using 'Speakers (Klipsch PM2.1 BT Stereo)' : 2 channels at 44.1 kHz using 16 bits per sample (channel mask 0x3)
[2018.03.23-02.57.57:474][260]LogInit: FAudioDevice initialized.
[2018.03.23-02.57.57:515][260]LogLoad: Game class is 'TwistedFate_GM_C'
[2018.03.23-02.57.57:535][260]LogWorld: Bringing World /Game/Maps/UEDPIE_0_Level_1.Level_1 up for play (max tick rate 0) at 2018.03.22-22.57.57
[2018.03.23-02.57.57:537][260]LogWorld: Bringing up level for play took: 0.020726
[2018.03.23-02.57.57:541][260]PIE: Play in editor start time for /Game/Maps/UEDPIE_0_Level_1 0.747
[2018.03.23-02.58.15:005][600]LogTemp: Repeating last play command: Selected Viewport
[2018.03.23-02.58.15:026][600]LogPlayLevel: PlayLevel: No blueprints needed recompiling
[2018.03.23-02.58.15:026][600]LogHMD: Initializing OVRPlugin session
[2018.03.23-02.58.15:051][600]PIE: New page: PIE session: Level_1 (Mar 22, 2018, 6:58:15 PM)
[2018.03.23-02.58.15:051][600]LogPlayLevel: Creating play world package: /Game/Maps/UEDPIE_0_Level_1
[2018.03.23-02.58.15:250][600]LogPlayLevel: PIE: StaticDuplicateObject took: (0.199063s)
[2018.03.23-02.58.15:251][600]LogAIModule: Creating AISystem for world Level_1
[2018.03.23-02.58.15:251][600]LogPlayLevel: PIE: World Init took: (0.000802s)
[2018.03.23-02.58.15:252][600]LogPlayLevel: PIE: Created PIE world by copying editor world from /Game/Maps/Level_1.Level_1 to /Game/Maps/UEDPIE_0_Level_1.Level_1 (0.200344s)
[2018.03.23-02.58.15:280][600]LogInit: XAudio2 using 'Speakers (Klipsch PM2.1 BT Stereo)' : 2 channels at 44.1 kHz using 16 bits per sample (channel mask 0x3)
[2018.03.23-02.58.15:289][600]LogInit: FAudioDevice initialized.
[2018.03.23-02.58.15:324][600]LogLoad: Game class is 'TwistedFate_GM_C'
[2018.03.23-02.58.15:343][600]LogWorld: Bringing World /Game/Maps/UEDPIE_0_Level_1.Level_1 up for play (max tick rate 0) at 2018.03.22-22.58.15
[2018.03.23-02.58.15:344][600]LogWorld: Bringing up level for play took: 0.019710
[2018.03.23-02.58.15:348][600]PIE: Play in editor start time for /Game/Maps/UEDPIE_0_Level_1 0.555
[2018.03.23-02.58.32:134][792]LogTemp: Repeating last play command: Selected Viewport
[2018.03.23-02.58.32:155][792]LogPlayLevel: PlayLevel: No blueprints needed recompiling
[2018.03.23-02.58.32:155][792]LogHMD: Initializing OVRPlugin session
[2018.03.23-02.58.32:179][792]PIE: New page: PIE session: Level_1 (Mar 22, 2018, 6:58:32 PM)
[2018.03.23-02.58.32:179][792]LogPlayLevel: Creating play world package: /Game/Maps/UEDPIE_0_Level_1
[2018.03.23-02.58.32:377][792]LogPlayLevel: PIE: StaticDuplicateObject took: (0.197975s)
[2018.03.23-02.58.32:378][792]LogAIModule: Creating AISystem for world Level_1
[2018.03.23-02.58.32:378][792]LogPlayLevel: PIE: World Init took: (0.000851s)
[2018.03.23-02.58.32:379][792]LogPlayLevel: PIE: Created PIE world by copying editor world from /Game/Maps/Level_1.Level_1 to /Game/Maps/UEDPIE_0_Level_1.Level_1 (0.199414s)
[2018.03.23-02.58.32:408][792]LogInit: XAudio2 using 'Speakers (Klipsch PM2.1 BT Stereo)' : 2 channels at 44.1 kHz using 16 bits per sample (channel mask 0x3)
[2018.03.23-02.58.32:416][792]LogInit: FAudioDevice initialized.
[2018.03.23-02.58.32:447][792]LogLoad: Game class is 'TwistedFate_GM_C'
[2018.03.23-02.58.32:465][792]LogWorld: Bringing World /Game/Maps/UEDPIE_0_Level_1.Level_1 up for play (max tick rate 0) at 2018.03.22-22.58.32
[2018.03.23-02.58.32:466][792]LogWorld: Bringing up level for play took: 0.018324
[2018.03.23-02.58.32:469][792]PIE: Play in editor start time for /Game/Maps/UEDPIE_0_Level_1 -0.324
[2018.03.23-02.58.46:487][628]Cmd: DELETE
[2018.03.23-02.58.46:487][628]Cmd: ACTOR DELETE
[2018.03.23-02.58.46:606][628]LogEditorActor: Deleted Actor: AmbientSound
[2018.03.23-02.58.46:618][628]LogEditorActor: Deleted 1 Actors (0.088 secs)
[2018.03.23-02.58.58:613][256]Cmd: QUIT_EDITOR
[2018.03.23-02.58.59:481][256]LogWindowsTextInputMethodSystem: Display: IME system now deactivated.
[2018.03.23-02.58.59:498][256]LogExit: Preparing to exit.
[2018.03.23-02.58.59:981][256]LogExit: Editor shut down
[2018.03.23-02.58.59:985][256]LogExit: Transaction tracking system shut down
[2018.03.23-02.59.00:257][256]LogDirectoryWatcher: A directory notification for '../../../Engine/Content/' was aborted.
[2018.03.23-02.59.00:257][256]LogDirectoryWatcher: A directory notification for 'C:/Users/Cameron/Documents/GitHub/TwistedFateGame/TwistedFateGame/Content/' was aborted.
[2018.03.23-02.59.00:257][256]LogDirectoryWatcher: A directory notification for '../../../Engine/Plugins/2D/Paper2D/Content/' was aborted.
[2018.03.23-02.59.00:257][256]LogDirectoryWatcher: A directory notification for '../../../Engine/Plugins/Media/MediaCompositing/Content/' was aborted.
[2018.03.23-02.59.00:257][256]LogDirectoryWatcher: A directory notification for '../../../Engine/Plugins/Runtime/AppleARKit/Content/' was aborted.
[2018.03.23-02.59.00:257][256]LogDirectoryWatcher: A directory notification for '../../../Engine/Plugins/Runtime/Oculus/OculusVR/Content/' was aborted.
[2018.03.23-02.59.00:258][256]LogDirectoryWatcher: A directory notification for '../../../Engine/Plugins/Runtime/Steam/SteamVR/Content/' was aborted.
[2018.03.23-02.59.00:331][256]LogExit: Object subsystem successfully closed.
[2018.03.23-02.59.00:358][256]LogD3D11RHI: Shutdown
[2018.03.23-02.59.00:358][256]LogD3D11RHI: CleanupD3DDevice
[2018.03.23-02.59.00:361][256]LogD3D11RHI: ~FD3D11DynamicRHI
[2018.03.23-02.59.00:369][256]LogModuleManager: Shutting down and abandoning module MovieSceneCapture (550)
[2018.03.23-02.59.00:369][256]LogModuleManager: Shutting down and abandoning module HierarchicalLODOutliner (548)
[2018.03.23-02.59.00:369][256]LogModuleManager: Shutting down and abandoning module SceneOutliner (546)
[2018.03.23-02.59.00:369][256]LogModuleManager: Shutting down and abandoning module AddContentDialog (544)
[2018.03.23-02.59.00:369][256]LogDirectoryWatcher: A directory notification for 'E:/UE_4.18/FeaturePacks/' was aborted.
[2018.03.23-02.59.00:370][256]LogModuleManager: Shutting down and abandoning module WidgetCarousel (543)
[2018.03.23-02.59.00:370][256]LogModuleManager: Shutting down and abandoning module EditorWidgets (540)
[2018.03.23-02.59.00:370][256]LogModuleManager: Shutting down and abandoning module CollectionManager (538)
[2018.03.23-02.59.00:370][256]LogDirectoryWatcher: A directory notification for 'C:/Users/Cameron/Documents/GitHub/TwistedFateGame/TwistedFateGame/Content/Collections/' was aborted.
[2018.03.23-02.59.00:370][256]LogDirectoryWatcher: A directory notification for 'C:/Users/Cameron/Documents/GitHub/TwistedFateGame/TwistedFateGame/Content/Developers/Cameron/Collections/' was aborted.
[2018.03.23-02.59.00:370][256]LogDirectoryWatcher: A directory notification for 'C:/Users/Cameron/Documents/GitHub/TwistedFateGame/TwistedFateGame/Saved/Collections/' was aborted.
[2018.03.23-02.59.00:370][256]LogModuleManager: Shutting down and abandoning module StatsViewer (536)
[2018.03.23-02.59.00:370][256]LogModuleManager: Shutting down and abandoning module FoliageEdit (534)
[2018.03.23-02.59.00:370][256]LogModuleManager: Shutting down and abandoning module LandscapeEditor (532)
[2018.03.23-02.59.00:370][256]LogModuleManager: Shutting down and abandoning module MeshPaintMode (530)
[2018.03.23-02.59.00:370][256]LogModuleManager: Shutting down and abandoning module SceneDepthPickerMode (528)
[2018.03.23-02.59.00:370][256]LogModuleManager: Shutting down and abandoning module ActorPickerMode (526)
[2018.03.23-02.59.00:370][256]LogModuleManager: Shutting down and abandoning module GeometryMode (524)
[2018.03.23-02.59.00:370][256]LogModuleManager: Shutting down and abandoning module TextureAlignMode (522)
[2018.03.23-02.59.00:370][256]LogModuleManager: Shutting down and abandoning module BspMode (520)
[2018.03.23-02.59.00:370][256]LogModuleManager: Shutting down and abandoning module PIEPreviewDeviceProfileSelector (518)
[2018.03.23-02.59.00:370][256]LogModuleManager: Shutting down and abandoning module HardwareSurvey (516)
[2018.03.23-02.59.00:370][256]LogModuleManager: Shutting down and abandoning module SequenceRecorderSections (514)
[2018.03.23-02.59.00:370][256]LogModuleManager: Shutting down and abandoning module AutomationWorker (512)
[2018.03.23-02.59.00:370][256]LogModuleManager: Shutting down and abandoning module MatineeToLevelSequence (510)
[2018.03.23-02.59.00:370][256]LogModuleManager: Shutting down and abandoning module LevelSequenceEditor (508)
[2018.03.23-02.59.00:370][256]LogModuleManager: Shutting down and abandoning module PlacementMode (507)
[2018.03.23-02.59.00:370][256]LogModuleManager: Shutting down and abandoning module WmfMediaFactory (504)
[2018.03.23-02.59.00:370][256]LogModuleManager: Shutting down and abandoning module WmfMediaEditor (502)
[2018.03.23-02.59.00:370][256]LogModuleManager: Shutting down and abandoning module OpenExrWrapper (500)
[2018.03.23-02.59.00:370][256]LogModuleManager: Shutting down and abandoning module ImgMediaFactory (498)
[2018.03.23-02.59.00:370][256]LogModuleManager: Shutting down and abandoning module ImgMediaEditor (496)
[2018.03.23-02.59.00:370][256]LogModuleManager: Shutting down and abandoning module AvfMediaFactory (494)
[2018.03.23-02.59.00:370][256]LogModuleManager: Shutting down and abandoning module AvfMediaEditor (492)
[2018.03.23-02.59.00:370][256]LogModuleManager: Shutting down and abandoning module AndroidMediaFactory (490)
[2018.03.23-02.59.00:370][256]LogModuleManager: Shutting down and abandoning module AndroidMediaEditor (488)
[2018.03.23-02.59.00:371][256]LogModuleManager: Shutting down and abandoning module CharacterAI (486)
[2018.03.23-02.59.00:371][256]LogModuleManager: Shutting down and abandoning module AudioCapture (484)
[2018.03.23-02.59.00:371][256]LogModuleManager: Shutting down and abandoning module SequenceRecorder (483)
[2018.03.23-02.59.00:371][256]LogModuleManager: Shutting down and abandoning module SmartSnapping (480)
[2018.03.23-02.59.00:371][256]LogModuleManager: Shutting down and abandoning module SessionServices (478)
[2018.03.23-02.59.00:371][256]LogModuleManager: Shutting down and abandoning module ViewportSnapping (476)
[2018.03.23-02.59.00:371][256]LogModuleManager: Shutting down and abandoning module ViewportInteraction (474)
[2018.03.23-02.59.00:371][256]LogModuleManager: Shutting down and abandoning module ClothPainter (472)
[2018.03.23-02.59.00:371][256]LogModuleManager: Shutting down and abandoning module SkeletalMeshEditor (471)
[2018.03.23-02.59.00:371][256]LogModuleManager: Shutting down and abandoning module LogVisualizer (468)
[2018.03.23-02.59.00:371][256]LogModuleManager: Shutting down and abandoning module IntroTutorials (466)
[2018.03.23-02.59.00:371][256]LogModuleManager: Shutting down and abandoning module GameProjectGeneration (465)
[2018.03.23-02.59.00:371][256]LogModuleManager: Shutting down and abandoning module IOSPlatformEditor (462)
[2018.03.23-02.59.00:371][256]LogModuleManager: Shutting down and abandoning module HTML5PlatformEditor (460)
[2018.03.23-02.59.00:371][256]LogModuleManager: Shutting down and abandoning module AndroidPlatformEditor (458)
[2018.03.23-02.59.00:371][256]LogModuleManager: Shutting down and abandoning module AndroidDeviceDetection (457)
[2018.03.23-02.59.01:005][256]LogModuleManager: Shutting down and abandoning module WindowsPlatformEditor (454)
[2018.03.23-02.59.01:005][256]LogModuleManager: Shutting down and abandoning module IOSRuntimeSettings (452)
[2018.03.23-02.59.01:005][256]LogModuleManager: Shutting down and abandoning module AndroidRuntimeSettings (450)
[2018.03.23-02.59.01:005][256]LogModuleManager: Shutting down and abandoning module InputBindingEditor (448)
[2018.03.23-02.59.01:005][256]LogModuleManager: Shutting down and abandoning module MergeActors (446)
[2018.03.23-02.59.01:005][256]LogModuleManager: Shutting down and abandoning module SizeMap (444)
[2018.03.23-02.59.01:005][256]LogModuleManager: Shutting down and abandoning module TreeMap (442)
[2018.03.23-02.59.01:005][256]LogModuleManager: Shutting down and abandoning module ReferenceViewer (440)
[2018.03.23-02.59.01:005][256]LogModuleManager: Shutting down and abandoning module LocalizationDashboard (438)
[2018.03.23-02.59.01:006][256]LogModuleManager: Shutting down and abandoning module LocalizationService (437)
[2018.03.23-02.59.01:006][256]LogModuleManager: Shutting down and abandoning module HardwareTargeting (434)
[2018.03.23-02.59.01:006][256]LogModuleManager: Shutting down and abandoning module DeviceProfileEditor (432)
[2018.03.23-02.59.01:006][256]LogModuleManager: Shutting down and abandoning module UndoHistory (430)
[2018.03.23-02.59.01:006][256]LogModuleManager: Shutting down and abandoning module XmlParser (428)
[2018.03.23-02.59.01:006][256]LogModuleManager: Shutting down and abandoning module Blutility (426)
[2018.03.23-02.59.01:006][256]LogModuleManager: Shutting down and abandoning module ProjectSettingsViewer (424)
[2018.03.23-02.59.01:006][256]LogModuleManager: Shutting down and abandoning module ProjectTargetPlatformEditor (423)
[2018.03.23-02.59.01:007][256]LogModuleManager: Shutting down and abandoning module EditorSettingsViewer (420)
[2018.03.23-02.59.01:007][256]LogModuleManager: Shutting down and abandoning module SettingsEditor (418)
[2018.03.23-02.59.01:007][256]LogModuleManager: Shutting down and abandoning module ProjectLauncher (416)
[2018.03.23-02.59.01:007][256]LogModuleManager: Shutting down and abandoning module SessionFrontend (414)
[2018.03.23-02.59.01:007][256]LogModuleManager: Shutting down and abandoning module ProfilerClient (412)
[2018.03.23-02.59.01:007][256]LogModuleManager: Shutting down and abandoning module DeviceManager (410)
[2018.03.23-02.59.01:008][256]LogModuleManager: Shutting down and abandoning module TargetDeviceServices (409)
[2018.03.23-02.59.01:062][256]LogModuleManager: Shutting down and abandoning module AutomationController (406)
[2018.03.23-02.59.01:062][256]LogModuleManager: Shutting down and abandoning module AutomationWindow (404)
[2018.03.23-02.59.01:063][256]LogModuleManager: Shutting down and abandoning module Layers (402)
[2018.03.23-02.59.01:063][256]LogModuleManager: Shutting down and abandoning module ComponentVisualizers (400)
[2018.03.23-02.59.01:063][256]LogModuleManager: Shutting down and abandoning module DetailCustomizations (398)
[2018.03.23-02.59.01:063][256]LogModuleManager: Shutting down and abandoning module PackagesDialog (396)
[2018.03.23-02.59.01:064][256]LogModuleManager: Shutting down and abandoning module Persona (394)
[2018.03.23-02.59.01:064][256]LogModuleManager: Shutting down and abandoning module AdvancedPreviewScene (393)
[2018.03.23-02.59.01:064][256]LogModuleManager: Shutting down and abandoning module AnimGraph (391)
[2018.03.23-02.59.01:064][256]LogModuleManager: Shutting down and abandoning module Kismet (388)
[2018.03.23-02.59.01:068][256]LogModuleManager: Shutting down and abandoning module ClassViewer (386)
[2018.03.23-02.59.01:068][256]LogModuleManager: Shutting down and abandoning module Toolbox (384)
[2018.03.23-02.59.01:068][256]LogModuleManager: Shutting down and abandoning module ModuleUI (382)
[2018.03.23-02.59.01:068][256]LogModuleManager: Shutting down and abandoning module MovieSceneTools (380)
[2018.03.23-02.59.01:068][256]LogModuleManager: Shutting down and abandoning module OutputLog (378)
[2018.03.23-02.59.01:068][256]LogModuleManager: Shutting down and abandoning module GammaUI (376)
[2018.03.23-02.59.01:069][256]LogModuleManager: Shutting down and abandoning module Documentation (374)
[2018.03.23-02.59.01:069][256]LogModuleManager: Shutting down and abandoning module MovieSceneTracks (372)
[2018.03.23-02.59.01:069][256]LogModuleManager: Shutting down and abandoning module MovieScene (370)
[2018.03.23-02.59.01:069][256]LogModuleManager: Shutting down and abandoning module StreamingPauseRendering (368)
[2018.03.23-02.59.01:069][256]LogModuleManager: Shutting down and abandoning module LauncherPlatform (366)
[2018.03.23-02.59.01:069][256]LogModuleManager: Shutting down and abandoning module AnalyticsET (364)
[2018.03.23-02.59.01:069][256]LogModuleManager: Shutting down and abandoning module PortalServices (362)
[2018.03.23-02.59.01:069][256]LogModuleManager: Shutting down and abandoning module PortalRpc (360)
[2018.03.23-02.59.01:069][256]LogModuleManager: Shutting down and abandoning module MessagingRpc (358)
[2018.03.23-02.59.01:069][256]LogModuleManager: Shutting down and abandoning module AIModule (356)
[2018.03.23-02.59.01:069][256]LogModuleManager: Shutting down and abandoning module GameplayDebugger (355)
[2018.03.23-02.59.01:070][256]LogModuleManager: Shutting down and abandoning module AITestSuite (353)
[2018.03.23-02.59.01:070][256]LogModuleManager: Shutting down and abandoning module DesktopPlatform (350)
[2018.03.23-02.59.01:070][256]LogModuleManager: Shutting down and abandoning module ProfilerService (348)
[2018.03.23-02.59.01:164][256]LogModuleManager: Shutting down and abandoning module TaskGraph (346)
[2018.03.23-02.59.01:164][256]LogModuleManager: Shutting down and abandoning module SteamVRController (344)
[2018.03.23-02.59.01:164][256]LogModuleManager: Shutting down and abandoning module ProceduralMeshComponentEditor (342)
[2018.03.23-02.59.01:164][256]LogModuleManager: Shutting down and abandoning module ProceduralMeshComponent (340)
[2018.03.23-02.59.01:164][256]LogModuleManager: Shutting down and abandoning module OculusInput (338)
[2018.03.23-02.59.01:164][256]LogModuleManager: Shutting down and abandoning module MobilePatchingUtils (336)
[2018.03.23-02.59.01:165][256]LogModuleManager: Shutting down and abandoning module CustomMeshComponent (334)
[2018.03.23-02.59.01:165][256]LogModuleManager: Shutting down and abandoning module CableComponent (332)
[2018.03.23-02.59.01:165][256]LogModuleManager: Shutting down and abandoning module ArchVisCharacter (330)
[2018.03.23-02.59.01:165][256]LogModuleManager: Shutting down and abandoning module AndroidPermission (328)
[2018.03.23-02.59.01:165][256]LogModuleManager: Shutting down and abandoning module ActorSequence (324)
[2018.03.23-02.59.01:165][256]LogModuleManager: Shutting down and abandoning module MediaPlayerEditor (322)
[2018.03.23-02.59.01:165][256]LogModuleManager: Shutting down and abandoning module MediaCompositingEditor (320)
[2018.03.23-02.59.01:165][256]LogModuleManager: Shutting down and abandoning module MediaCompositing (318)
[2018.03.23-02.59.01:165][256]LogModuleManager: Shutting down and abandoning module HTML5Networking (316)
[2018.03.23-02.59.01:165][256]LogModuleManager: Shutting down and abandoning module AlembicImporter (314)
[2018.03.23-02.59.01:165][256]LogModuleManager: Shutting down and abandoning module AlembicLibrary (313)
[2018.03.23-02.59.01:165][256]LogModuleManager: Shutting down and abandoning module GeometryCache (312)
[2018.03.23-02.59.01:165][256]LogModuleManager: Shutting down and abandoning module GeometryCacheEd (311)
[2018.03.23-02.59.01:165][256]LogModuleManager: Shutting down and abandoning module SpeedTreeImporter (306)
[2018.03.23-02.59.01:165][256]LogModuleManager: Shutting down and abandoning module PluginBrowser (304)
[2018.03.23-02.59.01:166][256]LogModuleManager: Shutting down and abandoning module MobileLauncherProfileWizard (302)
[2018.03.23-02.59.01:166][256]LogModuleManager: Shutting down and abandoning module VisualStudioSourceCodeAccess (300)
[2018.03.23-02.59.01:166][256]LogModuleManager: Shutting down and abandoning module VisualStudioCodeSourceCodeAccess (298)
[2018.03.23-02.59.01:166][256]LogModuleManager: Shutting down and abandoning module UObjectPlugin (296)
[2018.03.23-02.59.01:166][256]LogModuleManager: Shutting down and abandoning module SubversionSourceControl (294)
[2018.03.23-02.59.01:166][256]LogModuleManager: Shutting down and abandoning module PerforceSourceControl (292)
[2018.03.23-02.59.01:166][256]LogModuleManager: Shutting down and abandoning module GitSourceControl (290)
[2018.03.23-02.59.01:166][256]LogModuleManager: Shutting down and abandoning module SourceControl (289)
[2018.03.23-02.59.01:166][256]LogModuleManager: Shutting down and abandoning module LightPropagationVolumeEditor (286)
[2018.03.23-02.59.01:166][256]LogModuleManager: Shutting down and abandoning module PaperTiledImporter (284)
[2018.03.23-02.59.01:167][256]LogModuleManager: Shutting down and abandoning module PaperSpriteSheetImporter (282)
[2018.03.23-02.59.01:167][256]LogModuleManager: Shutting down and abandoning module Paper2DEditor (280)
[2018.03.23-02.59.01:167][256]LogModuleManager: Shutting down and abandoning module MeshPaint (279)
[2018.03.23-02.59.01:167][256]LogModuleManager: Shutting down and abandoning module LevelEditor (277)
[2018.03.23-02.59.01:170][256]LogModuleManager: Shutting down and abandoning module PixelInspectorModule (276)
[2018.03.23-02.59.01:170][256]LogModuleManager: Shutting down and abandoning module MainFrame (274)
[2018.03.23-02.59.01:170][256]LogModuleManager: Shutting down and abandoning module HotReload (273)
[2018.03.23-02.59.01:171][256]LogModuleManager: Shutting down and abandoning module RuntimePhysXCooking (268)
[2018.03.23-02.59.01:171][256]LogModuleManager: Shutting down and abandoning module PhysXVehiclesEditor (266)
[2018.03.23-02.59.01:171][256]LogModuleManager: Shutting down and abandoning module PhysXVehicles (264)
[2018.03.23-02.59.01:171][256]LogModuleManager: Shutting down and abandoning module OculusEditor (262)
[2018.03.23-02.59.01:171][256]LogModuleManager: Shutting down and abandoning module LocationServicesBPLibrary (260)
[2018.03.23-02.59.01:171][256]LogModuleManager: Shutting down and abandoning module ImmediatePhysicsEditor (258)
[2018.03.23-02.59.01:171][256]LogModuleManager: Shutting down and abandoning module ImmediatePhysics (256)
[2018.03.23-02.59.01:172][256]LogModuleManager: Shutting down and abandoning module UdpMessaging (254)
[2018.03.23-02.59.01:272][256]LogModuleManager: Shutting down and abandoning module TcpMessaging (252)
[2018.03.23-02.59.01:373][256]LogModuleManager: Shutting down and abandoning module GameplayTagsEditor (250)
[2018.03.23-02.59.01:373][256]LogModuleManager: Shutting down and abandoning module FacialAnimationEditor (248)
[2018.03.23-02.59.01:373][256]LogModuleManager: Shutting down and abandoning module FacialAnimation (246)
[2018.03.23-02.59.01:373][256]LogModuleManager: Shutting down and abandoning module AssetManagerEditor (244)
[2018.03.23-02.59.01:374][256]LogModuleManager: Shutting down and abandoning module GraphEditor (243)
[2018.03.23-02.59.01:374][256]LogModuleManager: Shutting down and abandoning module ContentBrowser (241)
[2018.03.23-02.59.01:377][256]LogModuleManager: Shutting down and abandoning module LightPropagationVolumeRuntime (238)
[2018.03.23-02.59.01:377][256]LogModuleManager: Shutting down and abandoning module Paper2D (236)
[2018.03.23-02.59.01:377][256]LogModuleManager: Shutting down and abandoning module WindowsMoviePlayer (234)
[2018.03.23-02.59.01:377][256]LogModuleManager: Shutting down and abandoning module WmfMedia (232)
[2018.03.23-02.59.01:382][256]LogModuleManager: Shutting down and abandoning module ImgMedia (230)
[2018.03.23-02.59.01:382][256]LogModuleManager: Shutting down and abandoning module PacketHandler (228)
[2018.03.23-02.59.01:382][256]LogModuleManager: Shutting down and abandoning module ClothingSystemEditor (226)
[2018.03.23-02.59.01:382][256]LogModuleManager: Shutting down and abandoning module ClothingSystemRuntime (224)
[2018.03.23-02.59.01:382][256]LogModuleManager: Shutting down and abandoning module MediaAssets (222)
[2018.03.23-02.59.01:382][256]LogModuleManager: Shutting down and abandoning module Media (221)
[2018.03.23-02.59.01:389][256]LogModuleManager: Shutting down and abandoning module Overlay (218)
[2018.03.23-02.59.01:389][256]LogModuleManager: Shutting down and abandoning module OverlayEditor (217)
[2018.03.23-02.59.01:389][256]LogModuleManager: Shutting down and abandoning module VREditor (214)
[2018.03.23-02.59.01:389][256]LogModuleManager: Shutting down and abandoning module StringTableEditor (212)
[2018.03.23-02.59.01:389][256]LogModuleManager: Shutting down and abandoning module GameplayTasksEditor (210)
[2018.03.23-02.59.01:389][256]LogModuleManager: Shutting down and abandoning module BehaviorTreeEditor (208)
[2018.03.23-02.59.01:389][256]LogModuleManager: Shutting down and abandoning module FunctionalTesting (206)
[2018.03.23-02.59.01:389][256]LogModuleManager: Shutting down and abandoning module CollisionAnalyzer (204)
[2018.03.23-02.59.01:390][256]LogModuleManager: Shutting down and abandoning module WorkspaceMenuStructure (203)
[2018.03.23-02.59.01:390][256]LogModuleManager: Shutting down and abandoning module UMG (200)
[2018.03.23-02.59.01:390][256]LogModuleManager: Shutting down and abandoning module UMGEditor (199)
[2018.03.23-02.59.01:390][256]LogModuleManager: Shutting down and abandoning module Sequencer (198)
[2018.03.23-02.59.01:390][256]LogModuleManager: Shutting down and abandoning module MessageLog (195)
[2018.03.23-02.59.01:390][256]LogModuleManager: Shutting down and abandoning module SlateReflector (190)
[2018.03.23-02.59.01:390][256]LogModuleManager: Shutting down and abandoning module Slate (188)
[2018.03.23-02.59.01:390][256]LogModuleManager: Shutting down and abandoning module EditorStyle (186)
[2018.03.23-02.59.01:397][256]LogModuleManager: Shutting down and abandoning module MRMesh (184)
[2018.03.23-02.59.01:397][256]LogModuleManager: Shutting down and abandoning module SourceCodeAccess (182)
[2018.03.23-02.59.01:398][256]LogModuleManager: Shutting down and abandoning module HeadMountedDisplay (180)
[2018.03.23-02.59.01:398][256]LogModuleManager: Shutting down and abandoning module XAudio2 (178)
[2018.03.23-02.59.01:398][256]LogModuleManager: Shutting down and abandoning module Networking (176)
[2018.03.23-02.59.01:398][256]LogModuleManager: Shutting down and abandoning module Core (172)
[2018.03.23-02.59.01:398][256]LogModuleManager: Shutting down and abandoning module LevelSequence (168)
[2018.03.23-02.59.01:398][256]LogModuleManager: Shutting down and abandoning module DirectoryWatcher (166)
[2018.03.23-02.59.01:401][256]LogModuleManager: Shutting down and abandoning module KismetCompiler (164)
[2018.03.23-02.59.01:401][256]LogModuleManager: Shutting down and abandoning module MeshUtilities (162)
[2018.03.23-02.59.01:401][256]LogModuleManager: Shutting down and abandoning module MeshMergeUtilities (161)
[2018.03.23-02.59.01:402][256]LogModuleManager: Shutting down and abandoning module MeshReductionInterface (160)
[2018.03.23-02.59.01:402][256]LogModuleManager: Shutting down and abandoning module SimplygonSwarm (159)
[2018.03.23-02.59.01:402][256]LogModuleManager: Shutting down and abandoning module SimplygonMeshReduction (157)
[2018.03.23-02.59.01:402][256]LogModuleManager: Shutting down and abandoning module QuadricMeshReduction (155)
[2018.03.23-02.59.01:402][256]LogModuleManager: Shutting down and abandoning module MaterialBaking (151)
[2018.03.23-02.59.01:402][256]LogModuleManager: Shutting down and abandoning module DerivedDataCache (148)
[2018.03.23-02.59.01:409][256]LogDerivedDataCache: Shutdown
[2018.03.23-02.59.01:409][256]LogModuleManager: Shutting down and abandoning module TargetPlatform (146)
[2018.03.23-02.59.01:409][256]LogModuleManager: Shutting down and abandoning module VulkanShaderFormat (145)
[2018.03.23-02.59.01:409][256]LogModuleManager: Shutting down and abandoning module ShaderFormatVectorVM (143)
[2018.03.23-02.59.01:409][256]LogModuleManager: Shutting down and abandoning module ShaderFormatOpenGL (141)
[2018.03.23-02.59.01:409][256]LogModuleManager: Shutting down and abandoning module ShaderFormatD3D (139)
[2018.03.23-02.59.01:409][256]LogModuleManager: Shutting down and abandoning module MetalShaderFormat (137)
[2018.03.23-02.59.01:409][256]LogModuleManager: Shutting down and abandoning module TextureFormatUncompressed (135)
[2018.03.23-02.59.01:409][256]LogModuleManager: Shutting down and abandoning module TextureFormatPVR (133)
[2018.03.23-02.59.01:409][256]LogModuleManager: Shutting down and abandoning module TextureFormatDXT (131)
[2018.03.23-02.59.01:409][256]LogModuleManager: Shutting down and abandoning module TextureFormatIntelISPCTexComp (129)
[2018.03.23-02.59.01:409][256]LogModuleManager: Shutting down and abandoning module TextureFormatASTC (127)
[2018.03.23-02.59.01:410][256]LogModuleManager: Shutting down and abandoning module ImageWrapper (126)
[2018.03.23-02.59.01:410][256]LogModuleManager: Shutting down and abandoning module TextureFormatAndroid (123)
[2018.03.23-02.59.01:410][256]LogModuleManager: Shutting down and abandoning module AudioFormatOpus (121)
[2018.03.23-02.59.01:410][256]LogModuleManager: Shutting down and abandoning module AudioFormatOgg (119)
[2018.03.23-02.59.01:410][256]LogModuleManager: Shutting down and abandoning module AudioFormatADPCM (117)
[2018.03.23-02.59.01:410][256]LogModuleManager: Shutting down and abandoning module LinuxTargetPlatform (115)
[2018.03.23-02.59.01:410][256]LogModuleManager: Shutting down and abandoning module LinuxServerTargetPlatform (113)
[2018.03.23-02.59.01:410][256]LogModuleManager: Shutting down and abandoning module LinuxNoEditorTargetPlatform (111)
[2018.03.23-02.59.01:410][256]LogModuleManager: Shutting down and abandoning module LinuxClientTargetPlatform (109)
[2018.03.23-02.59.01:410][256]LogModuleManager: Shutting down and abandoning module TVOSTargetPlatform (107)
[2018.03.23-02.59.01:410][256]LogModuleManager: Shutting down and abandoning module Messaging (105)
[2018.03.23-02.59.01:410][256]LogModuleManager: Shutting down and abandoning module IOSTargetPlatform (103)
[2018.03.23-02.59.01:410][256]LogModuleManager: Shutting down and abandoning module HTML5TargetPlatform (101)
[2018.03.23-02.59.01:410][256]LogModuleManager: Shutting down and abandoning module AndroidTargetPlatform (99)
[2018.03.23-02.59.01:410][256]LogModuleManager: Shutting down and abandoning module Android_PVRTCTargetPlatform (97)
[2018.03.23-02.59.01:410][256]LogModuleManager: Shutting down and abandoning module Android_MultiTargetPlatform (95)
[2018.03.23-02.59.01:410][256]LogModuleManager: Shutting down and abandoning module Android_ETC2TargetPlatform (93)
[2018.03.23-02.59.01:410][256]LogModuleManager: Shutting down and abandoning module Android_ETC1TargetPlatform (91)
[2018.03.23-02.59.01:410][256]LogModuleManager: Shutting down and abandoning module Android_DXTTargetPlatform (89)
[2018.03.23-02.59.01:410][256]LogModuleManager: Shutting down and abandoning module Android_ATCTargetPlatform (87)
[2018.03.23-02.59.01:410][256]LogModuleManager: Shutting down and abandoning module Android_ASTCTargetPlatform (85)
[2018.03.23-02.59.01:410][256]LogModuleManager: Shutting down and abandoning module WindowsTargetPlatform (83)
[2018.03.23-02.59.01:410][256]LogModuleManager: Shutting down and abandoning module WindowsServerTargetPlatform (81)
[2018.03.23-02.59.01:411][256]LogModuleManager: Shutting down and abandoning module WindowsNoEditorTargetPlatform (79)
[2018.03.23-02.59.01:411][256]LogModuleManager: Shutting down and abandoning module WindowsClientTargetPlatform (77)
[2018.03.23-02.59.01:411][256]LogModuleManager: Shutting down and abandoning module MacTargetPlatform (75)
[2018.03.23-02.59.01:411][256]LogModuleManager: Shutting down and abandoning module MacServerTargetPlatform (73)
[2018.03.23-02.59.01:411][256]LogModuleManager: Shutting down and abandoning module MacNoEditorTargetPlatform (71)
[2018.03.23-02.59.01:411][256]LogModuleManager: Shutting down and abandoning module MacClientTargetPlatform (69)
[2018.03.23-02.59.01:411][256]LogModuleManager: Shutting down and abandoning module AllDesktopTargetPlatform (67)
[2018.03.23-02.59.01:411][256]LogModuleManager: Shutting down and abandoning module InputCore (64)
[2018.03.23-02.59.01:411][256]LogModuleManager: Shutting down and abandoning module Settings (62)
[2018.03.23-02.59.01:411][256]LogModuleManager: Shutting down and abandoning module PhysXCooking (60)
[2018.03.23-02.59.01:411][256]LogModuleManager: Shutting down and abandoning module SteamVR (58)
[2018.03.23-02.59.01:411][256]LogModuleManager: Shutting down and abandoning module OculusHMD (56)
[2018.03.23-02.59.01:411][256]LogModuleManager: Shutting down and abandoning module ExampleDeviceProfileSelector (54)
[2018.03.23-02.59.01:411][256]LogModuleManager: Shutting down and abandoning module AppleARKit (52)
[2018.03.23-02.59.01:411][256]LogModuleManager: Shutting down and abandoning module AugmentedReality (51)
[2018.03.23-02.59.01:411][256]LogModuleManager: Shutting down and abandoning module OnlineBlueprintSupport (48)
[2018.03.23-02.59.01:411][256]LogModuleManager: Shutting down and abandoning module OnlineSubsystem (44)
[2018.03.23-02.59.01:411][256]LogModuleManager: Shutting down and abandoning module XMPP (43)
[2018.03.23-02.59.01:412][256]LogModuleManager: Shutting down and abandoning module HTTP (41)
[2018.03.23-02.59.01:412][256]LogHttp: Display: Http module shutting down, but needs to wait on 1 outstanding Http requests:
[2018.03.23-02.59.01:412][256]LogHttp: Display: 	verb=[POST] url=[https://datarouter.ol.epicgames.com/datarouter/api/v1/public/data?SessionID=%7B60242936-45FC-4294-CF63-7386DC266340%7D&AppID=UEEditor.Rocket.Release&AppVersion=4.18.3-3832480%2B%2B%2BUE4%2BRelease-4.18&UserID=53b19e1a4c66008f887ef79341d17316%7Cd5951a104dca4ad0a06bb7043cc25760%7C10cd45eb-d778-418f-954e-16fdba5101c0&AppEnvironment=datacollector-binary&UploadType=eteventstream] status=Processing
[2018.03.23-02.59.01:436][256]LogModuleManager: Shutting down and abandoning module SSL (40)
[2018.03.23-02.59.01:439][256]LogModuleManager: Shutting down and abandoning module AnimationModifiers (36)
[2018.03.23-02.59.01:440][256]LogModuleManager: Shutting down and abandoning module PropertyEditor (35)
[2018.03.23-02.59.01:440][256]LogModuleManager: Shutting down and abandoning module AudioEditor (32)
[2018.03.23-02.59.01:440][256]LogModuleManager: Shutting down and abandoning module TextureCompressor (30)
[2018.03.23-02.59.01:440][256]LogModuleManager: Shutting down and abandoning module ShaderCore (28)
[2018.03.23-02.59.01:440][256]LogModuleManager: Shutting down and abandoning module Landscape (26)
[2018.03.23-02.59.01:440][256]LogModuleManager: Shutting down and abandoning module SlateRHIRenderer (24)
[2018.03.23-02.59.01:441][256]LogModuleManager: Shutting down and abandoning module OpenGLDrv (22)
[2018.03.23-02.59.01:441][256]LogModuleManager: Shutting down and abandoning module D3D11RHI (20)
[2018.03.23-02.59.01:441][256]LogModuleManager: Shutting down and abandoning module AnimGraphRuntime (18)
[2018.03.23-02.59.01:441][256]LogModuleManager: Shutting down and abandoning module Renderer (16)
[2018.03.23-02.59.01:441][256]LogModuleManager: Shutting down and abandoning module Engine (14)
[2018.03.23-02.59.01:441][256]LogModuleManager: Shutting down and abandoning module CoreUObject (12)
[2018.03.23-02.59.01:441][256]LogModuleManager: Shutting down and abandoning module NetworkFile (10)
[2018.03.23-02.59.01:441][256]LogModuleManager: Shutting down and abandoning module CookedIterativeFile (8)
[2018.03.23-02.59.01:441][256]LogModuleManager: Shutting down and abandoning module StreamingFile (6)
[2018.03.23-02.59.01:441][256]LogModuleManager: Shutting down and abandoning module SandboxFile (4)
[2018.03.23-02.59.01:441][256]LogModuleManager: Shutting down and abandoning module PakFile (2)
[2018.03.23-02.59.01:448][256]LogExit: Exiting.
[2018.03.23-02.59.01:473][256]Log file closed, 03/22/18 22:59:01
