Log file open, 03/05/18 00:41:21
LogWindows: Failed to load 'aqProf.dll' (GetLastError=126)
LogWindows: File 'aqProf.dll' does not exist
LogWindows: Failed to load 'VSPerf140.dll' (GetLastError=126)
LogWindows: File 'VSPerf140.dll' does not exist
LogWindows: Failed to load 'VtuneApi.dll' (GetLastError=126)
LogWindows: File 'VtuneApi.dll' does not exist
LogWindows: Failed to load 'VtuneApi32e.dll' (GetLastError=126)
LogWindows: File 'VtuneApi32e.dll' does not exist
LogInit: Display: Running engine for game: TwistedFateGame
LogPlatformFile: Not using cached read wrapper
LogInit: Display: RandInit(-658324147) SRandInit(-658324147).
LogInit: Read version file with build ID '3709383'
LogInit: Overriding engine version to CL 3832480, compatible CL 3709383
LogInit: Registered custom module enumerator with build ID '3709383'
LogTaskGraph: Started task graph with 5 named threads and 14 total threads with 3 sets of task threads.
LogStats: Stats thread started at 0.179838
LogD3D11RHI: Aftermath initialized
LogModuleManager: Display: Found up-to-date module file ../../../Engine/Plugins/2D/Paper2D/Binaries/Win64/UE4Editor-Paper2D.dll (API version 3709383).
LogModuleManager: Display: Found up-to-date module file ../../../Engine/Plugins/2D/Paper2D/Binaries/Win64/UE4Editor-Paper2DEditor.dll (API version 3709383).
LogModuleManager: Display: Found up-to-date module file ../../../Engine/Plugins/2D/Paper2D/Binaries/Win64/UE4Editor-PaperSpriteSheetImporter.dll (API version 3709383).
LogModuleManager: Display: Found up-to-date module file ../../../Engine/Plugins/2D/Paper2D/Binaries/Win64/UE4Editor-PaperTiledImporter.dll (API version 3709383).
LogModuleManager: Display: Found up-to-date module file ../../../Engine/Plugins/2D/Paper2D/Binaries/Win64/UE4Editor-SmartSnapping.dll (API version 3709383).
LogModuleManager: Display: Found up-to-date module file ../../../Engine/Plugins/Blendables/LightPropagationVolume/Binaries/Win64/UE4Editor-LightPropagationVolumeRuntime.dll (API version 3709383).
LogModuleManager: Display: Found up-to-date module file ../../../Engine/Plugins/Blendables/LightPropagationVolume/Binaries/Win64/UE4Editor-LightPropagationVolumeEditor.dll (API version 3709383).
LogModuleManager: Display: Found up-to-date module file ../../../Engine/Plugins/Developer/GitSourceControl/Binaries/Win64/UE4Editor-GitSourceControl.dll (API version 3709383).
LogModuleManager: Display: Found up-to-date module file ../../../Engine/Plugins/Developer/PerforceSourceControl/Binaries/Win64/UE4Editor-PerforceSourceControl.dll (API version 3709383).
LogModuleManager: Display: Found up-to-date module file ../../../Engine/Plugins/Developer/SubversionSourceControl/Binaries/Win64/UE4Editor-SubversionSourceControl.dll (API version 3709383).
LogModuleManager: Display: Found up-to-date module file ../../../Engine/Plugins/Developer/UObjectPlugin/Binaries/Win64/UE4Editor-UObjectPlugin.dll (API version 3709383).
LogModuleManager: Display: Found up-to-date module file ../../../Engine/Plugins/Developer/VisualStudioCodeSourceCodeAccess/Binaries/Win64/UE4Editor-VisualStudioCodeSourceCodeAccess.dll (API version 3709383).
LogModuleManager: Display: Found up-to-date module file ../../../Engine/Plugins/Developer/VisualStudioSourceCodeAccess/Binaries/Win64/UE4Editor-VisualStudioSourceCodeAccess.dll (API version 3709383).
LogModuleManager: Display: Found up-to-date module file ../../../Engine/Plugins/Editor/AssetManagerEditor/Binaries/Win64/UE4Editor-AssetManagerEditor.dll (API version 3709383).
LogModuleManager: Display: Found up-to-date module file ../../../Engine/Plugins/Editor/AudioCapture/Binaries/Win64/UE4Editor-AudioCapture.dll (API version 3709383).
LogModuleManager: Display: Found up-to-date module file ../../../Engine/Plugins/Editor/FacialAnimation/Binaries/Win64/UE4Editor-FacialAnimation.dll (API version 3709383).
LogModuleManager: Display: Found up-to-date module file ../../../Engine/Plugins/Editor/FacialAnimation/Binaries/Win64/UE4Editor-FacialAnimationEditor.dll (API version 3709383).
LogModuleManager: Display: Found up-to-date module file ../../../Engine/Plugins/Editor/GameplayTagsEditor/Binaries/Win64/UE4Editor-GameplayTagsEditor.dll (API version 3709383).
LogModuleManager: Display: Found up-to-date module file ../../../Engine/Plugins/Editor/MobileLauncherProfileWizard/Binaries/Win64/UE4Editor-MobileLauncherProfileWizard.dll (API version 3709383).
LogModuleManager: Display: Found up-to-date module file ../../../Engine/Plugins/Editor/PluginBrowser/Binaries/Win64/UE4Editor-PluginBrowser.dll (API version 3709383).
LogModuleManager: Display: Found up-to-date module file ../../../Engine/Plugins/Editor/SpeedTreeImporter/Binaries/Win64/UE4Editor-SpeedTreeImporter.dll (API version 3709383).
LogModuleManager: Display: Found up-to-date module file ../../../Engine/Plugins/Experimental/AlembicImporter/Binaries/Win64/UE4Editor-AlembicImporter.dll (API version 3709383).
LogModuleManager: Display: Found up-to-date module file ../../../Engine/Plugins/Experimental/AlembicImporter/Binaries/Win64/UE4Editor-AlembicLibrary.dll (API version 3709383).
LogModuleManager: Display: Found up-to-date module file ../../../Engine/Plugins/Experimental/CharacterAI/Binaries/Win64/UE4Editor-CharacterAI.dll (API version 3709383).
LogModuleManager: Display: Found up-to-date module file ../../../Engine/Plugins/Experimental/HTML5Networking/Binaries/Win64/UE4Editor-HTML5Networking.dll (API version 3709383).
LogModuleManager: Display: Found up-to-date module file ../../../Engine/Plugins/Media/AndroidMedia/Binaries/Win64/UE4Editor-AndroidMediaEditor.dll (API version 3709383).
LogModuleManager: Display: Found up-to-date module file ../../../Engine/Plugins/Media/AndroidMedia/Binaries/Win64/UE4Editor-AndroidMediaFactory.dll (API version 3709383).
LogModuleManager: Display: Found up-to-date module file ../../../Engine/Plugins/Media/AvfMedia/Binaries/Win64/UE4Editor-AvfMediaEditor.dll (API version 3709383).
LogModuleManager: Display: Found up-to-date module file ../../../Engine/Plugins/Media/AvfMedia/Binaries/Win64/UE4Editor-AvfMediaFactory.dll (API version 3709383).
LogModuleManager: Display: Found up-to-date module file ../../../Engine/Plugins/Media/AvfMedia/Binaries/Win64/UE4Editor-AvfMediaFactory.dll (API version 3709383).
LogModuleManager: Display: Found up-to-date module file ../../../Engine/Plugins/Media/ImgMedia/Binaries/Win64/UE4Editor-ImgMedia.dll (API version 3709383).
LogModuleManager: Display: Found up-to-date module file ../../../Engine/Plugins/Media/ImgMedia/Binaries/Win64/UE4Editor-ImgMediaEditor.dll (API version 3709383).
LogModuleManager: Display: Found up-to-date module file ../../../Engine/Plugins/Media/ImgMedia/Binaries/Win64/UE4Editor-ImgMediaFactory.dll (API version 3709383).
LogModuleManager: Display: Found up-to-date module file ../../../Engine/Plugins/Media/ImgMedia/Binaries/Win64/UE4Editor-ImgMediaFactory.dll (API version 3709383).
LogModuleManager: Display: Found up-to-date module file ../../../Engine/Plugins/Media/ImgMedia/Binaries/Win64/UE4Editor-OpenExrWrapper.dll (API version 3709383).
LogModuleManager: Display: Found up-to-date module file ../../../Engine/Plugins/Media/MediaCompositing/Binaries/Win64/UE4Editor-MediaCompositing.dll (API version 3709383).
LogModuleManager: Display: Found up-to-date module file ../../../Engine/Plugins/Media/MediaCompositing/Binaries/Win64/UE4Editor-MediaCompositingEditor.dll (API version 3709383).
LogModuleManager: Display: Found up-to-date module file ../../../Engine/Plugins/Media/MediaPlayerEditor/Binaries/Win64/UE4Editor-MediaPlayerEditor.dll (API version 3709383).
LogModuleManager: Display: Found up-to-date module file ../../../Engine/Plugins/Media/WmfMedia/Binaries/Win64/UE4Editor-WmfMedia.dll (API version 3709383).
LogModuleManager: Display: Found up-to-date module file ../../../Engine/Plugins/Media/WmfMedia/Binaries/Win64/UE4Editor-WmfMediaEditor.dll (API version 3709383).
LogModuleManager: Display: Found up-to-date module file ../../../Engine/Plugins/Media/WmfMedia/Binaries/Win64/UE4Editor-WmfMediaFactory.dll (API version 3709383).
LogModuleManager: Display: Found up-to-date module file ../../../Engine/Plugins/Media/WmfMedia/Binaries/Win64/UE4Editor-WmfMediaFactory.dll (API version 3709383).
LogModuleManager: Display: Found up-to-date module file ../../../Engine/Plugins/Messaging/TcpMessaging/Binaries/Win64/UE4Editor-TcpMessaging.dll (API version 3709383).
LogModuleManager: Display: Found up-to-date module file ../../../Engine/Plugins/Messaging/UdpMessaging/Binaries/Win64/UE4Editor-UdpMessaging.dll (API version 3709383).
LogModuleManager: Display: Found up-to-date module file ../../../Engine/Plugins/MovieScene/ActorSequence/Binaries/Win64/UE4Editor-ActorSequence.dll (API version 3709383).
LogModuleManager: Display: Found up-to-date module file ../../../Engine/Plugins/MovieScene/LevelSequenceEditor/Binaries/Win64/UE4Editor-LevelSequenceEditor.dll (API version 3709383).
LogModuleManager: Display: Found up-to-date module file ../../../Engine/Plugins/MovieScene/MatineeToLevelSequence/Binaries/Win64/UE4Editor-MatineeToLevelSequence.dll (API version 3709383).
LogModuleManager: Display: Found up-to-date module file ../../../Engine/Plugins/Online/OnlineSubsystem/Binaries/Win64/UE4Editor-OnlineSubsystem.dll (API version 3709383).
LogModuleManager: Display: Found up-to-date module file ../../../Engine/Plugins/Runtime/AndroidPermission/Binaries/Win64/UE4Editor-AndroidPermission.dll (API version 3709383).
LogModuleManager: Display: Found up-to-date module file ../../../Engine/Plugins/Online/OnlineSubsystemNull/Binaries/Win64/UE4Editor-OnlineSubsystemNull.dll (API version 3709383).
LogModuleManager: Display: Found up-to-date module file ../../../Engine/Plugins/Online/OnlineSubsystemUtils/Binaries/Win64/UE4Editor-OnlineSubsystemUtils.dll (API version 3709383).
LogModuleManager: Display: Found up-to-date module file ../../../Engine/Plugins/Online/OnlineSubsystemUtils/Binaries/Win64/UE4Editor-OnlineBlueprintSupport.dll (API version 3709383).
LogModuleManager: Display: Found up-to-date module file ../../../Engine/Plugins/Runtime/AndroidDeviceProfileSelector/Binaries/Win64/UE4Editor-AndroidDeviceProfileSelector.dll (API version 3709383).
LogModuleManager: Display: Found up-to-date module file ../../../Engine/Plugins/Runtime/AppleARKit/Binaries/Win64/UE4Editor-AppleARKit.dll (API version 3709383).
LogModuleManager: Display: Found up-to-date module file ../../../Engine/Plugins/Runtime/ArchVisCharacter/Binaries/Win64/UE4Editor-ArchVisCharacter.dll (API version 3709383).
LogModuleManager: Display: Found up-to-date module file ../../../Engine/Plugins/Runtime/CableComponent/Binaries/Win64/UE4Editor-CableComponent.dll (API version 3709383).
LogModuleManager: Display: Found up-to-date module file ../../../Engine/Plugins/Runtime/CustomMeshComponent/Binaries/Win64/UE4Editor-CustomMeshComponent.dll (API version 3709383).
LogModuleManager: Display: Found up-to-date module file ../../../Engine/Plugins/Runtime/ExampleDeviceProfileSelector/Binaries/Win64/UE4Editor-ExampleDeviceProfileSelector.dll (API version 3709383).
LogModuleManager: Display: Found up-to-date module file ../../../Engine/Plugins/Runtime/ImmediatePhysics/Binaries/Win64/UE4Editor-ImmediatePhysics.dll (API version 3709383).
LogModuleManager: Display: Found up-to-date module file ../../../Engine/Plugins/Runtime/ImmediatePhysics/Binaries/Win64/UE4Editor-ImmediatePhysicsEditor.dll (API version 3709383).
LogModuleManager: Display: Found up-to-date module file ../../../Engine/Plugins/Runtime/LocationServicesBPLibrary/Binaries/Win64/UE4Editor-LocationServicesBPLibrary.dll (API version 3709383).
LogModuleManager: Display: Found up-to-date module file ../../../Engine/Plugins/Runtime/MobilePatchingUtils/Binaries/Win64/UE4Editor-MobilePatchingUtils.dll (API version 3709383).
LogModuleManager: Display: Found up-to-date module file ../../../Engine/Plugins/Runtime/Oculus/OculusVR/Binaries/Win64/UE4Editor-OculusHMD.dll (API version 3709383).
LogModuleManager: Display: Found up-to-date module file ../../../Engine/Plugins/Runtime/Oculus/OculusVR/Binaries/Win64/UE4Editor-OculusInput.dll (API version 3709383).
LogModuleManager: Display: Found up-to-date module file ../../../Engine/Plugins/Runtime/Oculus/OculusVR/Binaries/Win64/UE4Editor-OculusEditor.dll (API version 3709383).
LogModuleManager: Display: Found up-to-date module file ../../../Engine/Plugins/Runtime/PhysXVehicles/Binaries/Win64/UE4Editor-PhysXVehicles.dll (API version 3709383).
LogModuleManager: Display: Found up-to-date module file ../../../Engine/Plugins/Runtime/PhysXVehicles/Binaries/Win64/UE4Editor-PhysXVehiclesEditor.dll (API version 3709383).
LogModuleManager: Display: Found up-to-date module file ../../../Engine/Plugins/Runtime/ProceduralMeshComponent/Binaries/Win64/UE4Editor-ProceduralMeshComponent.dll (API version 3709383).
LogModuleManager: Display: Found up-to-date module file ../../../Engine/Plugins/Runtime/ProceduralMeshComponent/Binaries/Win64/UE4Editor-ProceduralMeshComponentEditor.dll (API version 3709383).
LogModuleManager: Display: Found up-to-date module file ../../../Engine/Plugins/Runtime/RuntimePhysXCooking/Binaries/Win64/UE4Editor-RuntimePhysXCooking.dll (API version 3709383).
LogModuleManager: Display: Found up-to-date module file ../../../Engine/Plugins/Runtime/Steam/SteamVR/Binaries/Win64/UE4Editor-SteamVR.dll (API version 3709383).
LogModuleManager: Display: Found up-to-date module file ../../../Engine/Plugins/Runtime/Steam/SteamVR/Binaries/Win64/UE4Editor-SteamVRController.dll (API version 3709383).
LogModuleManager: Display: Found up-to-date module file ../../../Engine/Plugins/Runtime/WindowsMoviePlayer/Binaries/Win64/UE4Editor-WindowsMoviePlayer.dll (API version 3709383).
LogPluginManager: Mounting plugin Paper2D
LogPluginManager: Mounting plugin LightPropagationVolume
LogPluginManager: Mounting plugin CodeLiteSourceCodeAccess
LogPluginManager: Mounting plugin GitSourceControl
LogPluginManager: Mounting plugin KDevelopSourceCodeAccess
LogPluginManager: Mounting plugin NullSourceCodeAccess
LogPluginManager: Mounting plugin PerforceSourceControl
LogPluginManager: Mounting plugin SubversionSourceControl
LogPluginManager: Mounting plugin UObjectPlugin
LogPluginManager: Mounting plugin VisualStudioCodeSourceCodeAccess
LogPluginManager: Mounting plugin VisualStudioSourceCodeAccess
LogPluginManager: Mounting plugin XCodeSourceCodeAccess
LogPluginManager: Mounting plugin AssetManagerEditor
LogPluginManager: Mounting plugin AudioCapture
LogPluginManager: Mounting plugin FacialAnimation
LogPluginManager: Mounting plugin GameplayTagsEditor
LogPluginManager: Mounting plugin MobileLauncherProfileWizard
LogPluginManager: Mounting plugin PluginBrowser
LogPluginManager: Mounting plugin SpeedTreeImporter
LogPluginManager: Mounting plugin AlembicImporter
LogPluginManager: Mounting plugin CharacterAI
LogPluginManager: Mounting plugin HTML5Networking
LogPluginManager: Mounting plugin AndroidMedia
LogPluginManager: Mounting plugin AvfMedia
LogPluginManager: Mounting plugin ImgMedia
LogPluginManager: Mounting plugin MediaCompositing
LogPluginManager: Mounting plugin MediaPlayerEditor
LogPluginManager: Mounting plugin WmfMedia
LogPluginManager: Mounting plugin TcpMessaging
LogPluginManager: Mounting plugin UdpMessaging
LogPluginManager: Mounting plugin ActorSequence
LogPluginManager: Mounting plugin LevelSequenceEditor
LogPluginManager: Mounting plugin MatineeToLevelSequence
LogPluginManager: Mounting plugin OnlineSubsystemGooglePlay
LogPluginManager: Mounting plugin OnlineSubsystemIOS
LogPluginManager: Mounting plugin OnlineSubsystem
LogPluginManager: Mounting plugin OnlineSubsystemNull
LogPluginManager: Mounting plugin OnlineSubsystemUtils
LogPluginManager: Mounting plugin AndroidDeviceProfileSelector
LogPluginManager: Mounting plugin AndroidMoviePlayer
LogPluginManager: Mounting plugin AndroidPermission
LogPluginManager: Mounting plugin AppleARKit
LogPluginManager: Mounting plugin AppleMoviePlayer
LogPluginManager: Mounting plugin ArchVisCharacter
LogPluginManager: Mounting plugin CableComponent
LogPluginManager: Mounting plugin CustomMeshComponent
LogPluginManager: Mounting plugin ExampleDeviceProfileSelector
LogPluginManager: Mounting plugin GoogleCloudMessaging
LogPluginManager: Mounting plugin ImmediatePhysics
LogPluginManager: Mounting plugin IOSDeviceProfileSelector
LogPluginManager: Mounting plugin LinuxDeviceProfileSelector
LogPluginManager: Mounting plugin LocationServicesBPLibrary
LogPluginManager: Mounting plugin MobilePatchingUtils
LogPluginManager: Mounting plugin OculusVR
LogPluginManager: Plugin shader directory ../../../Engine/Plugins/Runtime/Oculus/OculusVR/Shaders found
LogPluginManager: Mapping shader source directory ../../../Engine/Plugins/Runtime/Oculus/OculusVR/Shaders to virtual directory /Plugin/OculusVR
LogPluginManager: Mounting plugin PhysXVehicles
LogPluginManager: Mounting plugin ProceduralMeshComponent
LogPluginManager: Mounting plugin RuntimePhysXCooking
LogPluginManager: Mounting plugin SteamVR
LogPluginManager: Mounting plugin WindowsMoviePlayer
LogInit: Using libcurl 7.47.1
LogInit:  - built for x86_64-pc-win32
LogInit:  - supports SSL with OpenSSL/1.0.2g
LogInit:  - supports HTTP deflate (compression) using libz 1.2.8
LogInit:  - other features:
LogInit:      CURL_VERSION_SSL
LogInit:      CURL_VERSION_LIBZ
LogInit:      CURL_VERSION_IPV6
LogInit:      CURL_VERSION_ASYNCHDNS
LogInit:      CURL_VERSION_LARGEFILE
LogInit:      CURL_VERSION_IDN
LogInit:  CurlRequestOptions (configurable via config and command line):
LogInit:  - bVerifyPeer = false  - Libcurl will NOT verify peer certificate
LogInit:  - bUseHttpProxy = false  - Libcurl will NOT use HTTP proxy
LogInit:  - bDontReuseConnections = false  - Libcurl will reuse connections
LogInit:  - CertBundlePath = nullptr  - Libcurl will use whatever was configured at build time.
LogInit: Build: ++UE4+Release-4.18-CL-3832480
LogInit: Engine Version: 4.18.3-3832480+++UE4+Release-4.18
LogInit: Compatible Engine Version: 4.18.0-3709383+++UE4+Release-4.18
LogInit: Net CL: 3709383
LogDevObjectVersion: Number of dev versions registered: 16
LogDevObjectVersion:   Dev-Blueprints (B0D832E4-1F89-4F0D-ACCF-7EB736FD4AA2): 10
LogDevObjectVersion:   Dev-Build (E1C64328-A22C-4D53-A36C-8E866417BD8C): 0
LogDevObjectVersion:   Dev-Core (375EC13C-06E4-48FB-B500-84F0262A717E): 2
LogDevObjectVersion:   Dev-Editor (E4B068ED-F494-42E9-A231-DA0B2E46BB41): 20
LogDevObjectVersion:   Dev-Framework (CFFC743F-43B0-4480-9391-14DF171D2073): 30
LogDevObjectVersion:   Dev-Mobile (B02B49B5-BB20-44E9-A304-32B752E40360): 0
LogDevObjectVersion:   Dev-Networking (A4E4105C-59A1-49B5-A7C5-40C4547EDFEE): 0
LogDevObjectVersion:   Dev-Online (39C831C9-5AE6-47DC-9A44-9C173E1C8E7C): 0
LogDevObjectVersion:   Dev-Physics (78F01B33-EBEA-4F98-B9B4-84EACCB95AA2): 0
LogDevObjectVersion:   Dev-Platform (6631380F-2D4D-43E0-8009-CF276956A95A): 0
LogDevObjectVersion:   Dev-Rendering (12F88B9F-8875-4AFC-A67C-D90C383ABD29): 20
LogDevObjectVersion:   Dev-Sequencer (7B5AE74C-D270-4C10-A958-57980B212A5A): 4
LogDevObjectVersion:   Dev-VR (D7296918-1DD6-4BDD-9DE2-64A83CC13884): 0
LogDevObjectVersion:   Dev-LoadTimes (C2A15278-BFE7-4AFE-6C17-90FF531DF755): 1
LogDevObjectVersion:   Private-Geometry (6EACA3D4-40EC-4CC1-B786-8BED09428FC5): 1
LogDevObjectVersion:   Dev-AnimPhys (29E575DD-E0A3-4627-9D10-D276232CDCEA): 12
LogInit: Compiled (64-bit): Jan 12 2018 02:04:55
LogInit: Compiled with Visual C++: 19.00.24215.01
LogInit: Build Configuration: Development
LogInit: Branch Name: ++UE4+Release-4.18
LogInit: Command line:  
LogInit: Base directory: E:/UE_4.18/Engine/Binaries/Win64/
LogInit: Installed Engine Build: 1
LogInit: Presizing for max 8388607 objects, including 0 objects not considered by GC, pre-allocating 0 bytes for permanent pool.
LogInit: Object subsystem initialized
[2018.03.05-05.41.22:913][  0]LogInit: Selected Device Profile: [Windows]
[2018.03.05-05.41.22:913][  0]LogInit: Applying CVar settings loaded from the selected device profile: [Windows]
[2018.03.05-05.41.22:923][  0]LogInit: Computer: DESKTOP-26BKDR7
[2018.03.05-05.41.22:923][  0]LogInit: User: Cameron
[2018.03.05-05.41.22:923][  0]LogInit: CPU Page size=4096, Cores=4
[2018.03.05-05.41.22:923][  0]LogInit: High frequency timer resolution =2.648438 MHz
[2018.03.05-05.41.22:924][  0]LogMemory: Memory total: Physical=15.9GB (16GB approx)
[2018.03.05-05.41.22:924][  0]LogMemory: Platform Memory Stats for Windows
[2018.03.05-05.41.22:924][  0]LogMemory: Process Physical Memory: 282.29 MB used, 282.29 MB peak
[2018.03.05-05.41.22:924][  0]LogMemory: Process Virtual Memory: 286.29 MB used, 286.29 MB peak
[2018.03.05-05.41.22:924][  0]LogMemory: Physical Memory: 5718.54 MB used,  10591.30 MB free, 16309.84 MB total
[2018.03.05-05.41.22:924][  0]LogMemory: Virtual Memory: 731.41 MB used,  10591.30 MB free, 134217728.00 MB total
[2018.03.05-05.41.23:055][  0]LogInit: Using OS detected language (en-US).
[2018.03.05-05.41.23:055][  0]LogInit: Using OS detected locale (en-US).
[2018.03.05-05.41.23:059][  0]LogTextLocalizationManager: No specific localization for 'en-US' exists, so the 'en' localization will be used.
[2018.03.05-05.41.23:509][  0]LogInit: Setting process to per monitor DPI aware
[2018.03.05-05.41.23:799][  0]LogD3D11RHI: D3D11 adapters:
[2018.03.05-05.41.23:832][  0]LogD3D11RHI:    0. 'NVIDIA GeForce GTX 970' (Feature Level 11_0)
[2018.03.05-05.41.23:832][  0]LogD3D11RHI:       4058/0/8154 MB DedicatedVideo/DedicatedSystem/SharedSystem, Outputs:2, VendorId:0x10de
[2018.03.05-05.41.23:834][  0]LogD3D11RHI:    1. 'Microsoft Basic Render Driver' (Feature Level 11_0)
[2018.03.05-05.41.23:834][  0]LogD3D11RHI:       0/0/8154 MB DedicatedVideo/DedicatedSystem/SharedSystem, Outputs:0, VendorId:0x1414
[2018.03.05-05.41.23:834][  0]LogD3D11RHI: Chosen D3D11 Adapter: 0
[2018.03.05-05.41.23:840][  0]LogD3D11RHI: Creating new Direct3DDevice
[2018.03.05-05.41.23:840][  0]LogD3D11RHI:     GPU DeviceId: 0x13c2 (for the marketing name, search the web for "GPU Device Id")
[2018.03.05-05.41.23:841][  0]LogWindows: EnumDisplayDevices:
[2018.03.05-05.41.23:841][  0]LogWindows:    0. 'NVIDIA GeForce GTX 970' (P:1 D:1)
[2018.03.05-05.41.23:841][  0]LogWindows:    1. 'NVIDIA GeForce GTX 970' (P:0 D:1)
[2018.03.05-05.41.23:841][  0]LogWindows:    2. 'NVIDIA GeForce GTX 970' (P:0 D:0)
[2018.03.05-05.41.23:841][  0]LogWindows:    3. 'NVIDIA GeForce GTX 970' (P:0 D:0)
[2018.03.05-05.41.23:841][  0]LogWindows: DebugString: GetVideoDriverDetailsInvalid PrimaryIsNotTheChoosenAdapter GetVideoDriverDetailsInvalid PrimaryIsNotTheChoosenAdapter GetVideoDriverDetailsInvalid PrimaryIsNotTheChoosenAdapter GetVideoDriverDetailsInvalid PrimaryIsNotTheChoosenAdapter FoundDriverCount:0 
[2018.03.05-05.41.23:841][  0]LogD3D11RHI:     Adapter Name: NVIDIA GeForce GTX 970
[2018.03.05-05.41.23:841][  0]LogD3D11RHI:   Driver Version: Unknown (internal:Unknown, unified:Unknown)
[2018.03.05-05.41.23:841][  0]LogD3D11RHI:      Driver Date: Unknown
[2018.03.05-05.41.23:841][  0]LogRHI: Texture pool is 2840 MB (70% of 4058 MB)
[2018.03.05-05.41.23:863][  0]LogD3D11RHI: Async texture creation enabled
[2018.03.05-05.41.23:898][  0]LogD3D11RHI: GPU Timing Frequency: 1000.000000 (Debug: 2 1)
[2018.03.05-05.41.23:942][  0]LogShaderCompilers: Guid format shader working directory is -17 characters bigger than the processId version (C:/Users/Cameron/Documents/GitHub/TwistedFateGame/TwistedFateGame/Intermediate/Shaders/WorkingDirectory/3076/).
[2018.03.05-05.41.23:942][  0]LogShaderCompilers: Cleaned the shader compiler working directory 'C:/Users/Cameron/AppData/Local/Temp/UnrealShaderWorkingDir/6166806D4345D7B587FE76B2A9FAD52A/'.
[2018.03.05-05.41.23:942][  0]LogShaderCompilers: Display: Using Local Shader Compiler.
[2018.03.05-05.41.24:892][  0]LogTemp: Display: Loaded TP AllDesktopTargetPlatform
[2018.03.05-05.41.24:940][  0]LogTemp: Display: Loaded TP MacClientTargetPlatform
[2018.03.05-05.41.24:986][  0]LogTemp: Display: Loaded TP MacNoEditorTargetPlatform
[2018.03.05-05.41.25:033][  0]LogTemp: Display: Loaded TP MacServerTargetPlatform
[2018.03.05-05.41.25:082][  0]LogTemp: Display: Loaded TP MacTargetPlatform
[2018.03.05-05.41.25:131][  0]LogTemp: Display: Loaded TP WindowsClientTargetPlatform
[2018.03.05-05.41.25:180][  0]LogTemp: Display: Loaded TP WindowsNoEditorTargetPlatform
[2018.03.05-05.41.25:226][  0]LogTemp: Display: Loaded TP WindowsServerTargetPlatform
[2018.03.05-05.41.25:266][  0]LogTemp: Display: Loaded TP WindowsTargetPlatform
[2018.03.05-05.41.25:313][  0]LogTemp: Display: Loaded TP Android_ASTCTargetPlatform
[2018.03.05-05.41.25:359][  0]LogTemp: Display: Loaded TP Android_ATCTargetPlatform
[2018.03.05-05.41.25:404][  0]LogTemp: Display: Loaded TP Android_DXTTargetPlatform
[2018.03.05-05.41.25:450][  0]LogTemp: Display: Loaded TP Android_ETC1TargetPlatform
[2018.03.05-05.41.25:495][  0]LogTemp: Display: Loaded TP Android_ETC2TargetPlatform
[2018.03.05-05.41.25:585][  0]LogTemp: Display: Loaded TP Android_MultiTargetPlatform
[2018.03.05-05.41.25:585][  0]LogTemp: Display: Loaded TP Android_PVRTCTargetPlatform
[2018.03.05-05.41.25:633][  0]LogTemp: Display: Loaded TP AndroidTargetPlatform
[2018.03.05-05.41.25:667][  0]LogTemp: Display: Loaded TP HTML5TargetPlatform
[2018.03.05-05.41.25:746][  0]LogTemp: Display: Loaded TP IOSTargetPlatform
[2018.03.05-05.41.25:771][  0]LogTemp: Display: Loaded TP TVOSTargetPlatform
[2018.03.05-05.41.25:816][  0]LogTemp: Display: Loaded TP LinuxClientTargetPlatform
[2018.03.05-05.41.25:861][  0]LogTemp: Display: Loaded TP LinuxNoEditorTargetPlatform
[2018.03.05-05.41.25:908][  0]LogTemp: Display: Loaded TP LinuxServerTargetPlatform
[2018.03.05-05.41.25:954][  0]LogTemp: Display: Loaded TP LinuxTargetPlatform
[2018.03.05-05.41.25:954][  0]LogTargetPlatformManager: Display: Building Assets For Windows
[2018.03.05-05.41.26:353][  0]LogDerivedDataCache: Display: Max Cache Size: 512 MB
[2018.03.05-05.41.26:424][  0]LogDerivedDataCache: Loaded boot cache 0.07s 78MB C:/Users/Cameron/AppData/Local/UnrealEngine/4.18/DerivedDataCache/Boot.ddc.
[2018.03.05-05.41.26:425][  0]LogDerivedDataCache: Display: Loaded Boot cache: C:/Users/Cameron/AppData/Local/UnrealEngine/4.18/DerivedDataCache/Boot.ddc
[2018.03.05-05.41.26:425][  0]LogDerivedDataCache: FDerivedDataBackendGraph:  Pak pak cache file C:/Users/Cameron/Documents/GitHub/TwistedFateGame/TwistedFateGame/DerivedDataCache/DDC.ddp not found, will not use a pak cache.
[2018.03.05-05.41.26:425][  0]LogDerivedDataCache: Unable to find inner node Pak for hierarchical cache Hierarchy.
[2018.03.05-05.41.26:425][  0]LogDerivedDataCache: FDerivedDataBackendGraph:  CompressedPak pak cache file C:/Users/Cameron/Documents/GitHub/TwistedFateGame/TwistedFateGame/DerivedDataCache/Compressed.ddp not found, will not use a pak cache.
[2018.03.05-05.41.26:425][  0]LogDerivedDataCache: Unable to find inner node CompressedPak for hierarchical cache Hierarchy.
[2018.03.05-05.41.26:442][  0]LogDerivedDataCache: Display: Pak cache opened for reading ../../../Engine/DerivedDataCache/Compressed.ddp.
[2018.03.05-05.41.26:454][  0]LogDerivedDataCache: Using Local data cache path C:/Users/Cameron/AppData/Local/UnrealEngine/Common/DerivedDataCache: Writable
[2018.03.05-05.41.26:466][  0]LogMaterial: Verifying Global Shaders for PCD3D_SM5
[2018.03.05-05.41.26:467][  0]LogSlate: Using Freetype 2.6.0
[2018.03.05-05.41.26:467][  0]LogSlate: SlateFontCache - WITH_FREETYPE: 1, WITH_HARFBUZZ: 1
[2018.03.05-05.41.26:467][  0]LogSlate: SlateFontCache - WITH_FREETYPE: 1, WITH_HARFBUZZ: 1
[2018.03.05-05.41.26:875][  0]LogInit: Selected Device Profile: [Windows]
[2018.03.05-05.41.27:191][  0]LogSimplygon: Simplygon DLL not present - disabling.
[2018.03.05-05.41.27:225][  0]LogMeshReduction: Using SimplygonSwarm for distributed automatic mesh merging
[2018.03.05-05.41.27:225][  0]LogMeshReduction: Using QuadricMeshReduction for automatic static mesh reduction
[2018.03.05-05.41.27:225][  0]LogMeshReduction: No automatic skeletal mesh reduction module available
[2018.03.05-05.41.27:225][  0]LogMeshReduction: No automatic mesh merging module available
[2018.03.05-05.41.27:225][  0]LogMeshMerging: No automatic mesh merging module available
[2018.03.05-05.41.27:263][  0]LogNetVersion: TwistedFateGame , NetCL: 3709383, EngineNetVer: 2, GameNetVer: 0 (Checksum: 1574445964)
[2018.03.05-05.41.27:436][  0]LogAssetRegistry: FAssetRegistry took 0.0269 seconds to start up
[2018.03.05-05.41.27:961][  0]LogPackageLocalizationCache: Processed 7 localized package path(s) for 2 prioritized culture(s) in 0.079144 seconds
[2018.03.05-05.41.27:966][  0]LogUObjectArray: 35870 objects as part of root set at end of initial load.
[2018.03.05-05.41.27:966][  0]LogUObjectAllocator: 7363704 out of 0 bytes used by permanent object pool.
[2018.03.05-05.41.27:966][  0]LogUObjectArray: CloseDisregardForGC: 0/0 objects in disregard for GC pool
[2018.03.05-05.41.28:007][  0]LogInit: WinSock: version 1.1 (2.2), MaxSocks=32767, MaxUdp=65467
[2018.03.05-05.41.30:722][  0]LogTcpMessaging: Initializing TcpMessaging bridge
[2018.03.05-05.41.30:762][  0]LogUdpMessaging: Initializing bridge on interface 0.0.0.0:0 to multicast group 230.0.0.1:6666.
[2018.03.05-05.41.31:412][  0]LogMaterial: Uniform references updated for custom material expression Custom.
[2018.03.05-05.41.31:837][  0]SourceControl: Source control is disabled
[2018.03.05-05.41.33:301][  0]LogAndroidPermission: UAndroidPermissionCallbackProxy::GetInstance
[2018.03.05-05.41.33:567][  0]LogOcInput: OculusInput pre-init called
[2018.03.05-05.41.33:838][  0]LogEngine: Initializing Engine...
[2018.03.05-05.41.33:840][  0]LogHMD: Oculus plugin initialized. Version: 4.18.3-3832480+++UE4+Release-4.18, OVRPlugin: 1.19.0
[2018.03.05-05.41.34:054][  0]LogStats: UGameplayTagsManager::ConstructGameplayTagTree: Construct from data asset -  0.000 s
[2018.03.05-05.41.34:054][  0]LogStats: UGameplayTagsManager::ConstructGameplayTagTree: GameplayTagTreeChangedEvent.Broadcast -  0.000 s
[2018.03.05-05.41.34:165][  0]LogAIModule: Creating AISystem for world Untitled
[2018.03.05-05.41.34:188][  0]LogInit: XAudio2 using 'Headset Earphone (2- SteelSeries Arctis 7 Chat)' : 1 channels at 48 kHz using 16 bits per sample (channel mask 0x0)
[2018.03.05-05.41.34:203][  0]LogInit: FAudioDevice initialized.
[2018.03.05-05.41.34:291][  0]LogDerivedDataCache: Saved boot cache 0.09s 78MB C:/Users/Cameron/AppData/Local/UnrealEngine/4.18/DerivedDataCache/Boot.ddc.
[2018.03.05-05.41.34:300][  0]LogInit: Texture streaming: Enabled
[2018.03.05-05.41.34:379][  0]LogEngineSessionManager: EngineSessionManager initialized
[2018.03.05-05.41.34:489][  0]LogInit: Transaction tracking system initialized
[2018.03.05-05.41.34:759][  0]BlueprintLog: New page: Editor Load
[2018.03.05-05.41.35:513][  0]LocalizationService: Localization service is disabled
[2018.03.05-05.41.36:158][  0]LogConsoleResponse: Display: 
[2018.03.05-05.41.36:314][  0]LogAutoReimportManager: Warning: Unable to watch directory C:/Users/Cameron/Documents/GitHub/TwistedFateGame/TwistedFateGame/Content/ as it will conflict with another watching C:/Users/Cameron/Documents/GitHub/TwistedFateGame/TwistedFateGame/Content/.
[2018.03.05-05.41.36:326][  0]LogCook: Display: Max memory allowance for cook 16384mb min free memory 0mb
[2018.03.05-05.41.36:326][  0]LogCook: Display: Mobile HDR setting 1
[2018.03.05-05.41.36:326][  0]LogGameplayTags: Display: UGameplayTagsManager::DoneAddingNativeTags. DelegateIsBound: 0
[2018.03.05-05.41.37:104][  0]LogFileCache: Scanning file cache for directory 'C:/Users/Cameron/Documents/GitHub/TwistedFateGame/TwistedFateGame/Content/' took 0.04s
[2018.03.05-05.41.37:423][  0]Cmd: MAP LOAD FILE="C:/Users/Cameron/Documents/GitHub/TwistedFateGame/TwistedFateGame/Content/ThirdPersonBP/Maps/ThirdPersonExampleMap.umap" TEMPLATE=0 SHOWPROGRESS=1 FEATURELEVEL=3
[2018.03.05-05.41.37:424][  0]LightingResults: New page: Lighting Build
[2018.03.05-05.41.37:460][  0]MapCheck: New page: Map Check
[2018.03.05-05.41.37:461][  0]LightingResults: New page: Lighting Build
[2018.03.05-05.41.38:014][  0]LogAnimationCompression: Building Anim DDC data for AnimSequence /Game/ThirdPersonBP/Animations/StarterPackAnimations/Equip_Rifle_Standing.Equip_Rifle_Standing
[2018.03.05-05.41.38:025][  0]LogAnimationCompression: Recompressing (AnimSequence /Game/ThirdPersonBP/Animations/StarterPackAnimations/Equip_Rifle_Standing.Equip_Rifle_Standing) using current/default (AnimCompress_BitwiseCompressOnly_20) bFirstRecompressUsingCurrentOrDefault(1) bTryAlternateCompressor(0) IsCompressedDataValid(0)
[2018.03.05-05.41.38:030][  0]LogAnimationCompression: Building Anim DDC data for AnimSequence /Game/ThirdPersonBP/Animations/StarterPackAnimations/Jog_Bwd_Rifle.Jog_Bwd_Rifle
[2018.03.05-05.41.38:030][  0]LogAnimationCompression: Recompressing (AnimSequence /Game/ThirdPersonBP/Animations/StarterPackAnimations/Jog_Bwd_Rifle.Jog_Bwd_Rifle) using current/default (AnimCompress_BitwiseCompressOnly_34) bFirstRecompressUsingCurrentOrDefault(1) bTryAlternateCompressor(0) IsCompressedDataValid(0)
[2018.03.05-05.41.38:031][  0]LogAnimationCompression: Building Anim DDC data for AnimSequence /Game/ThirdPersonBP/Animations/StarterPackAnimations/Idle_Rifle_Hip.Idle_Rifle_Hip
[2018.03.05-05.41.38:032][  0]LogAnimationCompression: Recompressing (AnimSequence /Game/ThirdPersonBP/Animations/StarterPackAnimations/Idle_Rifle_Hip.Idle_Rifle_Hip) using current/default (AnimCompress_BitwiseCompressOnly_30) bFirstRecompressUsingCurrentOrDefault(1) bTryAlternateCompressor(0) IsCompressedDataValid(0)
[2018.03.05-05.41.38:037][  0]LogAnimationCompression: Building Anim DDC data for AnimSequence /Game/ThirdPersonBP/Animations/StarterPackAnimations/Jog_Lt_Rifle.Jog_Lt_Rifle
[2018.03.05-05.41.38:037][  0]LogAnimationCompression: Recompressing (AnimSequence /Game/ThirdPersonBP/Animations/StarterPackAnimations/Jog_Lt_Rifle.Jog_Lt_Rifle) using current/default (AnimCompress_BitwiseCompressOnly_0) bFirstRecompressUsingCurrentOrDefault(1) bTryAlternateCompressor(0) IsCompressedDataValid(0)
[2018.03.05-05.41.38:038][  0]LogAnimationCompression: Building Anim DDC data for AnimSequence /Game/ThirdPersonBP/Animations/StarterPackAnimations/Jog_Fwd_Rifle.Jog_Fwd_Rifle
[2018.03.05-05.41.38:038][  0]LogAnimationCompression: Recompressing (AnimSequence /Game/ThirdPersonBP/Animations/StarterPackAnimations/Jog_Fwd_Rifle.Jog_Fwd_Rifle) using current/default (AnimCompress_BitwiseCompressOnly_35) bFirstRecompressUsingCurrentOrDefault(1) bTryAlternateCompressor(0) IsCompressedDataValid(0)
[2018.03.05-05.41.38:039][  0]LogAnimationCompression: Building Anim DDC data for AnimSequence /Game/ThirdPersonBP/Animations/StarterPackAnimations/Jog_Rt_Rifle.Jog_Rt_Rifle
[2018.03.05-05.41.38:039][  0]LogAnimationCompression: Recompressing (AnimSequence /Game/ThirdPersonBP/Animations/StarterPackAnimations/Jog_Rt_Rifle.Jog_Rt_Rifle) using current/default (AnimCompress_BitwiseCompressOnly_37) bFirstRecompressUsingCurrentOrDefault(1) bTryAlternateCompressor(0) IsCompressedDataValid(0)
[2018.03.05-05.41.38:058][  0]LogAIModule: Creating AISystem for world ThirdPersonExampleMap
[2018.03.05-05.41.38:081][  0]LogEditorServer: Finished looking for orphan Actors (0.000 secs)
[2018.03.05-05.41.38:093][  0]Cmd: MAP CHECKDEP NOCLEARLOG
[2018.03.05-05.41.38:155][  0]MapCheck: Map check complete: 0 Error(s), 0 Warning(s), took 61.498ms to complete.
[2018.03.05-05.41.38:155][  0]LogFileHelpers: Loading map 'ThirdPersonExampleMap' took 0.731
[2018.03.05-05.41.38:318][  0]LogCollectionManager: Loaded 0 collections in 0.001612 seconds
[2018.03.05-05.41.38:401][  0]LogFileCache: Scanning file cache for directory 'C:/Users/Cameron/Documents/GitHub/TwistedFateGame/TwistedFateGame/Saved/Collections/' took 0.01s
[2018.03.05-05.41.38:401][  0]LogFileCache: Scanning file cache for directory 'C:/Users/Cameron/Documents/GitHub/TwistedFateGame/TwistedFateGame/Content/Developers/Cameron/Collections/' took 0.01s
[2018.03.05-05.41.38:401][  0]LogFileCache: Scanning file cache for directory 'C:/Users/Cameron/Documents/GitHub/TwistedFateGame/TwistedFateGame/Content/Collections/' took 0.01s
[2018.03.05-05.41.38:401][  0]LogCollectionManager: Rebuilt the GUID cache for 0 collections in 0.000000 seconds
[2018.03.05-05.41.38:410][  0]LogContentBrowser: Native class hierarchy populated in 0.0088 seconds. Added 2363 classes and 519 folders.
[2018.03.05-05.41.38:464][  0]LogContentBrowser: Native class hierarchy updated for 'WidgetCarousel' in 0.0002 seconds. Added 0 classes and 0 folders.
[2018.03.05-05.41.38:515][  0]LogContentBrowser: Native class hierarchy updated for 'AddContentDialog' in 0.0002 seconds. Added 0 classes and 0 folders.
[2018.03.05-05.41.38:549][  0]LogContentBrowser: Native class hierarchy updated for 'SceneOutliner' in 0.0002 seconds. Added 1 classes and 2 folders.
[2018.03.05-05.41.38:616][  0]LogSlate: Took 0.000392 seconds to synchronously load lazily loaded font '../../../Engine/Content/Slate/Fonts/Roboto-Regular.ttf' (155K)
[2018.03.05-05.41.38:620][  0]LogSlate: Took 0.000239 seconds to synchronously load lazily loaded font '../../../Engine/Content/Slate/Fonts/Roboto-Bold.ttf' (160K)
[2018.03.05-05.41.38:626][  0]LogSlate: Took 0.000217 seconds to synchronously load lazily loaded font '../../../Engine/Content/Editor/Slate/Fonts/FontAwesome.ttf' (139K)
[2018.03.05-05.41.38:725][  0]LogRenderer: Reallocating scene render targets to support 1208x576 Format 10 NumSamples 1 (Frame:1).
[2018.03.05-05.41.38:888][  0]LogContentBrowser: Native class hierarchy updated for 'HierarchicalLODOutliner' in 0.0003 seconds. Added 1 classes and 2 folders.
[2018.03.05-05.41.38:888][  0]LogLoad: (Engine Initialization) Total time: 18.62 seconds
[2018.03.05-05.41.38:888][  0]LogLoad: (Engine Initialization) Total Blueprint compile time: 0.00 seconds
[2018.03.05-05.41.38:888][  0]LogExternalProfiler: No external profilers were discovered.  External profiling features will not be available.
[2018.03.05-05.41.38:898][  0]LogWindowsTextInputMethodSystem: Display: IME system now deactivated.
[2018.03.05-05.41.38:903][  0]LogOcInput: OculusInput is initialized
[2018.03.05-05.41.38:949][  0]SourceControl: On branch master
[2018.03.05-05.41.38:949][  0]SourceControl: Your branch is up to date with 'origin/master'.
[2018.03.05-05.41.38:950][  0]SourceControl: Changes not staged for commit:
[2018.03.05-05.41.38:950][  0]SourceControl:   (use "git add <file>..." to update what will be committed)
[2018.03.05-05.41.38:950][  0]SourceControl:   (use "git checkout -- <file>..." to discard changes in working directory)
[2018.03.05-05.41.38:950][  0]SourceControl: 	modified:   TwistedFateGame/Intermediate/CachedAssetRegistry.bin
[2018.03.05-05.41.38:950][  0]SourceControl: 	modified:   TwistedFateGame/Saved/Config/Windows/EditorPerProjectUserSettings.ini
[2018.03.05-05.41.38:950][  0]SourceControl: 	modified:   TwistedFateGame/Saved/Config/Windows/Engine.ini
[2018.03.05-05.41.38:950][  0]SourceControl: 	modified:   TwistedFateGame/Saved/Logs/TwistedFateGame.log
[2018.03.05-05.41.38:950][  0]SourceControl: Untracked files:
[2018.03.05-05.41.38:950][  0]SourceControl:   (use "git add <file>..." to include in what will be committed)
[2018.03.05-05.41.38:950][  0]SourceControl: 	TwistedFateGame/Saved/Config/CrashReportClient/UE4CC-Windows-45C4607E40FB98241852D7943B890E8C/
[2018.03.05-05.41.38:950][  0]SourceControl: 	TwistedFateGame/Saved/Logs/TwistedFateGame-backup-2018.03.05-00.41.21.log
[2018.03.05-05.41.38:950][  0]SourceControl: no changes added to commit (use "git add" and/or "git commit -a")
[2018.03.05-05.41.38:950][  0]LogContentStreaming: Texture pool size now 1000 MB
[2018.03.05-05.41.38:989][  0]LogSlate: Took 0.000251 seconds to synchronously load lazily loaded font '../../../Engine/Content/Slate/Fonts/Roboto-Light.ttf' (159K)
[2018.03.05-05.41.39:044][  1]LogAssetRegistry: Asset discovery search completed in 11.6298 seconds
[2018.03.05-05.41.39:047][  1]LogCollectionManager: Rebuilt the object cache for 0 collections in 0.000000 seconds (found 0 objects)
[2018.03.05-05.41.39:047][  1]LogCollectionManager: Fixed up redirectors for 0 collections in 0.000068 seconds (updated 0 objects)
[2018.03.05-05.41.39:955][ 32]LogSlate: Took 0.000192 seconds to synchronously load lazily loaded font '../../../Engine/Content/Slate/Fonts/Roboto-Light.ttf' (159K)
[2018.03.05-05.41.44:038][310]LogFileCache: Retrieving MD5 hashes for directory 'C:/Users/Cameron/Documents/GitHub/TwistedFateGame/TwistedFateGame/Content/' took 5.12s
[2018.03.05-05.41.50:983][786]Cmd: MAP LOAD FILE="C:/Users/Cameron/Documents/GitHub/TwistedFateGame/TwistedFateGame/Content/Maps/Level_1.umap" TEMPLATE=0 SHOWPROGRESS=1 FEATURELEVEL=3
[2018.03.05-05.41.50:992][786]LogSlate: Took 0.000200 seconds to synchronously load lazily loaded font '../../../Engine/Content/Slate/Fonts/Roboto-Light.ttf' (159K)
[2018.03.05-05.41.51:000][786]LightingResults: New page: Lighting Build
[2018.03.05-05.41.51:001][786]LoadErrors: New page: Loading map: Level_1.umap
[2018.03.05-05.41.51:003][786]MapCheck: New page: Map Check
[2018.03.05-05.41.51:003][786]LightingResults: New page: Lighting Build
[2018.03.05-05.41.51:104][786]LogAIModule: Creating AISystem for world Level_1
[2018.03.05-05.41.51:270][786]LogEditorServer: Finished looking for orphan Actors (0.000 secs)
[2018.03.05-05.41.51:309][786]Cmd: MAP CHECKDEP NOCLEARLOG
[2018.03.05-05.41.51:383][786]MapCheck: Map check complete: 0 Error(s), 0 Warning(s), took 74.835ms to complete.
[2018.03.05-05.41.51:384][786]LogFileHelpers: Loading map 'Level_1' took 0.402
[2018.03.05-05.41.58:882][326]LogTemp: Repeating last play command: Selected Viewport
[2018.03.05-05.41.58:990][326]LogPlayLevel: PlayLevel: No blueprints needed recompiling
[2018.03.05-05.41.58:990][326]LogHMD: Initializing OVRPlugin session
[2018.03.05-05.41.59:022][326]PIE: New page: PIE session: Level_1 (Mar 4, 2018, 7:41:59 PM)
[2018.03.05-05.41.59:022][326]LogPlayLevel: Creating play world package: /Game/Maps/UEDPIE_0_Level_1
[2018.03.05-05.41.59:130][326]LogPlayLevel: PIE: StaticDuplicateObject took: (0.108043s)
[2018.03.05-05.41.59:131][326]LogAIModule: Creating AISystem for world Level_1
[2018.03.05-05.41.59:132][326]LogPlayLevel: PIE: World Init took: (0.001181s)
[2018.03.05-05.41.59:132][326]LogPlayLevel: PIE: Created PIE world by copying editor world from /Game/Maps/Level_1.Level_1 to /Game/Maps/UEDPIE_0_Level_1.Level_1 (0.109647s)
[2018.03.05-05.41.59:160][326]LogInit: XAudio2 using 'Headset Earphone (2- SteelSeries Arctis 7 Chat)' : 1 channels at 48 kHz using 16 bits per sample (channel mask 0x0)
[2018.03.05-05.41.59:171][326]LogInit: FAudioDevice initialized.
[2018.03.05-05.41.59:221][326]LogLoad: Game class is 'ThirdPersonGameMode_C'
[2018.03.05-05.41.59:224][326]LogWorld: Bringing World /Game/Maps/UEDPIE_0_Level_1.Level_1 up for play (max tick rate 0) at 2018.03.05-00.41.59
[2018.03.05-05.41.59:224][326]LogWorld: Bringing up level for play took: 0.002036
[2018.03.05-05.41.59:261][326]LogContentBrowser: Native class hierarchy updated for 'MovieSceneCapture' in 0.0003 seconds. Added 11 classes and 0 folders.
[2018.03.05-05.41.59:263][326]PIE: Play in editor start time for /Game/Maps/UEDPIE_0_Level_1 0.291
[2018.03.05-05.43.47:563][ 55]LogTemp: Repeating last play command: Selected Viewport
[2018.03.05-05.43.47:591][ 55]LogPlayLevel: PlayLevel: No blueprints needed recompiling
[2018.03.05-05.43.47:592][ 55]LogHMD: Initializing OVRPlugin session
[2018.03.05-05.43.47:618][ 55]PIE: New page: PIE session: Level_1 (Mar 4, 2018, 7:43:47 PM)
[2018.03.05-05.43.47:618][ 55]LogPlayLevel: Creating play world package: /Game/Maps/UEDPIE_0_Level_1
[2018.03.05-05.43.47:681][ 55]LogPlayLevel: PIE: StaticDuplicateObject took: (0.063135s)
[2018.03.05-05.43.47:682][ 55]LogAIModule: Creating AISystem for world Level_1
[2018.03.05-05.43.47:682][ 55]LogPlayLevel: PIE: World Init took: (0.001099s)
[2018.03.05-05.43.47:683][ 55]LogPlayLevel: PIE: Created PIE world by copying editor world from /Game/Maps/Level_1.Level_1 to /Game/Maps/UEDPIE_0_Level_1.Level_1 (0.064549s)
[2018.03.05-05.43.47:708][ 55]LogInit: XAudio2 using 'Headset Earphone (2- SteelSeries Arctis 7 Chat)' : 1 channels at 48 kHz using 16 bits per sample (channel mask 0x0)
[2018.03.05-05.43.47:717][ 55]LogInit: FAudioDevice initialized.
[2018.03.05-05.43.47:744][ 55]LogLoad: Game class is 'ThirdPersonGameMode_C'
[2018.03.05-05.43.47:747][ 55]LogWorld: Bringing World /Game/Maps/UEDPIE_0_Level_1.Level_1 up for play (max tick rate 0) at 2018.03.05-00.43.47
[2018.03.05-05.43.47:747][ 55]LogWorld: Bringing up level for play took: 0.002100
[2018.03.05-05.43.47:749][ 55]PIE: Play in editor start time for /Game/Maps/UEDPIE_0_Level_1 0.778
[2018.03.05-05.44.38:453][654]LogTemp: Repeating last play command: Selected Viewport
[2018.03.05-05.44.38:474][654]LogPlayLevel: PlayLevel: No blueprints needed recompiling
[2018.03.05-05.44.38:474][654]LogHMD: Initializing OVRPlugin session
[2018.03.05-05.44.38:497][654]PIE: New page: PIE session: Level_1 (Mar 4, 2018, 7:44:38 PM)
[2018.03.05-05.44.38:497][654]LogPlayLevel: Creating play world package: /Game/Maps/UEDPIE_0_Level_1
[2018.03.05-05.44.38:560][654]LogPlayLevel: PIE: StaticDuplicateObject took: (0.062593s)
[2018.03.05-05.44.38:561][654]LogAIModule: Creating AISystem for world Level_1
[2018.03.05-05.44.38:561][654]LogPlayLevel: PIE: World Init took: (0.000809s)
[2018.03.05-05.44.38:561][654]LogPlayLevel: PIE: Created PIE world by copying editor world from /Game/Maps/Level_1.Level_1 to /Game/Maps/UEDPIE_0_Level_1.Level_1 (0.063738s)
[2018.03.05-05.44.38:586][654]LogInit: XAudio2 using 'Headset Earphone (2- SteelSeries Arctis 7 Chat)' : 1 channels at 48 kHz using 16 bits per sample (channel mask 0x0)
[2018.03.05-05.44.38:595][654]LogInit: FAudioDevice initialized.
[2018.03.05-05.44.38:627][654]LogLoad: Game class is 'ThirdPersonGameMode_C'
[2018.03.05-05.44.38:630][654]LogWorld: Bringing World /Game/Maps/UEDPIE_0_Level_1.Level_1 up for play (max tick rate 0) at 2018.03.05-00.44.38
[2018.03.05-05.44.38:630][654]LogWorld: Bringing up level for play took: 0.002464
[2018.03.05-05.44.38:633][654]PIE: Play in editor start time for /Game/Maps/UEDPIE_0_Level_1 -0.339
[2018.03.05-05.50.38:172][715]SourceControl: fatal: E:/UE_4.18/Engine/Content/: 'E:/UE_4.18/Engine/Content/' is outside repository
[2018.03.05-05.50.38:356][715]EditorErrors: Warning: No assets to check in!
[2018.03.05-05.50.43:181][ 23]Cmd: OBJ SAVEPACKAGE PACKAGE="/Game/Maps/Level_1" FILE="C:/Users/Cameron/Documents/GitHub/TwistedFateGame/TwistedFateGame/Content/Maps/Level_1.umap" SILENT=true AUTOSAVING=false KEEPDIRTY=false
[2018.03.05-05.50.44:243][ 23]LogSavePackage: Save=1023.78ms
[2018.03.05-05.50.44:243][ 23]LogSavePackage: Moving 'C:/Users/Cameron/Documents/GitHub/TwistedFateGame/TwistedFateGame/Saved/Level_18E7D0FB843FE17A01E78F29C7E897D92.tmp' to 'C:/Users/Cameron/Documents/GitHub/TwistedFateGame/TwistedFateGame/Content/Maps/Level_1.umap'
[2018.03.05-05.50.44:249][ 23]LogSavePackage: Display: Finished SavePackage C:/Users/Cameron/Documents/GitHub/TwistedFateGame/TwistedFateGame/Content/Maps/Level_1.umap
[2018.03.05-05.50.44:284][ 23]LogSlate: Took 0.000187 seconds to synchronously load lazily loaded font '../../../Engine/Content/Slate/Fonts/Roboto-Regular.ttf' (155K)
[2018.03.05-05.50.44:405][ 23]Cmd: OBJ SAVEPACKAGE PACKAGE="/Game/Maps/Level_1_BuiltData" FILE="C:/Users/Cameron/Documents/GitHub/TwistedFateGame/TwistedFateGame/Content/Maps/Level_1_BuiltData.uasset" SILENT=true
[2018.03.05-05.50.44:423][ 23]LogSavePackage: Save=10.59ms
[2018.03.05-05.50.44:423][ 23]LogSavePackage: Moving 'C:/Users/Cameron/Documents/GitHub/TwistedFateGame/TwistedFateGame/Saved/Level_1_BuiltData68D00AAD40191820B3167BB431696ADD.tmp' to 'C:/Users/Cameron/Documents/GitHub/TwistedFateGame/TwistedFateGame/Content/Maps/Level_1_BuiltData.uasset'
[2018.03.05-05.50.44:426][ 23]LogSavePackage: Display: Finished SavePackage C:/Users/Cameron/Documents/GitHub/TwistedFateGame/TwistedFateGame/Content/Maps/Level_1_BuiltData.uasset
[2018.03.05-05.50.47:643][231]SourceControl: fatal: E:/UE_4.18/Engine/Content/: 'E:/UE_4.18/Engine/Content/' is outside repository
[2018.03.05-05.50.56:466][231]LogSourceControl: FGitCheckInWorker: commit successful
[2018.03.05-05.50.56:565][231]SourceControl: [master dfbe883] .
[2018.03.05-05.50.56:565][231]SourceControl:  1 file changed, 0 insertions(+), 0 deletions(-)
[2018.03.05-05.50.56:576][231]SourceControl: Commited [master dfbe883] ..
