Log file open, 03/25/18 22:33:52
LogWindows: Failed to load 'aqProf.dll' (GetLastError=126)
LogWindows: File 'aqProf.dll' does not exist
LogWindows: Failed to load 'VSPerf140.dll' (GetLastError=126)
LogWindows: File 'VSPerf140.dll' does not exist
LogWindows: Failed to load 'VtuneApi.dll' (GetLastError=126)
LogWindows: File 'VtuneApi.dll' does not exist
LogWindows: Failed to load 'VtuneApi32e.dll' (GetLastError=126)
LogWindows: File 'VtuneApi32e.dll' does not exist
LogInit: Display: Running engine for game: TwistedFateGame
LogPlatformFile: Not using cached read wrapper
LogInit: Display: RandInit(265981437) SRandInit(265981437).
LogInit: Read version file with build ID '3709383'
LogInit: Overriding engine version to CL 3832480, compatible CL 3709383
LogInit: Registered custom module enumerator with build ID '3709383'
LogTaskGraph: Started task graph with 5 named threads and 14 total threads with 3 sets of task threads.
LogStats: Stats thread started at 0.177709
LogD3D11RHI: Aftermath initialized
LogModuleManager: Display: Found up-to-date module file ../../../Engine/Plugins/2D/Paper2D/Binaries/Win64/UE4Editor-Paper2D.dll (API version 3709383).
LogModuleManager: Display: Found up-to-date module file ../../../Engine/Plugins/2D/Paper2D/Binaries/Win64/UE4Editor-Paper2DEditor.dll (API version 3709383).
LogModuleManager: Display: Found up-to-date module file ../../../Engine/Plugins/2D/Paper2D/Binaries/Win64/UE4Editor-PaperSpriteSheetImporter.dll (API version 3709383).
LogModuleManager: Display: Found up-to-date module file ../../../Engine/Plugins/2D/Paper2D/Binaries/Win64/UE4Editor-PaperTiledImporter.dll (API version 3709383).
LogModuleManager: Display: Found up-to-date module file ../../../Engine/Plugins/2D/Paper2D/Binaries/Win64/UE4Editor-SmartSnapping.dll (API version 3709383).
LogModuleManager: Display: Found up-to-date module file ../../../Engine/Plugins/Blendables/LightPropagationVolume/Binaries/Win64/UE4Editor-LightPropagationVolumeRuntime.dll (API version 3709383).
LogModuleManager: Display: Found up-to-date module file ../../../Engine/Plugins/Blendables/LightPropagationVolume/Binaries/Win64/UE4Editor-LightPropagationVolumeEditor.dll (API version 3709383).
LogModuleManager: Display: Found up-to-date module file ../../../Engine/Plugins/Developer/GitSourceControl/Binaries/Win64/UE4Editor-GitSourceControl.dll (API version 3709383).
LogModuleManager: Display: Found up-to-date module file ../../../Engine/Plugins/Developer/PerforceSourceControl/Binaries/Win64/UE4Editor-PerforceSourceControl.dll (API version 3709383).
LogModuleManager: Display: Found up-to-date module file ../../../Engine/Plugins/Developer/SubversionSourceControl/Binaries/Win64/UE4Editor-SubversionSourceControl.dll (API version 3709383).
LogModuleManager: Display: Found up-to-date module file ../../../Engine/Plugins/Developer/UObjectPlugin/Binaries/Win64/UE4Editor-UObjectPlugin.dll (API version 3709383).
LogModuleManager: Display: Found up-to-date module file ../../../Engine/Plugins/Developer/VisualStudioCodeSourceCodeAccess/Binaries/Win64/UE4Editor-VisualStudioCodeSourceCodeAccess.dll (API version 3709383).
LogModuleManager: Display: Found up-to-date module file ../../../Engine/Plugins/Developer/VisualStudioSourceCodeAccess/Binaries/Win64/UE4Editor-VisualStudioSourceCodeAccess.dll (API version 3709383).
LogModuleManager: Display: Found up-to-date module file ../../../Engine/Plugins/Editor/AssetManagerEditor/Binaries/Win64/UE4Editor-AssetManagerEditor.dll (API version 3709383).
LogModuleManager: Display: Found up-to-date module file ../../../Engine/Plugins/Editor/AudioCapture/Binaries/Win64/UE4Editor-AudioCapture.dll (API version 3709383).
LogModuleManager: Display: Found up-to-date module file ../../../Engine/Plugins/Editor/FacialAnimation/Binaries/Win64/UE4Editor-FacialAnimation.dll (API version 3709383).
LogModuleManager: Display: Found up-to-date module file ../../../Engine/Plugins/Editor/FacialAnimation/Binaries/Win64/UE4Editor-FacialAnimationEditor.dll (API version 3709383).
LogModuleManager: Display: Found up-to-date module file ../../../Engine/Plugins/Editor/GameplayTagsEditor/Binaries/Win64/UE4Editor-GameplayTagsEditor.dll (API version 3709383).
LogModuleManager: Display: Found up-to-date module file ../../../Engine/Plugins/Editor/MobileLauncherProfileWizard/Binaries/Win64/UE4Editor-MobileLauncherProfileWizard.dll (API version 3709383).
LogModuleManager: Display: Found up-to-date module file ../../../Engine/Plugins/Editor/PluginBrowser/Binaries/Win64/UE4Editor-PluginBrowser.dll (API version 3709383).
LogModuleManager: Display: Found up-to-date module file ../../../Engine/Plugins/Editor/SpeedTreeImporter/Binaries/Win64/UE4Editor-SpeedTreeImporter.dll (API version 3709383).
LogModuleManager: Display: Found up-to-date module file ../../../Engine/Plugins/Experimental/AlembicImporter/Binaries/Win64/UE4Editor-AlembicImporter.dll (API version 3709383).
LogModuleManager: Display: Found up-to-date module file ../../../Engine/Plugins/Experimental/AlembicImporter/Binaries/Win64/UE4Editor-AlembicLibrary.dll (API version 3709383).
LogModuleManager: Display: Found up-to-date module file ../../../Engine/Plugins/Experimental/CharacterAI/Binaries/Win64/UE4Editor-CharacterAI.dll (API version 3709383).
LogModuleManager: Display: Found up-to-date module file ../../../Engine/Plugins/Experimental/HTML5Networking/Binaries/Win64/UE4Editor-HTML5Networking.dll (API version 3709383).
LogModuleManager: Display: Found up-to-date module file ../../../Engine/Plugins/Media/AndroidMedia/Binaries/Win64/UE4Editor-AndroidMediaEditor.dll (API version 3709383).
LogModuleManager: Display: Found up-to-date module file ../../../Engine/Plugins/Media/AndroidMedia/Binaries/Win64/UE4Editor-AndroidMediaFactory.dll (API version 3709383).
LogModuleManager: Display: Found up-to-date module file ../../../Engine/Plugins/Media/AvfMedia/Binaries/Win64/UE4Editor-AvfMediaEditor.dll (API version 3709383).
LogModuleManager: Display: Found up-to-date module file ../../../Engine/Plugins/Media/AvfMedia/Binaries/Win64/UE4Editor-AvfMediaFactory.dll (API version 3709383).
LogModuleManager: Display: Found up-to-date module file ../../../Engine/Plugins/Media/AvfMedia/Binaries/Win64/UE4Editor-AvfMediaFactory.dll (API version 3709383).
LogModuleManager: Display: Found up-to-date module file ../../../Engine/Plugins/Media/ImgMedia/Binaries/Win64/UE4Editor-ImgMedia.dll (API version 3709383).
LogModuleManager: Display: Found up-to-date module file ../../../Engine/Plugins/Media/ImgMedia/Binaries/Win64/UE4Editor-ImgMediaEditor.dll (API version 3709383).
LogModuleManager: Display: Found up-to-date module file ../../../Engine/Plugins/Media/ImgMedia/Binaries/Win64/UE4Editor-ImgMediaFactory.dll (API version 3709383).
LogModuleManager: Display: Found up-to-date module file ../../../Engine/Plugins/Media/ImgMedia/Binaries/Win64/UE4Editor-ImgMediaFactory.dll (API version 3709383).
LogModuleManager: Display: Found up-to-date module file ../../../Engine/Plugins/Media/ImgMedia/Binaries/Win64/UE4Editor-OpenExrWrapper.dll (API version 3709383).
LogModuleManager: Display: Found up-to-date module file ../../../Engine/Plugins/Media/MediaCompositing/Binaries/Win64/UE4Editor-MediaCompositing.dll (API version 3709383).
LogModuleManager: Display: Found up-to-date module file ../../../Engine/Plugins/Media/MediaCompositing/Binaries/Win64/UE4Editor-MediaCompositingEditor.dll (API version 3709383).
LogModuleManager: Display: Found up-to-date module file ../../../Engine/Plugins/Media/MediaPlayerEditor/Binaries/Win64/UE4Editor-MediaPlayerEditor.dll (API version 3709383).
LogModuleManager: Display: Found up-to-date module file ../../../Engine/Plugins/Media/WmfMedia/Binaries/Win64/UE4Editor-WmfMedia.dll (API version 3709383).
LogModuleManager: Display: Found up-to-date module file ../../../Engine/Plugins/Media/WmfMedia/Binaries/Win64/UE4Editor-WmfMediaEditor.dll (API version 3709383).
LogModuleManager: Display: Found up-to-date module file ../../../Engine/Plugins/Media/WmfMedia/Binaries/Win64/UE4Editor-WmfMediaFactory.dll (API version 3709383).
LogModuleManager: Display: Found up-to-date module file ../../../Engine/Plugins/Media/WmfMedia/Binaries/Win64/UE4Editor-WmfMediaFactory.dll (API version 3709383).
LogModuleManager: Display: Found up-to-date module file ../../../Engine/Plugins/Messaging/TcpMessaging/Binaries/Win64/UE4Editor-TcpMessaging.dll (API version 3709383).
LogModuleManager: Display: Found up-to-date module file ../../../Engine/Plugins/Messaging/UdpMessaging/Binaries/Win64/UE4Editor-UdpMessaging.dll (API version 3709383).
LogModuleManager: Display: Found up-to-date module file ../../../Engine/Plugins/MovieScene/ActorSequence/Binaries/Win64/UE4Editor-ActorSequence.dll (API version 3709383).
LogModuleManager: Display: Found up-to-date module file ../../../Engine/Plugins/MovieScene/LevelSequenceEditor/Binaries/Win64/UE4Editor-LevelSequenceEditor.dll (API version 3709383).
LogModuleManager: Display: Found up-to-date module file ../../../Engine/Plugins/MovieScene/MatineeToLevelSequence/Binaries/Win64/UE4Editor-MatineeToLevelSequence.dll (API version 3709383).
LogModuleManager: Display: Found up-to-date module file ../../../Engine/Plugins/Online/OnlineSubsystem/Binaries/Win64/UE4Editor-OnlineSubsystem.dll (API version 3709383).
LogModuleManager: Display: Found up-to-date module file ../../../Engine/Plugins/Runtime/AndroidPermission/Binaries/Win64/UE4Editor-AndroidPermission.dll (API version 3709383).
LogModuleManager: Display: Found up-to-date module file ../../../Engine/Plugins/Online/OnlineSubsystemNull/Binaries/Win64/UE4Editor-OnlineSubsystemNull.dll (API version 3709383).
LogModuleManager: Display: Found up-to-date module file ../../../Engine/Plugins/Online/OnlineSubsystemUtils/Binaries/Win64/UE4Editor-OnlineSubsystemUtils.dll (API version 3709383).
LogModuleManager: Display: Found up-to-date module file ../../../Engine/Plugins/Online/OnlineSubsystemUtils/Binaries/Win64/UE4Editor-OnlineBlueprintSupport.dll (API version 3709383).
LogModuleManager: Display: Found up-to-date module file ../../../Engine/Plugins/Runtime/AndroidDeviceProfileSelector/Binaries/Win64/UE4Editor-AndroidDeviceProfileSelector.dll (API version 3709383).
LogModuleManager: Display: Found up-to-date module file ../../../Engine/Plugins/Runtime/AppleARKit/Binaries/Win64/UE4Editor-AppleARKit.dll (API version 3709383).
LogModuleManager: Display: Found up-to-date module file ../../../Engine/Plugins/Runtime/ArchVisCharacter/Binaries/Win64/UE4Editor-ArchVisCharacter.dll (API version 3709383).
LogModuleManager: Display: Found up-to-date module file ../../../Engine/Plugins/Runtime/CableComponent/Binaries/Win64/UE4Editor-CableComponent.dll (API version 3709383).
LogModuleManager: Display: Found up-to-date module file ../../../Engine/Plugins/Runtime/CustomMeshComponent/Binaries/Win64/UE4Editor-CustomMeshComponent.dll (API version 3709383).
LogModuleManager: Display: Found up-to-date module file ../../../Engine/Plugins/Runtime/ExampleDeviceProfileSelector/Binaries/Win64/UE4Editor-ExampleDeviceProfileSelector.dll (API version 3709383).
LogModuleManager: Display: Found up-to-date module file ../../../Engine/Plugins/Runtime/ImmediatePhysics/Binaries/Win64/UE4Editor-ImmediatePhysics.dll (API version 3709383).
LogModuleManager: Display: Found up-to-date module file ../../../Engine/Plugins/Runtime/ImmediatePhysics/Binaries/Win64/UE4Editor-ImmediatePhysicsEditor.dll (API version 3709383).
LogModuleManager: Display: Found up-to-date module file ../../../Engine/Plugins/Runtime/LocationServicesBPLibrary/Binaries/Win64/UE4Editor-LocationServicesBPLibrary.dll (API version 3709383).
LogModuleManager: Display: Found up-to-date module file ../../../Engine/Plugins/Runtime/MobilePatchingUtils/Binaries/Win64/UE4Editor-MobilePatchingUtils.dll (API version 3709383).
LogModuleManager: Display: Found up-to-date module file ../../../Engine/Plugins/Runtime/Oculus/OculusVR/Binaries/Win64/UE4Editor-OculusHMD.dll (API version 3709383).
LogModuleManager: Display: Found up-to-date module file ../../../Engine/Plugins/Runtime/Oculus/OculusVR/Binaries/Win64/UE4Editor-OculusInput.dll (API version 3709383).
LogModuleManager: Display: Found up-to-date module file ../../../Engine/Plugins/Runtime/Oculus/OculusVR/Binaries/Win64/UE4Editor-OculusEditor.dll (API version 3709383).
LogModuleManager: Display: Found up-to-date module file ../../../Engine/Plugins/Runtime/PhysXVehicles/Binaries/Win64/UE4Editor-PhysXVehicles.dll (API version 3709383).
LogModuleManager: Display: Found up-to-date module file ../../../Engine/Plugins/Runtime/PhysXVehicles/Binaries/Win64/UE4Editor-PhysXVehiclesEditor.dll (API version 3709383).
LogModuleManager: Display: Found up-to-date module file ../../../Engine/Plugins/Runtime/ProceduralMeshComponent/Binaries/Win64/UE4Editor-ProceduralMeshComponent.dll (API version 3709383).
LogModuleManager: Display: Found up-to-date module file ../../../Engine/Plugins/Runtime/ProceduralMeshComponent/Binaries/Win64/UE4Editor-ProceduralMeshComponentEditor.dll (API version 3709383).
LogModuleManager: Display: Found up-to-date module file ../../../Engine/Plugins/Runtime/RuntimePhysXCooking/Binaries/Win64/UE4Editor-RuntimePhysXCooking.dll (API version 3709383).
LogModuleManager: Display: Found up-to-date module file ../../../Engine/Plugins/Runtime/Steam/SteamVR/Binaries/Win64/UE4Editor-SteamVR.dll (API version 3709383).
LogModuleManager: Display: Found up-to-date module file ../../../Engine/Plugins/Runtime/Steam/SteamVR/Binaries/Win64/UE4Editor-SteamVRController.dll (API version 3709383).
LogModuleManager: Display: Found up-to-date module file ../../../Engine/Plugins/Runtime/WindowsMoviePlayer/Binaries/Win64/UE4Editor-WindowsMoviePlayer.dll (API version 3709383).
LogPluginManager: Mounting plugin Paper2D
LogPluginManager: Mounting plugin LightPropagationVolume
LogPluginManager: Mounting plugin CodeLiteSourceCodeAccess
LogPluginManager: Mounting plugin GitSourceControl
LogPluginManager: Mounting plugin KDevelopSourceCodeAccess
LogPluginManager: Mounting plugin NullSourceCodeAccess
LogPluginManager: Mounting plugin PerforceSourceControl
LogPluginManager: Mounting plugin SubversionSourceControl
LogPluginManager: Mounting plugin UObjectPlugin
LogPluginManager: Mounting plugin VisualStudioCodeSourceCodeAccess
LogPluginManager: Mounting plugin VisualStudioSourceCodeAccess
LogPluginManager: Mounting plugin XCodeSourceCodeAccess
LogPluginManager: Mounting plugin AssetManagerEditor
LogPluginManager: Mounting plugin AudioCapture
LogPluginManager: Mounting plugin FacialAnimation
LogPluginManager: Mounting plugin GameplayTagsEditor
LogPluginManager: Mounting plugin MobileLauncherProfileWizard
LogPluginManager: Mounting plugin PluginBrowser
LogPluginManager: Mounting plugin SpeedTreeImporter
LogPluginManager: Mounting plugin AlembicImporter
LogPluginManager: Mounting plugin CharacterAI
LogPluginManager: Mounting plugin HTML5Networking
LogPluginManager: Mounting plugin AndroidMedia
LogPluginManager: Mounting plugin AvfMedia
LogPluginManager: Mounting plugin ImgMedia
LogPluginManager: Mounting plugin MediaCompositing
LogPluginManager: Mounting plugin MediaPlayerEditor
LogPluginManager: Mounting plugin WmfMedia
LogPluginManager: Mounting plugin TcpMessaging
LogPluginManager: Mounting plugin UdpMessaging
LogPluginManager: Mounting plugin ActorSequence
LogPluginManager: Mounting plugin LevelSequenceEditor
LogPluginManager: Mounting plugin MatineeToLevelSequence
LogPluginManager: Mounting plugin OnlineSubsystemGooglePlay
LogPluginManager: Mounting plugin OnlineSubsystemIOS
LogPluginManager: Mounting plugin OnlineSubsystem
LogPluginManager: Mounting plugin OnlineSubsystemNull
LogPluginManager: Mounting plugin OnlineSubsystemUtils
LogPluginManager: Mounting plugin AndroidDeviceProfileSelector
LogPluginManager: Mounting plugin AndroidMoviePlayer
LogPluginManager: Mounting plugin AndroidPermission
LogPluginManager: Mounting plugin AppleARKit
LogPluginManager: Mounting plugin AppleMoviePlayer
LogPluginManager: Mounting plugin ArchVisCharacter
LogPluginManager: Mounting plugin CableComponent
LogPluginManager: Mounting plugin CustomMeshComponent
LogPluginManager: Mounting plugin ExampleDeviceProfileSelector
LogPluginManager: Mounting plugin GoogleCloudMessaging
LogPluginManager: Mounting plugin ImmediatePhysics
LogPluginManager: Mounting plugin IOSDeviceProfileSelector
LogPluginManager: Mounting plugin LinuxDeviceProfileSelector
LogPluginManager: Mounting plugin LocationServicesBPLibrary
LogPluginManager: Mounting plugin MobilePatchingUtils
LogPluginManager: Mounting plugin OculusVR
LogPluginManager: Plugin shader directory ../../../Engine/Plugins/Runtime/Oculus/OculusVR/Shaders found
LogPluginManager: Mapping shader source directory ../../../Engine/Plugins/Runtime/Oculus/OculusVR/Shaders to virtual directory /Plugin/OculusVR
LogPluginManager: Mounting plugin PhysXVehicles
LogPluginManager: Mounting plugin ProceduralMeshComponent
LogPluginManager: Mounting plugin RuntimePhysXCooking
LogPluginManager: Mounting plugin SteamVR
LogPluginManager: Mounting plugin WindowsMoviePlayer
LogInit: Using libcurl 7.47.1
LogInit:  - built for x86_64-pc-win32
LogInit:  - supports SSL with OpenSSL/1.0.2g
LogInit:  - supports HTTP deflate (compression) using libz 1.2.8
LogInit:  - other features:
LogInit:      CURL_VERSION_SSL
LogInit:      CURL_VERSION_LIBZ
LogInit:      CURL_VERSION_IPV6
LogInit:      CURL_VERSION_ASYNCHDNS
LogInit:      CURL_VERSION_LARGEFILE
LogInit:      CURL_VERSION_IDN
LogInit:  CurlRequestOptions (configurable via config and command line):
LogInit:  - bVerifyPeer = false  - Libcurl will NOT verify peer certificate
LogInit:  - bUseHttpProxy = false  - Libcurl will NOT use HTTP proxy
LogInit:  - bDontReuseConnections = false  - Libcurl will reuse connections
LogInit:  - CertBundlePath = nullptr  - Libcurl will use whatever was configured at build time.
LogInit: Build: ++UE4+Release-4.18-CL-3832480
LogInit: Engine Version: 4.18.3-3832480+++UE4+Release-4.18
LogInit: Compatible Engine Version: 4.18.0-3709383+++UE4+Release-4.18
LogInit: Net CL: 3709383
LogDevObjectVersion: Number of dev versions registered: 16
LogDevObjectVersion:   Dev-Blueprints (B0D832E4-1F89-4F0D-ACCF-7EB736FD4AA2): 10
LogDevObjectVersion:   Dev-Build (E1C64328-A22C-4D53-A36C-8E866417BD8C): 0
LogDevObjectVersion:   Dev-Core (375EC13C-06E4-48FB-B500-84F0262A717E): 2
LogDevObjectVersion:   Dev-Editor (E4B068ED-F494-42E9-A231-DA0B2E46BB41): 20
LogDevObjectVersion:   Dev-Framework (CFFC743F-43B0-4480-9391-14DF171D2073): 30
LogDevObjectVersion:   Dev-Mobile (B02B49B5-BB20-44E9-A304-32B752E40360): 0
LogDevObjectVersion:   Dev-Networking (A4E4105C-59A1-49B5-A7C5-40C4547EDFEE): 0
LogDevObjectVersion:   Dev-Online (39C831C9-5AE6-47DC-9A44-9C173E1C8E7C): 0
LogDevObjectVersion:   Dev-Physics (78F01B33-EBEA-4F98-B9B4-84EACCB95AA2): 0
LogDevObjectVersion:   Dev-Platform (6631380F-2D4D-43E0-8009-CF276956A95A): 0
LogDevObjectVersion:   Dev-Rendering (12F88B9F-8875-4AFC-A67C-D90C383ABD29): 20
LogDevObjectVersion:   Dev-Sequencer (7B5AE74C-D270-4C10-A958-57980B212A5A): 4
LogDevObjectVersion:   Dev-VR (D7296918-1DD6-4BDD-9DE2-64A83CC13884): 0
LogDevObjectVersion:   Dev-LoadTimes (C2A15278-BFE7-4AFE-6C17-90FF531DF755): 1
LogDevObjectVersion:   Private-Geometry (6EACA3D4-40EC-4CC1-B786-8BED09428FC5): 1
LogDevObjectVersion:   Dev-AnimPhys (29E575DD-E0A3-4627-9D10-D276232CDCEA): 12
LogInit: Compiled (64-bit): Jan 12 2018 02:04:55
LogInit: Compiled with Visual C++: 19.00.24215.01
LogInit: Build Configuration: Development
LogInit: Branch Name: ++UE4+Release-4.18
LogInit: Command line: -EpicPortal 
LogInit: Base directory: E:/UE_4.18/Engine/Binaries/Win64/
LogInit: Installed Engine Build: 1
LogInit: Presizing for max 8388607 objects, including 0 objects not considered by GC, pre-allocating 0 bytes for permanent pool.
LogInit: Object subsystem initialized
[2018.03.26-02.33.53:922][  0]LogInit: Selected Device Profile: [Windows]
[2018.03.26-02.33.53:922][  0]LogInit: Applying CVar settings loaded from the selected device profile: [Windows]
[2018.03.26-02.33.53:935][  0]LogInit: Computer: DESKTOP-26BKDR7
[2018.03.26-02.33.53:935][  0]LogInit: User: Cameron
[2018.03.26-02.33.53:935][  0]LogInit: CPU Page size=4096, Cores=4
[2018.03.26-02.33.53:935][  0]LogInit: High frequency timer resolution =2.648436 MHz
[2018.03.26-02.33.53:936][  0]LogMemory: Memory total: Physical=15.9GB (16GB approx)
[2018.03.26-02.33.53:936][  0]LogMemory: Platform Memory Stats for Windows
[2018.03.26-02.33.53:936][  0]LogMemory: Process Physical Memory: 282.50 MB used, 282.50 MB peak
[2018.03.26-02.33.53:936][  0]LogMemory: Process Virtual Memory: 282.21 MB used, 282.21 MB peak
[2018.03.26-02.33.53:936][  0]LogMemory: Physical Memory: 6467.38 MB used,  9842.46 MB free, 16309.84 MB total
[2018.03.26-02.33.53:936][  0]LogMemory: Virtual Memory: 731.16 MB used,  9842.46 MB free, 134217728.00 MB total
[2018.03.26-02.33.54:056][  0]LogInit: Using OS detected language (en-US).
[2018.03.26-02.33.54:056][  0]LogInit: Using OS detected locale (en-US).
[2018.03.26-02.33.54:059][  0]LogTextLocalizationManager: No specific localization for 'en-US' exists, so the 'en' localization will be used.
[2018.03.26-02.33.54:480][  0]LogInit: Setting process to per monitor DPI aware
[2018.03.26-02.33.54:738][  0]LogD3D11RHI: D3D11 adapters:
[2018.03.26-02.33.54:783][  0]LogD3D11RHI:    0. 'NVIDIA GeForce GTX 970' (Feature Level 11_0)
[2018.03.26-02.33.54:783][  0]LogD3D11RHI:       4058/0/8154 MB DedicatedVideo/DedicatedSystem/SharedSystem, Outputs:2, VendorId:0x10de
[2018.03.26-02.33.54:786][  0]LogD3D11RHI:    1. 'Microsoft Basic Render Driver' (Feature Level 11_0)
[2018.03.26-02.33.54:786][  0]LogD3D11RHI:       0/0/8154 MB DedicatedVideo/DedicatedSystem/SharedSystem, Outputs:0, VendorId:0x1414
[2018.03.26-02.33.54:786][  0]LogD3D11RHI: Chosen D3D11 Adapter: 0
[2018.03.26-02.33.54:792][  0]LogD3D11RHI: Creating new Direct3DDevice
[2018.03.26-02.33.54:792][  0]LogD3D11RHI:     GPU DeviceId: 0x13c2 (for the marketing name, search the web for "GPU Device Id")
[2018.03.26-02.33.54:792][  0]LogWindows: EnumDisplayDevices:
[2018.03.26-02.33.54:792][  0]LogWindows:    0. 'NVIDIA GeForce GTX 970' (P:1 D:1)
[2018.03.26-02.33.54:792][  0]LogWindows:    1. 'NVIDIA GeForce GTX 970' (P:0 D:1)
[2018.03.26-02.33.54:792][  0]LogWindows:    2. 'NVIDIA GeForce GTX 970' (P:0 D:0)
[2018.03.26-02.33.54:792][  0]LogWindows:    3. 'NVIDIA GeForce GTX 970' (P:0 D:0)
[2018.03.26-02.33.54:792][  0]LogWindows: DebugString: GetVideoDriverDetailsInvalid PrimaryIsNotTheChoosenAdapter GetVideoDriverDetailsInvalid PrimaryIsNotTheChoosenAdapter GetVideoDriverDetailsInvalid PrimaryIsNotTheChoosenAdapter GetVideoDriverDetailsInvalid PrimaryIsNotTheChoosenAdapter FoundDriverCount:0 
[2018.03.26-02.33.54:792][  0]LogD3D11RHI:     Adapter Name: NVIDIA GeForce GTX 970
[2018.03.26-02.33.54:792][  0]LogD3D11RHI:   Driver Version: Unknown (internal:Unknown, unified:Unknown)
[2018.03.26-02.33.54:792][  0]LogD3D11RHI:      Driver Date: Unknown
[2018.03.26-02.33.54:792][  0]LogRHI: Texture pool is 2840 MB (70% of 4058 MB)
[2018.03.26-02.33.54:816][  0]LogD3D11RHI: Async texture creation enabled
[2018.03.26-02.33.54:853][  0]LogD3D11RHI: GPU Timing Frequency: 1000.000000 (Debug: 2 1)
[2018.03.26-02.33.54:903][  0]LogShaderCompilers: Guid format shader working directory is -18 characters bigger than the processId version (C:/Users/Cameron/Documents/GitHub/TwistedFateGame/TwistedFateGame/Intermediate/Shaders/WorkingDirectory/12268/).
[2018.03.26-02.33.54:904][  0]LogShaderCompilers: Cleaned the shader compiler working directory 'C:/Users/Cameron/AppData/Local/Temp/UnrealShaderWorkingDir/DABCF142440DF0EF7B68BCAE94E9A61D/'.
[2018.03.26-02.33.54:904][  0]LogShaderCompilers: Display: Using Local Shader Compiler.
[2018.03.26-02.33.55:852][  0]LogTemp: Display: Loaded TP AllDesktopTargetPlatform
[2018.03.26-02.33.55:895][  0]LogTemp: Display: Loaded TP MacClientTargetPlatform
[2018.03.26-02.33.55:938][  0]LogTemp: Display: Loaded TP MacNoEditorTargetPlatform
[2018.03.26-02.33.55:983][  0]LogTemp: Display: Loaded TP MacServerTargetPlatform
[2018.03.26-02.33.56:027][  0]LogTemp: Display: Loaded TP MacTargetPlatform
[2018.03.26-02.33.56:071][  0]LogTemp: Display: Loaded TP WindowsClientTargetPlatform
[2018.03.26-02.33.56:115][  0]LogTemp: Display: Loaded TP WindowsNoEditorTargetPlatform
[2018.03.26-02.33.56:160][  0]LogTemp: Display: Loaded TP WindowsServerTargetPlatform
[2018.03.26-02.33.56:196][  0]LogTemp: Display: Loaded TP WindowsTargetPlatform
[2018.03.26-02.33.56:238][  0]LogTemp: Display: Loaded TP Android_ASTCTargetPlatform
[2018.03.26-02.33.56:281][  0]LogTemp: Display: Loaded TP Android_ATCTargetPlatform
[2018.03.26-02.33.56:324][  0]LogTemp: Display: Loaded TP Android_DXTTargetPlatform
[2018.03.26-02.33.56:366][  0]LogTemp: Display: Loaded TP Android_ETC1TargetPlatform
[2018.03.26-02.33.56:408][  0]LogTemp: Display: Loaded TP Android_ETC2TargetPlatform
[2018.03.26-02.33.56:493][  0]LogTemp: Display: Loaded TP Android_MultiTargetPlatform
[2018.03.26-02.33.56:493][  0]LogTemp: Display: Loaded TP Android_PVRTCTargetPlatform
[2018.03.26-02.33.56:536][  0]LogTemp: Display: Loaded TP AndroidTargetPlatform
[2018.03.26-02.33.56:568][  0]LogTemp: Display: Loaded TP HTML5TargetPlatform
[2018.03.26-02.33.56:649][  0]LogTemp: Display: Loaded TP IOSTargetPlatform
[2018.03.26-02.33.56:671][  0]LogTemp: Display: Loaded TP TVOSTargetPlatform
[2018.03.26-02.33.56:713][  0]LogTemp: Display: Loaded TP LinuxClientTargetPlatform
[2018.03.26-02.33.56:756][  0]LogTemp: Display: Loaded TP LinuxNoEditorTargetPlatform
[2018.03.26-02.33.56:800][  0]LogTemp: Display: Loaded TP LinuxServerTargetPlatform
[2018.03.26-02.33.56:843][  0]LogTemp: Display: Loaded TP LinuxTargetPlatform
[2018.03.26-02.33.56:843][  0]LogTargetPlatformManager: Display: Building Assets For Windows
[2018.03.26-02.33.57:210][  0]LogDerivedDataCache: Display: Max Cache Size: 512 MB
[2018.03.26-02.33.57:280][  0]LogDerivedDataCache: Loaded boot cache 0.07s 78MB C:/Users/Cameron/AppData/Local/UnrealEngine/4.18/DerivedDataCache/Boot.ddc.
[2018.03.26-02.33.57:280][  0]LogDerivedDataCache: Display: Loaded Boot cache: C:/Users/Cameron/AppData/Local/UnrealEngine/4.18/DerivedDataCache/Boot.ddc
[2018.03.26-02.33.57:280][  0]LogDerivedDataCache: FDerivedDataBackendGraph:  Pak pak cache file C:/Users/Cameron/Documents/GitHub/TwistedFateGame/TwistedFateGame/DerivedDataCache/DDC.ddp not found, will not use a pak cache.
[2018.03.26-02.33.57:280][  0]LogDerivedDataCache: Unable to find inner node Pak for hierarchical cache Hierarchy.
[2018.03.26-02.33.57:280][  0]LogDerivedDataCache: FDerivedDataBackendGraph:  CompressedPak pak cache file C:/Users/Cameron/Documents/GitHub/TwistedFateGame/TwistedFateGame/DerivedDataCache/Compressed.ddp not found, will not use a pak cache.
[2018.03.26-02.33.57:280][  0]LogDerivedDataCache: Unable to find inner node CompressedPak for hierarchical cache Hierarchy.
[2018.03.26-02.33.57:296][  0]LogDerivedDataCache: Display: Pak cache opened for reading ../../../Engine/DerivedDataCache/Compressed.ddp.
[2018.03.26-02.33.57:309][  0]LogDerivedDataCache: Using Local data cache path C:/Users/Cameron/AppData/Local/UnrealEngine/Common/DerivedDataCache: Writable
[2018.03.26-02.33.57:319][  0]LogMaterial: Verifying Global Shaders for PCD3D_SM5
[2018.03.26-02.33.57:319][  0]LogSlate: Using Freetype 2.6.0
[2018.03.26-02.33.57:320][  0]LogSlate: SlateFontCache - WITH_FREETYPE: 1, WITH_HARFBUZZ: 1
[2018.03.26-02.33.57:320][  0]LogSlate: SlateFontCache - WITH_FREETYPE: 1, WITH_HARFBUZZ: 1
[2018.03.26-02.33.57:699][  0]LogInit: Selected Device Profile: [Windows]
[2018.03.26-02.33.57:992][  0]LogSimplygon: Simplygon DLL not present - disabling.
[2018.03.26-02.33.58:024][  0]LogMeshReduction: Using SimplygonSwarm for distributed automatic mesh merging
[2018.03.26-02.33.58:024][  0]LogMeshReduction: Using QuadricMeshReduction for automatic static mesh reduction
[2018.03.26-02.33.58:024][  0]LogMeshReduction: No automatic skeletal mesh reduction module available
[2018.03.26-02.33.58:024][  0]LogMeshReduction: No automatic mesh merging module available
[2018.03.26-02.33.58:024][  0]LogMeshMerging: No automatic mesh merging module available
[2018.03.26-02.33.58:064][  0]LogNetVersion: TwistedFateGame , NetCL: 3709383, EngineNetVer: 2, GameNetVer: 0 (Checksum: 1574445964)
[2018.03.26-02.33.58:222][  0]LogAssetRegistry: FAssetRegistry took 0.0266 seconds to start up
[2018.03.26-02.33.58:727][  0]LogPackageLocalizationCache: Processed 7 localized package path(s) for 2 prioritized culture(s) in 0.083908 seconds
[2018.03.26-02.33.58:732][  0]LogUObjectArray: 35870 objects as part of root set at end of initial load.
[2018.03.26-02.33.58:732][  0]LogUObjectAllocator: 7363704 out of 0 bytes used by permanent object pool.
[2018.03.26-02.33.58:732][  0]LogUObjectArray: CloseDisregardForGC: 0/0 objects in disregard for GC pool
[2018.03.26-02.33.58:771][  0]LogInit: WinSock: version 1.1 (2.2), MaxSocks=32767, MaxUdp=65467
[2018.03.26-02.34.01:266][  0]LogTcpMessaging: Initializing TcpMessaging bridge
[2018.03.26-02.34.01:307][  0]LogUdpMessaging: Initializing bridge on interface 0.0.0.0:0 to multicast group 230.0.0.1:6666.
[2018.03.26-02.34.01:937][  0]LogMaterial: Uniform references updated for custom material expression Custom.
[2018.03.26-02.34.02:317][  0]SourceControl: Source control is disabled
[2018.03.26-02.34.03:686][  0]LogAndroidPermission: UAndroidPermissionCallbackProxy::GetInstance
[2018.03.26-02.34.03:925][  0]LogOcInput: OculusInput pre-init called
[2018.03.26-02.34.04:179][  0]LogEngine: Initializing Engine...
[2018.03.26-02.34.04:182][  0]LogHMD: Oculus plugin initialized. Version: 4.18.3-3832480+++UE4+Release-4.18, OVRPlugin: 1.19.0
[2018.03.26-02.34.04:387][  0]LogStats: UGameplayTagsManager::ConstructGameplayTagTree: Construct from data asset -  0.000 s
[2018.03.26-02.34.04:387][  0]LogStats: UGameplayTagsManager::ConstructGameplayTagTree: GameplayTagTreeChangedEvent.Broadcast -  0.000 s
[2018.03.26-02.34.04:496][  0]LogAIModule: Creating AISystem for world Untitled
[2018.03.26-02.34.04:519][  0]LogInit: XAudio2 using 'Speakers (Klipsch PM2.1 BT Stereo)' : 2 channels at 44.1 kHz using 16 bits per sample (channel mask 0x3)
[2018.03.26-02.34.04:545][  0]LogInit: FAudioDevice initialized.
[2018.03.26-02.34.04:643][  0]LogDerivedDataCache: Saved boot cache 0.10s 78MB C:/Users/Cameron/AppData/Local/UnrealEngine/4.18/DerivedDataCache/Boot.ddc.
[2018.03.26-02.34.04:647][  0]LogInit: Texture streaming: Enabled
[2018.03.26-02.34.04:725][  0]LogEngineSessionManager: EngineSessionManager initialized
[2018.03.26-02.34.04:833][  0]LogInit: Transaction tracking system initialized
[2018.03.26-02.34.05:087][  0]BlueprintLog: New page: Editor Load
[2018.03.26-02.34.05:806][  0]LocalizationService: Localization service is disabled
[2018.03.26-02.34.06:415][  0]LogConsoleResponse: Display: 
[2018.03.26-02.34.06:569][  0]LogAutoReimportManager: Warning: Unable to watch directory C:/Users/Cameron/Documents/GitHub/TwistedFateGame/TwistedFateGame/Content/ as it will conflict with another watching C:/Users/Cameron/Documents/GitHub/TwistedFateGame/TwistedFateGame/Content/.
[2018.03.26-02.34.06:581][  0]LogCook: Display: Max memory allowance for cook 16384mb min free memory 0mb
[2018.03.26-02.34.06:581][  0]LogCook: Display: Mobile HDR setting 1
[2018.03.26-02.34.06:581][  0]LogGameplayTags: Display: UGameplayTagsManager::DoneAddingNativeTags. DelegateIsBound: 0
[2018.03.26-02.34.07:569][  0]LogFileCache: Scanning file cache for directory 'C:/Users/Cameron/Documents/GitHub/TwistedFateGame/TwistedFateGame/Content/' took 0.07s
[2018.03.26-02.34.07:607][  0]Cmd: MAP LOAD FILE="C:/Users/Cameron/Documents/GitHub/TwistedFateGame/TwistedFateGame/Content/Maps/Level_1.umap" TEMPLATE=0 SHOWPROGRESS=1 FEATURELEVEL=3
[2018.03.26-02.34.07:608][  0]LightingResults: New page: Lighting Build
[2018.03.26-02.34.07:641][  0]MapCheck: New page: Map Check
[2018.03.26-02.34.07:641][  0]LightingResults: New page: Lighting Build
[2018.03.26-02.34.09:057][  0]LogAIModule: Creating AISystem for world Level_1
[2018.03.26-02.34.09:333][  0]LogEditorServer: Finished looking for orphan Actors (0.000 secs)
[2018.03.26-02.34.09:353][  0]Cmd: MAP CHECKDEP NOCLEARLOG
[2018.03.26-02.34.09:429][  0]MapCheck: Map check complete: 0 Error(s), 0 Warning(s), took 75.405ms to complete.
[2018.03.26-02.34.09:429][  0]LogFileHelpers: Loading map 'Level_1' took 1.822
[2018.03.26-02.34.09:638][  0]LogCollectionManager: Loaded 0 collections in 0.001506 seconds
[2018.03.26-02.34.09:717][  0]LogFileCache: Scanning file cache for directory 'C:/Users/Cameron/Documents/GitHub/TwistedFateGame/TwistedFateGame/Saved/Collections/' took 0.01s
[2018.03.26-02.34.09:717][  0]LogFileCache: Scanning file cache for directory 'C:/Users/Cameron/Documents/GitHub/TwistedFateGame/TwistedFateGame/Content/Developers/Cameron/Collections/' took 0.01s
[2018.03.26-02.34.09:717][  0]LogFileCache: Scanning file cache for directory 'C:/Users/Cameron/Documents/GitHub/TwistedFateGame/TwistedFateGame/Content/Collections/' took 0.01s
[2018.03.26-02.34.09:717][  0]LogCollectionManager: Rebuilt the GUID cache for 0 collections in 0.000000 seconds
[2018.03.26-02.34.09:726][  0]LogContentBrowser: Native class hierarchy populated in 0.0089 seconds. Added 2363 classes and 519 folders.
[2018.03.26-02.34.09:794][  0]LogContentBrowser: Native class hierarchy updated for 'WidgetCarousel' in 0.0002 seconds. Added 0 classes and 0 folders.
[2018.03.26-02.34.09:839][  0]LogContentBrowser: Native class hierarchy updated for 'AddContentDialog' in 0.0002 seconds. Added 0 classes and 0 folders.
[2018.03.26-02.34.09:874][  0]LogContentBrowser: Native class hierarchy updated for 'SceneOutliner' in 0.0002 seconds. Added 1 classes and 2 folders.
[2018.03.26-02.34.09:949][  0]LogSlate: Took 0.000198 seconds to synchronously load lazily loaded font '../../../Engine/Content/Slate/Fonts/Roboto-Regular.ttf' (155K)
[2018.03.26-02.34.09:951][  0]LogSlate: Took 0.000200 seconds to synchronously load lazily loaded font '../../../Engine/Content/Slate/Fonts/Roboto-Bold.ttf' (160K)
[2018.03.26-02.34.09:956][  0]LogSlate: Took 0.000206 seconds to synchronously load lazily loaded font '../../../Engine/Content/Editor/Slate/Fonts/FontAwesome.ttf' (139K)
[2018.03.26-02.34.10:065][  0]LogRenderer: Reallocating scene render targets to support 1208x576 Format 10 NumSamples 1 (Frame:1).
[2018.03.26-02.34.10:336][  0]LogContentBrowser: Native class hierarchy updated for 'HierarchicalLODOutliner' in 0.0003 seconds. Added 1 classes and 2 folders.
[2018.03.26-02.34.10:336][  0]LogLoad: (Engine Initialization) Total time: 18.86 seconds
[2018.03.26-02.34.10:336][  0]LogLoad: (Engine Initialization) Total Blueprint compile time: 0.00 seconds
[2018.03.26-02.34.10:336][  0]LogExternalProfiler: No external profilers were discovered.  External profiling features will not be available.
[2018.03.26-02.34.10:346][  0]LogWindowsTextInputMethodSystem: Display: IME system now deactivated.
[2018.03.26-02.34.10:352][  0]LogOcInput: OculusInput is initialized
[2018.03.26-02.34.10:403][  0]SourceControl: On branch master
[2018.03.26-02.34.10:403][  0]SourceControl: Your branch is up to date with 'origin/master'.
[2018.03.26-02.34.10:403][  0]SourceControl: Changes to be committed:
[2018.03.26-02.34.10:403][  0]SourceControl:   (use "git reset HEAD <file>..." to unstage)
[2018.03.26-02.34.10:403][  0]SourceControl: 	new file:   TwistedFateGame/Content/Maps/Level_1_sharedassets/RockLand_LayerInfo.uasset
[2018.03.26-02.34.10:403][  0]SourceControl: Changes not staged for commit:
[2018.03.26-02.34.10:403][  0]SourceControl:   (use "git add/rm <file>..." to update what will be committed)
[2018.03.26-02.34.10:403][  0]SourceControl:   (use "git checkout -- <file>..." to discard changes in working directory)
[2018.03.26-02.34.10:403][  0]SourceControl: 	modified:   TwistedFateGame/Content/Maps/Level_1.umap
[2018.03.26-02.34.10:403][  0]SourceControl: 	modified:   TwistedFateGame/Content/Materials/ML_RockLand.uasset
[2018.03.26-02.34.10:403][  0]SourceControl: 	modified:   TwistedFateGame/Content/Materials/M_Landscape_01.uasset
[2018.03.26-02.34.10:403][  0]SourceControl: 	modified:   TwistedFateGame/Intermediate/AssetRegistryCache/311563bb.bin
[2018.03.26-02.34.10:403][  0]SourceControl: 	modified:   TwistedFateGame/Intermediate/AssetRegistryCache/c90e3f55.bin
[2018.03.26-02.34.10:403][  0]SourceControl: 	modified:   TwistedFateGame/Intermediate/CachedAssetRegistry.bin
[2018.03.26-02.34.10:403][  0]SourceControl: 	modified:   TwistedFateGame/Saved/AutoScreenshot.png
[2018.03.26-02.34.10:403][  0]SourceControl: 	modified:   TwistedFateGame/Saved/Autosaves/Game/Maps/Level_1_Auto1.umap
[2018.03.26-02.34.10:403][  0]SourceControl: 	modified:   TwistedFateGame/Saved/Autosaves/Game/Maps/Level_1_Auto2.umap
[2018.03.26-02.34.10:403][  0]SourceControl: 	modified:   TwistedFateGame/Saved/Autosaves/Game/Maps/Level_1_Auto3.umap
[2018.03.26-02.34.10:403][  0]SourceControl: 	modified:   TwistedFateGame/Saved/Autosaves/Game/Maps/Level_1_Auto4.umap
[2018.03.26-02.34.10:403][  0]SourceControl: 	modified:   TwistedFateGame/Saved/Autosaves/PackageRestoreData.json
[2018.03.26-02.34.10:403][  0]SourceControl: 	deleted:    TwistedFateGame/Saved/Backup/Level_1_2018-03-21-22-56-47.umap
[2018.03.26-02.34.10:403][  0]SourceControl: 	deleted:    TwistedFateGame/Saved/Backup/Level_1_2018-03-21-23-12-44.umap
[2018.03.26-02.34.10:403][  0]SourceControl: 	deleted:    TwistedFateGame/Saved/Backup/Level_1_2018-03-22-00-00-12.umap
[2018.03.26-02.34.10:403][  0]SourceControl: 	deleted:    TwistedFateGame/Saved/Backup/Level_1_2018-03-22-00-13-14.umap
[2018.03.26-02.34.10:403][  0]SourceControl: 	deleted:    TwistedFateGame/Saved/Backup/M_Landscape_01_2018-03-21-22-46-17.uasset
[2018.03.26-02.34.10:403][  0]SourceControl: 	deleted:    TwistedFateGame/Saved/Backup/M_Landscape_01_2018-03-21-22-56-50.uasset
[2018.03.26-02.34.10:403][  0]SourceControl: 	deleted:    TwistedFateGame/Saved/Config/CrashReportClient/UE4CC-Windows-B39F7E464436E3918D81FA96A9C7F173/CrashReportClient.ini
[2018.03.26-02.34.10:403][  0]SourceControl: 	modified:   TwistedFateGame/Saved/Config/Windows/EditorPerProjectUserSettings.ini
[2018.03.26-02.34.10:403][  0]SourceControl: 	deleted:    TwistedFateGame/Saved/Logs/TwistedFateGame-backup-2018.03.16-21.33.04.log
[2018.03.26-02.34.10:403][  0]SourceControl: 	deleted:    TwistedFateGame/Saved/Logs/TwistedFateGame-backup-2018.03.16-22.40.26.log
[2018.03.26-02.34.10:403][  0]SourceControl: 	deleted:    TwistedFateGame/Saved/Logs/TwistedFateGame-backup-2018.03.17-19.37.08.log
[2018.03.26-02.34.10:403][  0]SourceControl: 	deleted:    TwistedFateGame/Saved/Logs/TwistedFateGame-backup-2018.03.18-22.15.56.log
[2018.03.26-02.34.10:403][  0]SourceControl: 	deleted:    TwistedFateGame/Saved/Logs/TwistedFateGame-backup-2018.03.18-23.43.53.log
[2018.03.26-02.34.10:403][  0]SourceControl: 	modified:   TwistedFateGame/Saved/Logs/TwistedFateGame.log
[2018.03.26-02.34.10:403][  0]SourceControl: Untracked files:
[2018.03.26-02.34.10:403][  0]SourceControl:   (use "git add <file>..." to include in what will be committed)
[2018.03.26-02.34.10:403][  0]SourceControl: 	TwistedFateGame/Saved/Backup/Level_1_2018-03-24-19-25-20.umap
[2018.03.26-02.34.10:403][  0]SourceControl: 	TwistedFateGame/Saved/Backup/Level_1_2018-03-24-19-36-46.umap
[2018.03.26-02.34.10:403][  0]SourceControl: 	TwistedFateGame/Saved/Backup/Level_1_2018-03-24-19-50-36.umap
[2018.03.26-02.34.10:403][  0]SourceControl: 	TwistedFateGame/Saved/Backup/Level_1_2018-03-24-23-59-03.umap
[2018.03.26-02.34.10:403][  0]SourceControl: 	TwistedFateGame/Saved/Config/CrashReportClient/UE4CC-Windows-15AB357243992092C3D791A1BFF17EA4/
[2018.03.26-02.34.10:403][  0]SourceControl: 	TwistedFateGame/Saved/Config/CrashReportClient/UE4CC-Windows-E2CFAEC1446DCA64FC9366AB3509A89C/
[2018.03.26-02.34.10:403][  0]SourceControl: 	TwistedFateGame/Saved/Logs/TwistedFateGame-backup-2018.03.22-22.37.02.log
[2018.03.26-02.34.10:403][  0]SourceControl: 	TwistedFateGame/Saved/Logs/TwistedFateGame-backup-2018.03.24-18.33.43.log
[2018.03.26-02.34.10:403][  0]SourceControl: 	TwistedFateGame/Saved/Logs/TwistedFateGame-backup-2018.03.25-22.33.52.log
[2018.03.26-02.34.10:404][  0]LogContentStreaming: Texture pool size now 1000 MB
[2018.03.26-02.34.10:461][  0]LogSlate: Took 0.000213 seconds to synchronously load lazily loaded font '../../../Engine/Content/Slate/Fonts/Roboto-Light.ttf' (159K)
[2018.03.26-02.34.10:700][  3]LogAssetRegistry: Asset discovery search completed in 12.4994 seconds
[2018.03.26-02.34.10:705][  3]LogCollectionManager: Rebuilt the object cache for 0 collections in 0.000000 seconds (found 0 objects)
[2018.03.26-02.34.10:705][  3]LogCollectionManager: Fixed up redirectors for 0 collections in 0.000069 seconds (updated 0 objects)
[2018.03.26-02.34.15:500][262]LogFileCache: Retrieving MD5 hashes for directory 'C:/Users/Cameron/Documents/GitHub/TwistedFateGame/TwistedFateGame/Content/' took 5.13s
[2018.03.26-02.40.22:552][402]LogEditorViewport: Clicking on Actor (LMB): Landscape (Landscape2)
[2018.03.26-02.43.03:182][776]Cmd: TRANSACTION UNDO
[2018.03.26-02.43.03:183][776]LogEditorTransaction: Undo Scale Actors
[2018.03.26-02.43.04:519][776]LogActorComponent: ~FComponentReregisterContext: (/Game/Maps/Level_1.Level_1:PersistentLevel.Landscape_2.LandscapeHeightfieldCollisionComponent_359) Component already registered.
[2018.03.26-02.43.04:525][776]LogActorComponent: ~FComponentReregisterContext: (/Game/Maps/Level_1.Level_1:PersistentLevel.Landscape_2.LandscapeHeightfieldCollisionComponent_365) Component already registered.
[2018.03.26-02.43.04:531][776]LogActorComponent: ~FComponentReregisterContext: (/Game/Maps/Level_1.Level_1:PersistentLevel.Landscape_2.LandscapeHeightfieldCollisionComponent_364) Component already registered.
[2018.03.26-02.43.04:537][776]LogActorComponent: ~FComponentReregisterContext: (/Game/Maps/Level_1.Level_1:PersistentLevel.Landscape_2.LandscapeHeightfieldCollisionComponent_363) Component already registered.
[2018.03.26-02.43.04:543][776]LogActorComponent: ~FComponentReregisterContext: (/Game/Maps/Level_1.Level_1:PersistentLevel.Landscape_2.LandscapeHeightfieldCollisionComponent_362) Component already registered.
[2018.03.26-02.43.04:548][776]LogActorComponent: ~FComponentReregisterContext: (/Game/Maps/Level_1.Level_1:PersistentLevel.Landscape_2.LandscapeHeightfieldCollisionComponent_361) Component already registered.
[2018.03.26-02.43.04:555][776]LogActorComponent: ~FComponentReregisterContext: (/Game/Maps/Level_1.Level_1:PersistentLevel.Landscape_2.LandscapeHeightfieldCollisionComponent_360) Component already registered.
[2018.03.26-02.43.04:561][776]LogActorComponent: ~FComponentReregisterContext: (/Game/Maps/Level_1.Level_1:PersistentLevel.Landscape_2.LandscapeHeightfieldCollisionComponent_358) Component already registered.
[2018.03.26-02.43.04:566][776]LogActorComponent: ~FComponentReregisterContext: (/Game/Maps/Level_1.Level_1:PersistentLevel.Landscape_2.LandscapeHeightfieldCollisionComponent_366) Component already registered.
[2018.03.26-02.43.04:572][776]LogActorComponent: ~FComponentReregisterContext: (/Game/Maps/Level_1.Level_1:PersistentLevel.Landscape_2.LandscapeHeightfieldCollisionComponent_357) Component already registered.
[2018.03.26-02.43.04:578][776]LogActorComponent: ~FComponentReregisterContext: (/Game/Maps/Level_1.Level_1:PersistentLevel.Landscape_2.LandscapeHeightfieldCollisionComponent_356) Component already registered.
[2018.03.26-02.43.04:584][776]LogActorComponent: ~FComponentReregisterContext: (/Game/Maps/Level_1.Level_1:PersistentLevel.Landscape_2.LandscapeHeightfieldCollisionComponent_355) Component already registered.
[2018.03.26-02.43.04:589][776]LogActorComponent: ~FComponentReregisterContext: (/Game/Maps/Level_1.Level_1:PersistentLevel.Landscape_2.LandscapeHeightfieldCollisionComponent_354) Component already registered.
[2018.03.26-02.43.04:595][776]LogActorComponent: ~FComponentReregisterContext: (/Game/Maps/Level_1.Level_1:PersistentLevel.Landscape_2.LandscapeHeightfieldCollisionComponent_353) Component already registered.
[2018.03.26-02.43.04:600][776]LogActorComponent: ~FComponentReregisterContext: (/Game/Maps/Level_1.Level_1:PersistentLevel.Landscape_2.LandscapeHeightfieldCollisionComponent_352) Component already registered.
[2018.03.26-02.43.04:606][776]LogActorComponent: ~FComponentReregisterContext: (/Game/Maps/Level_1.Level_1:PersistentLevel.Landscape_2.LandscapeHeightfieldCollisionComponent_367) Component already registered.
[2018.03.26-02.43.04:612][776]LogActorComponent: ~FComponentReregisterContext: (/Game/Maps/Level_1.Level_1:PersistentLevel.Landscape_2.LandscapeHeightfieldCollisionComponent_351) Component already registered.
[2018.03.26-02.43.04:618][776]LogActorComponent: ~FComponentReregisterContext: (/Game/Maps/Level_1.Level_1:PersistentLevel.Landscape_2.LandscapeHeightfieldCollisionComponent_376) Component already registered.
[2018.03.26-02.43.04:624][776]LogActorComponent: ~FComponentReregisterContext: (/Game/Maps/Level_1.Level_1:PersistentLevel.Landscape_2.LandscapeHeightfieldCollisionComponent_382) Component already registered.
[2018.03.26-02.43.04:629][776]LogActorComponent: ~FComponentReregisterContext: (/Game/Maps/Level_1.Level_1:PersistentLevel.Landscape_2.LandscapeHeightfieldCollisionComponent_381) Component already registered.
[2018.03.26-02.43.04:636][776]LogActorComponent: ~FComponentReregisterContext: (/Game/Maps/Level_1.Level_1:PersistentLevel.Landscape_2.LandscapeHeightfieldCollisionComponent_380) Component already registered.
[2018.03.26-02.43.04:641][776]LogActorComponent: ~FComponentReregisterContext: (/Game/Maps/Level_1.Level_1:PersistentLevel.Landscape_2.LandscapeHeightfieldCollisionComponent_379) Component already registered.
[2018.03.26-02.43.04:648][776]LogActorComponent: ~FComponentReregisterContext: (/Game/Maps/Level_1.Level_1:PersistentLevel.Landscape_2.LandscapeHeightfieldCollisionComponent_378) Component already registered.
[2018.03.26-02.43.04:654][776]LogActorComponent: ~FComponentReregisterContext: (/Game/Maps/Level_1.Level_1:PersistentLevel.Landscape_2.LandscapeHeightfieldCollisionComponent_377) Component already registered.
[2018.03.26-02.43.04:661][776]LogActorComponent: ~FComponentReregisterContext: (/Game/Maps/Level_1.Level_1:PersistentLevel.Landscape_2.LandscapeHeightfieldCollisionComponent_375) Component already registered.
[2018.03.26-02.43.04:667][776]LogActorComponent: ~FComponentReregisterContext: (/Game/Maps/Level_1.Level_1:PersistentLevel.Landscape_2.LandscapeHeightfieldCollisionComponent_368) Component already registered.
[2018.03.26-02.43.04:673][776]LogActorComponent: ~FComponentReregisterContext: (/Game/Maps/Level_1.Level_1:PersistentLevel.Landscape_2.LandscapeHeightfieldCollisionComponent_374) Component already registered.
[2018.03.26-02.43.04:680][776]LogActorComponent: ~FComponentReregisterContext: (/Game/Maps/Level_1.Level_1:PersistentLevel.Landscape_2.LandscapeHeightfieldCollisionComponent_373) Component already registered.
[2018.03.26-02.43.04:687][776]LogActorComponent: ~FComponentReregisterContext: (/Game/Maps/Level_1.Level_1:PersistentLevel.Landscape_2.LandscapeHeightfieldCollisionComponent_372) Component already registered.
[2018.03.26-02.43.04:692][776]LogActorComponent: ~FComponentReregisterContext: (/Game/Maps/Level_1.Level_1:PersistentLevel.Landscape_2.LandscapeHeightfieldCollisionComponent_371) Component already registered.
[2018.03.26-02.43.04:698][776]LogActorComponent: ~FComponentReregisterContext: (/Game/Maps/Level_1.Level_1:PersistentLevel.Landscape_2.LandscapeHeightfieldCollisionComponent_370) Component already registered.
[2018.03.26-02.43.04:704][776]LogActorComponent: ~FComponentReregisterContext: (/Game/Maps/Level_1.Level_1:PersistentLevel.Landscape_2.LandscapeHeightfieldCollisionComponent_369) Component already registered.
[2018.03.26-02.43.04:710][776]LogActorComponent: ~FComponentReregisterContext: (/Game/Maps/Level_1.Level_1:PersistentLevel.Landscape_2.LandscapeHeightfieldCollisionComponent_350) Component already registered.
[2018.03.26-02.43.04:717][776]LogActorComponent: ~FComponentReregisterContext: (/Game/Maps/Level_1.Level_1:PersistentLevel.Landscape_2.LandscapeHeightfieldCollisionComponent_383) Component already registered.
[2018.03.26-02.43.04:723][776]LogActorComponent: ~FComponentReregisterContext: (/Game/Maps/Level_1.Level_1:PersistentLevel.Landscape_2.LandscapeHeightfieldCollisionComponent_325) Component already registered.
[2018.03.26-02.43.04:728][776]LogActorComponent: ~FComponentReregisterContext: (/Game/Maps/Level_1.Level_1:PersistentLevel.Landscape_2.LandscapeHeightfieldCollisionComponent_331) Component already registered.
[2018.03.26-02.43.04:735][776]LogActorComponent: ~FComponentReregisterContext: (/Game/Maps/Level_1.Level_1:PersistentLevel.Landscape_2.LandscapeHeightfieldCollisionComponent_330) Component already registered.
[2018.03.26-02.43.04:741][776]LogActorComponent: ~FComponentReregisterContext: (/Game/Maps/Level_1.Level_1:PersistentLevel.Landscape_2.LandscapeHeightfieldCollisionComponent_329) Component already registered.
[2018.03.26-02.43.04:747][776]LogActorComponent: ~FComponentReregisterContext: (/Game/Maps/Level_1.Level_1:PersistentLevel.Landscape_2.LandscapeHeightfieldCollisionComponent_328) Component already registered.
[2018.03.26-02.43.04:753][776]LogActorComponent: ~FComponentReregisterContext: (/Game/Maps/Level_1.Level_1:PersistentLevel.Landscape_2.LandscapeHeightfieldCollisionComponent_327) Component already registered.
[2018.03.26-02.43.04:760][776]LogActorComponent: ~FComponentReregisterContext: (/Game/Maps/Level_1.Level_1:PersistentLevel.Landscape_2.LandscapeHeightfieldCollisionComponent_326) Component already registered.
[2018.03.26-02.43.04:766][776]LogActorComponent: ~FComponentReregisterContext: (/Game/Maps/Level_1.Level_1:PersistentLevel.Landscape_2.LandscapeHeightfieldCollisionComponent_324) Component already registered.
[2018.03.26-02.43.04:772][776]LogActorComponent: ~FComponentReregisterContext: (/Game/Maps/Level_1.Level_1:PersistentLevel.Landscape_2.LandscapeHeightfieldCollisionComponent_332) Component already registered.
[2018.03.26-02.43.04:778][776]LogActorComponent: ~FComponentReregisterContext: (/Game/Maps/Level_1.Level_1:PersistentLevel.Landscape_2.LandscapeHeightfieldCollisionComponent_323) Component already registered.
[2018.03.26-02.43.04:784][776]LogActorComponent: ~FComponentReregisterContext: (/Game/Maps/Level_1.Level_1:PersistentLevel.Landscape_2.LandscapeHeightfieldCollisionComponent_322) Component already registered.
[2018.03.26-02.43.04:790][776]LogActorComponent: ~FComponentReregisterContext: (/Game/Maps/Level_1.Level_1:PersistentLevel.Landscape_2.LandscapeHeightfieldCollisionComponent_321) Component already registered.
[2018.03.26-02.43.04:796][776]LogActorComponent: ~FComponentReregisterContext: (/Game/Maps/Level_1.Level_1:PersistentLevel.Landscape_2.LandscapeHeightfieldCollisionComponent_320) Component already registered.
[2018.03.26-02.43.04:802][776]LogActorComponent: ~FComponentReregisterContext: (/Game/Maps/Level_1.Level_1:PersistentLevel.Landscape_2.LandscapeHeightfieldCollisionComponent_333) Component already registered.
[2018.03.26-02.43.04:808][776]LogActorComponent: ~FComponentReregisterContext: (/Game/Maps/Level_1.Level_1:PersistentLevel.Landscape_2.LandscapeHeightfieldCollisionComponent_349) Component already registered.
[2018.03.26-02.43.04:815][776]LogActorComponent: ~FComponentReregisterContext: (/Game/Maps/Level_1.Level_1:PersistentLevel.Landscape_2.LandscapeHeightfieldCollisionComponent_342) Component already registered.
[2018.03.26-02.43.04:821][776]LogActorComponent: ~FComponentReregisterContext: (/Game/Maps/Level_1.Level_1:PersistentLevel.Landscape_2.LandscapeHeightfieldCollisionComponent_348) Component already registered.
[2018.03.26-02.43.04:827][776]LogActorComponent: ~FComponentReregisterContext: (/Game/Maps/Level_1.Level_1:PersistentLevel.Landscape_2.LandscapeHeightfieldCollisionComponent_347) Component already registered.
[2018.03.26-02.43.04:833][776]LogActorComponent: ~FComponentReregisterContext: (/Game/Maps/Level_1.Level_1:PersistentLevel.Landscape_2.LandscapeHeightfieldCollisionComponent_346) Component already registered.
[2018.03.26-02.43.04:839][776]LogActorComponent: ~FComponentReregisterContext: (/Game/Maps/Level_1.Level_1:PersistentLevel.Landscape_2.LandscapeHeightfieldCollisionComponent_345) Component already registered.
[2018.03.26-02.43.04:845][776]LogActorComponent: ~FComponentReregisterContext: (/Game/Maps/Level_1.Level_1:PersistentLevel.Landscape_2.LandscapeHeightfieldCollisionComponent_344) Component already registered.
[2018.03.26-02.43.04:851][776]LogActorComponent: ~FComponentReregisterContext: (/Game/Maps/Level_1.Level_1:PersistentLevel.Landscape_2.LandscapeHeightfieldCollisionComponent_343) Component already registered.
[2018.03.26-02.43.04:857][776]LogActorComponent: ~FComponentReregisterContext: (/Game/Maps/Level_1.Level_1:PersistentLevel.Landscape_2.LandscapeHeightfieldCollisionComponent_341) Component already registered.
[2018.03.26-02.43.04:863][776]LogActorComponent: ~FComponentReregisterContext: (/Game/Maps/Level_1.Level_1:PersistentLevel.Landscape_2.LandscapeHeightfieldCollisionComponent_334) Component already registered.
[2018.03.26-02.43.04:869][776]LogActorComponent: ~FComponentReregisterContext: (/Game/Maps/Level_1.Level_1:PersistentLevel.Landscape_2.LandscapeHeightfieldCollisionComponent_340) Component already registered.
[2018.03.26-02.43.04:875][776]LogActorComponent: ~FComponentReregisterContext: (/Game/Maps/Level_1.Level_1:PersistentLevel.Landscape_2.LandscapeHeightfieldCollisionComponent_339) Component already registered.
[2018.03.26-02.43.04:882][776]LogActorComponent: ~FComponentReregisterContext: (/Game/Maps/Level_1.Level_1:PersistentLevel.Landscape_2.LandscapeHeightfieldCollisionComponent_338) Component already registered.
[2018.03.26-02.43.04:888][776]LogActorComponent: ~FComponentReregisterContext: (/Game/Maps/Level_1.Level_1:PersistentLevel.Landscape_2.LandscapeHeightfieldCollisionComponent_337) Component already registered.
[2018.03.26-02.43.04:894][776]LogActorComponent: ~FComponentReregisterContext: (/Game/Maps/Level_1.Level_1:PersistentLevel.Landscape_2.LandscapeHeightfieldCollisionComponent_336) Component already registered.
[2018.03.26-02.43.04:900][776]LogActorComponent: ~FComponentReregisterContext: (/Game/Maps/Level_1.Level_1:PersistentLevel.Landscape_2.LandscapeHeightfieldCollisionComponent_335) Component already registered.
[2018.03.26-02.43.04:947][776]LogSlate: Took 0.000261 seconds to synchronously load lazily loaded font '../../../Engine/Content/Slate/Fonts/Roboto-Light.ttf' (159K)
[2018.03.26-02.43.06:976][941]Cmd: TRANSACTION UNDO
[2018.03.26-02.43.06:976][941]LogEditorTransaction: Undo Set Scale
[2018.03.26-02.43.34:353][761]Cmd: TRANSACTION UNDO
[2018.03.26-02.43.34:353][761]LogEditorTransaction: Undo Set Scale
[2018.03.26-02.43.35:590][804]Cmd: TRANSACTION UNDO
[2018.03.26-02.43.35:590][804]LogEditorTransaction: Undo Set Scale
[2018.03.26-02.43.36:853][846]Cmd: TRANSACTION UNDO
[2018.03.26-02.43.36:853][846]LogEditorTransaction: Undo Clicking on Actors
[2018.03.26-02.43.40:288][ 46]LogEditorViewport: Clicking on Actor (LMB): Landscape (Landscape2)
[2018.03.26-02.43.41:035][ 85]Cmd: TRANSACTION UNDO
[2018.03.26-02.43.41:035][ 85]LogEditorTransaction: Undo Clicking on Actors
[2018.03.26-02.43.44:889][305]Cmd: TRANSACTION UNDO
[2018.03.26-02.43.44:889][305]LogEditorTransaction: Undo Scale Actors
[2018.03.26-02.43.48:793][528]Cmd: TRANSACTION UNDO
[2018.03.26-02.43.48:793][528]LogEditorTransaction: Undo Scale Actors
[2018.03.26-02.44.12:856][280]Cmd: QUIT_EDITOR
[2018.03.26-02.44.12:873][280]LogWindowsTextInputMethodSystem: Display: IME system now deactivated.
[2018.03.26-02.44.12:886][280]LogExit: Preparing to exit.
[2018.03.26-02.44.13:494][280]LogExit: Editor shut down
[2018.03.26-02.44.13:506][280]LogExit: Transaction tracking system shut down
[2018.03.26-02.44.13:719][280]LogDirectoryWatcher: A directory notification for '../../../Engine/Content/' was aborted.
[2018.03.26-02.44.13:719][280]LogDirectoryWatcher: A directory notification for 'C:/Users/Cameron/Documents/GitHub/TwistedFateGame/TwistedFateGame/Content/' was aborted.
[2018.03.26-02.44.13:719][280]LogDirectoryWatcher: A directory notification for '../../../Engine/Plugins/2D/Paper2D/Content/' was aborted.
[2018.03.26-02.44.13:719][280]LogDirectoryWatcher: A directory notification for '../../../Engine/Plugins/Media/MediaCompositing/Content/' was aborted.
[2018.03.26-02.44.13:719][280]LogDirectoryWatcher: A directory notification for '../../../Engine/Plugins/Runtime/AppleARKit/Content/' was aborted.
[2018.03.26-02.44.13:719][280]LogDirectoryWatcher: A directory notification for '../../../Engine/Plugins/Runtime/Oculus/OculusVR/Content/' was aborted.
[2018.03.26-02.44.13:719][280]LogDirectoryWatcher: A directory notification for '../../../Engine/Plugins/Runtime/Steam/SteamVR/Content/' was aborted.
[2018.03.26-02.44.13:791][280]LogExit: Object subsystem successfully closed.
[2018.03.26-02.44.13:812][280]LogD3D11RHI: Shutdown
[2018.03.26-02.44.13:812][280]LogD3D11RHI: CleanupD3DDevice
[2018.03.26-02.44.13:817][280]LogD3D11RHI: ~FD3D11DynamicRHI
[2018.03.26-02.44.13:825][280]LogModuleManager: Shutting down and abandoning module HierarchicalLODOutliner (548)
[2018.03.26-02.44.13:825][280]LogModuleManager: Shutting down and abandoning module SceneOutliner (546)
[2018.03.26-02.44.13:825][280]LogModuleManager: Shutting down and abandoning module AddContentDialog (544)
[2018.03.26-02.44.13:825][280]LogDirectoryWatcher: A directory notification for 'E:/UE_4.18/FeaturePacks/' was aborted.
[2018.03.26-02.44.13:827][280]LogModuleManager: Shutting down and abandoning module WidgetCarousel (543)
[2018.03.26-02.44.13:827][280]LogModuleManager: Shutting down and abandoning module EditorWidgets (540)
[2018.03.26-02.44.13:827][280]LogModuleManager: Shutting down and abandoning module CollectionManager (538)
[2018.03.26-02.44.13:827][280]LogDirectoryWatcher: A directory notification for 'C:/Users/Cameron/Documents/GitHub/TwistedFateGame/TwistedFateGame/Content/Collections/' was aborted.
[2018.03.26-02.44.13:827][280]LogDirectoryWatcher: A directory notification for 'C:/Users/Cameron/Documents/GitHub/TwistedFateGame/TwistedFateGame/Content/Developers/Cameron/Collections/' was aborted.
[2018.03.26-02.44.13:827][280]LogDirectoryWatcher: A directory notification for 'C:/Users/Cameron/Documents/GitHub/TwistedFateGame/TwistedFateGame/Saved/Collections/' was aborted.
[2018.03.26-02.44.13:827][280]LogModuleManager: Shutting down and abandoning module StatsViewer (536)
[2018.03.26-02.44.13:827][280]LogModuleManager: Shutting down and abandoning module FoliageEdit (534)
[2018.03.26-02.44.13:827][280]LogModuleManager: Shutting down and abandoning module LandscapeEditor (532)
[2018.03.26-02.44.13:827][280]LogModuleManager: Shutting down and abandoning module MeshPaintMode (530)
[2018.03.26-02.44.13:827][280]LogModuleManager: Shutting down and abandoning module SceneDepthPickerMode (528)
[2018.03.26-02.44.13:827][280]LogModuleManager: Shutting down and abandoning module ActorPickerMode (526)
[2018.03.26-02.44.13:827][280]LogModuleManager: Shutting down and abandoning module GeometryMode (524)
[2018.03.26-02.44.13:827][280]LogModuleManager: Shutting down and abandoning module TextureAlignMode (522)
[2018.03.26-02.44.13:828][280]LogModuleManager: Shutting down and abandoning module BspMode (520)
[2018.03.26-02.44.13:828][280]LogModuleManager: Shutting down and abandoning module PIEPreviewDeviceProfileSelector (518)
[2018.03.26-02.44.13:828][280]LogModuleManager: Shutting down and abandoning module HardwareSurvey (516)
[2018.03.26-02.44.13:828][280]LogModuleManager: Shutting down and abandoning module SequenceRecorderSections (514)
[2018.03.26-02.44.13:828][280]LogModuleManager: Shutting down and abandoning module AutomationWorker (512)
[2018.03.26-02.44.13:828][280]LogModuleManager: Shutting down and abandoning module MatineeToLevelSequence (510)
[2018.03.26-02.44.13:828][280]LogModuleManager: Shutting down and abandoning module LevelSequenceEditor (508)
[2018.03.26-02.44.13:828][280]LogModuleManager: Shutting down and abandoning module PlacementMode (507)
[2018.03.26-02.44.13:828][280]LogModuleManager: Shutting down and abandoning module WmfMediaFactory (504)
[2018.03.26-02.44.13:828][280]LogModuleManager: Shutting down and abandoning module WmfMediaEditor (502)
[2018.03.26-02.44.13:828][280]LogModuleManager: Shutting down and abandoning module OpenExrWrapper (500)
[2018.03.26-02.44.13:828][280]LogModuleManager: Shutting down and abandoning module ImgMediaFactory (498)
[2018.03.26-02.44.13:828][280]LogModuleManager: Shutting down and abandoning module ImgMediaEditor (496)
[2018.03.26-02.44.13:828][280]LogModuleManager: Shutting down and abandoning module AvfMediaFactory (494)
[2018.03.26-02.44.13:828][280]LogModuleManager: Shutting down and abandoning module AvfMediaEditor (492)
[2018.03.26-02.44.13:828][280]LogModuleManager: Shutting down and abandoning module AndroidMediaFactory (490)
[2018.03.26-02.44.13:828][280]LogModuleManager: Shutting down and abandoning module AndroidMediaEditor (488)
[2018.03.26-02.44.13:828][280]LogModuleManager: Shutting down and abandoning module CharacterAI (486)
[2018.03.26-02.44.13:828][280]LogModuleManager: Shutting down and abandoning module AudioCapture (484)
[2018.03.26-02.44.13:828][280]LogModuleManager: Shutting down and abandoning module SequenceRecorder (483)
[2018.03.26-02.44.13:828][280]LogModuleManager: Shutting down and abandoning module SmartSnapping (480)
[2018.03.26-02.44.13:828][280]LogModuleManager: Shutting down and abandoning module SessionServices (478)
[2018.03.26-02.44.13:828][280]LogModuleManager: Shutting down and abandoning module ViewportSnapping (476)
[2018.03.26-02.44.13:828][280]LogModuleManager: Shutting down and abandoning module ViewportInteraction (474)
[2018.03.26-02.44.13:828][280]LogModuleManager: Shutting down and abandoning module ClothPainter (472)
[2018.03.26-02.44.13:828][280]LogModuleManager: Shutting down and abandoning module SkeletalMeshEditor (471)
[2018.03.26-02.44.13:828][280]LogModuleManager: Shutting down and abandoning module LogVisualizer (468)
[2018.03.26-02.44.13:828][280]LogModuleManager: Shutting down and abandoning module IntroTutorials (466)
[2018.03.26-02.44.13:828][280]LogModuleManager: Shutting down and abandoning module GameProjectGeneration (465)
[2018.03.26-02.44.13:828][280]LogModuleManager: Shutting down and abandoning module IOSPlatformEditor (462)
[2018.03.26-02.44.13:828][280]LogModuleManager: Shutting down and abandoning module HTML5PlatformEditor (460)
[2018.03.26-02.44.13:828][280]LogModuleManager: Shutting down and abandoning module AndroidPlatformEditor (458)
[2018.03.26-02.44.13:828][280]LogModuleManager: Shutting down and abandoning module AndroidDeviceDetection (457)
[2018.03.26-02.44.14:244][280]LogModuleManager: Shutting down and abandoning module WindowsPlatformEditor (454)
[2018.03.26-02.44.14:245][280]LogModuleManager: Shutting down and abandoning module IOSRuntimeSettings (452)
[2018.03.26-02.44.14:245][280]LogModuleManager: Shutting down and abandoning module AndroidRuntimeSettings (450)
[2018.03.26-02.44.14:245][280]LogModuleManager: Shutting down and abandoning module InputBindingEditor (448)
[2018.03.26-02.44.14:245][280]LogModuleManager: Shutting down and abandoning module MergeActors (446)
[2018.03.26-02.44.14:245][280]LogModuleManager: Shutting down and abandoning module SizeMap (444)
[2018.03.26-02.44.14:245][280]LogModuleManager: Shutting down and abandoning module TreeMap (442)
[2018.03.26-02.44.14:245][280]LogModuleManager: Shutting down and abandoning module ReferenceViewer (440)
[2018.03.26-02.44.14:245][280]LogModuleManager: Shutting down and abandoning module LocalizationDashboard (438)
[2018.03.26-02.44.14:245][280]LogModuleManager: Shutting down and abandoning module LocalizationService (437)
[2018.03.26-02.44.14:245][280]LogModuleManager: Shutting down and abandoning module HardwareTargeting (434)
[2018.03.26-02.44.14:245][280]LogModuleManager: Shutting down and abandoning module DeviceProfileEditor (432)
[2018.03.26-02.44.14:246][280]LogModuleManager: Shutting down and abandoning module UndoHistory (430)
[2018.03.26-02.44.14:246][280]LogModuleManager: Shutting down and abandoning module XmlParser (428)
[2018.03.26-02.44.14:246][280]LogModuleManager: Shutting down and abandoning module Blutility (426)
[2018.03.26-02.44.14:246][280]LogModuleManager: Shutting down and abandoning module ProjectSettingsViewer (424)
[2018.03.26-02.44.14:246][280]LogModuleManager: Shutting down and abandoning module ProjectTargetPlatformEditor (423)
[2018.03.26-02.44.14:246][280]LogModuleManager: Shutting down and abandoning module EditorSettingsViewer (420)
[2018.03.26-02.44.14:247][280]LogModuleManager: Shutting down and abandoning module SettingsEditor (418)
[2018.03.26-02.44.14:247][280]LogModuleManager: Shutting down and abandoning module ProjectLauncher (416)
[2018.03.26-02.44.14:247][280]LogModuleManager: Shutting down and abandoning module SessionFrontend (414)
[2018.03.26-02.44.14:247][280]LogModuleManager: Shutting down and abandoning module ProfilerClient (412)
[2018.03.26-02.44.14:247][280]LogModuleManager: Shutting down and abandoning module DeviceManager (410)
[2018.03.26-02.44.14:247][280]LogModuleManager: Shutting down and abandoning module TargetDeviceServices (409)
[2018.03.26-02.44.14:300][280]LogModuleManager: Shutting down and abandoning module AutomationController (406)
[2018.03.26-02.44.14:301][280]LogModuleManager: Shutting down and abandoning module AutomationWindow (404)
[2018.03.26-02.44.14:301][280]LogModuleManager: Shutting down and abandoning module Layers (402)
[2018.03.26-02.44.14:301][280]LogModuleManager: Shutting down and abandoning module ComponentVisualizers (400)
[2018.03.26-02.44.14:301][280]LogModuleManager: Shutting down and abandoning module DetailCustomizations (398)
[2018.03.26-02.44.14:301][280]LogModuleManager: Shutting down and abandoning module PackagesDialog (396)
[2018.03.26-02.44.14:301][280]LogModuleManager: Shutting down and abandoning module Persona (394)
[2018.03.26-02.44.14:301][280]LogModuleManager: Shutting down and abandoning module AdvancedPreviewScene (393)
[2018.03.26-02.44.14:301][280]LogModuleManager: Shutting down and abandoning module AnimGraph (391)
[2018.03.26-02.44.14:301][280]LogModuleManager: Shutting down and abandoning module Kismet (388)
[2018.03.26-02.44.14:304][280]LogModuleManager: Shutting down and abandoning module ClassViewer (386)
[2018.03.26-02.44.14:305][280]LogModuleManager: Shutting down and abandoning module Toolbox (384)
[2018.03.26-02.44.14:305][280]LogModuleManager: Shutting down and abandoning module ModuleUI (382)
[2018.03.26-02.44.14:305][280]LogModuleManager: Shutting down and abandoning module MovieSceneTools (380)
[2018.03.26-02.44.14:305][280]LogModuleManager: Shutting down and abandoning module OutputLog (378)
[2018.03.26-02.44.14:305][280]LogModuleManager: Shutting down and abandoning module GammaUI (376)
[2018.03.26-02.44.14:305][280]LogModuleManager: Shutting down and abandoning module Documentation (374)
[2018.03.26-02.44.14:305][280]LogModuleManager: Shutting down and abandoning module MovieSceneTracks (372)
[2018.03.26-02.44.14:305][280]LogModuleManager: Shutting down and abandoning module MovieScene (370)
[2018.03.26-02.44.14:305][280]LogModuleManager: Shutting down and abandoning module StreamingPauseRendering (368)
[2018.03.26-02.44.14:306][280]LogModuleManager: Shutting down and abandoning module LauncherPlatform (366)
[2018.03.26-02.44.14:306][280]LogModuleManager: Shutting down and abandoning module AnalyticsET (364)
[2018.03.26-02.44.14:306][280]LogModuleManager: Shutting down and abandoning module PortalServices (362)
[2018.03.26-02.44.14:306][280]LogModuleManager: Shutting down and abandoning module PortalRpc (360)
[2018.03.26-02.44.14:306][280]LogModuleManager: Shutting down and abandoning module MessagingRpc (358)
[2018.03.26-02.44.14:306][280]LogModuleManager: Shutting down and abandoning module AIModule (356)
[2018.03.26-02.44.14:306][280]LogModuleManager: Shutting down and abandoning module GameplayDebugger (355)
[2018.03.26-02.44.14:306][280]LogModuleManager: Shutting down and abandoning module AITestSuite (353)
[2018.03.26-02.44.14:306][280]LogModuleManager: Shutting down and abandoning module DesktopPlatform (350)
[2018.03.26-02.44.14:306][280]LogModuleManager: Shutting down and abandoning module ProfilerService (348)
[2018.03.26-02.44.14:350][280]LogModuleManager: Shutting down and abandoning module TaskGraph (346)
[2018.03.26-02.44.14:350][280]LogModuleManager: Shutting down and abandoning module SteamVRController (344)
[2018.03.26-02.44.14:350][280]LogModuleManager: Shutting down and abandoning module ProceduralMeshComponentEditor (342)
[2018.03.26-02.44.14:350][280]LogModuleManager: Shutting down and abandoning module ProceduralMeshComponent (340)
[2018.03.26-02.44.14:350][280]LogModuleManager: Shutting down and abandoning module OculusInput (338)
[2018.03.26-02.44.14:350][280]LogModuleManager: Shutting down and abandoning module MobilePatchingUtils (336)
[2018.03.26-02.44.14:350][280]LogModuleManager: Shutting down and abandoning module CustomMeshComponent (334)
[2018.03.26-02.44.14:350][280]LogModuleManager: Shutting down and abandoning module CableComponent (332)
[2018.03.26-02.44.14:350][280]LogModuleManager: Shutting down and abandoning module ArchVisCharacter (330)
[2018.03.26-02.44.14:350][280]LogModuleManager: Shutting down and abandoning module AndroidPermission (328)
[2018.03.26-02.44.14:351][280]LogModuleManager: Shutting down and abandoning module ActorSequence (324)
[2018.03.26-02.44.14:351][280]LogModuleManager: Shutting down and abandoning module MediaPlayerEditor (322)
[2018.03.26-02.44.14:351][280]LogModuleManager: Shutting down and abandoning module MediaCompositingEditor (320)
[2018.03.26-02.44.14:351][280]LogModuleManager: Shutting down and abandoning module MediaCompositing (318)
[2018.03.26-02.44.14:351][280]LogModuleManager: Shutting down and abandoning module HTML5Networking (316)
[2018.03.26-02.44.14:351][280]LogModuleManager: Shutting down and abandoning module AlembicImporter (314)
[2018.03.26-02.44.14:351][280]LogModuleManager: Shutting down and abandoning module AlembicLibrary (313)
[2018.03.26-02.44.14:351][280]LogModuleManager: Shutting down and abandoning module GeometryCache (312)
[2018.03.26-02.44.14:351][280]LogModuleManager: Shutting down and abandoning module GeometryCacheEd (311)
[2018.03.26-02.44.14:351][280]LogModuleManager: Shutting down and abandoning module SpeedTreeImporter (306)
[2018.03.26-02.44.14:351][280]LogModuleManager: Shutting down and abandoning module PluginBrowser (304)
[2018.03.26-02.44.14:351][280]LogModuleManager: Shutting down and abandoning module MobileLauncherProfileWizard (302)
[2018.03.26-02.44.14:351][280]LogModuleManager: Shutting down and abandoning module VisualStudioSourceCodeAccess (300)
[2018.03.26-02.44.14:351][280]LogModuleManager: Shutting down and abandoning module VisualStudioCodeSourceCodeAccess (298)
[2018.03.26-02.44.14:351][280]LogModuleManager: Shutting down and abandoning module UObjectPlugin (296)
[2018.03.26-02.44.14:351][280]LogModuleManager: Shutting down and abandoning module SubversionSourceControl (294)
[2018.03.26-02.44.14:351][280]LogModuleManager: Shutting down and abandoning module PerforceSourceControl (292)
[2018.03.26-02.44.14:351][280]LogModuleManager: Shutting down and abandoning module GitSourceControl (290)
[2018.03.26-02.44.14:351][280]LogModuleManager: Shutting down and abandoning module SourceControl (289)
[2018.03.26-02.44.14:351][280]LogModuleManager: Shutting down and abandoning module LightPropagationVolumeEditor (286)
[2018.03.26-02.44.14:351][280]LogModuleManager: Shutting down and abandoning module PaperTiledImporter (284)
[2018.03.26-02.44.14:351][280]LogModuleManager: Shutting down and abandoning module PaperSpriteSheetImporter (282)
[2018.03.26-02.44.14:351][280]LogModuleManager: Shutting down and abandoning module Paper2DEditor (280)
[2018.03.26-02.44.14:351][280]LogModuleManager: Shutting down and abandoning module MeshPaint (279)
[2018.03.26-02.44.14:351][280]LogModuleManager: Shutting down and abandoning module LevelEditor (277)
[2018.03.26-02.44.14:352][280]LogModuleManager: Shutting down and abandoning module PixelInspectorModule (276)
[2018.03.26-02.44.14:352][280]LogModuleManager: Shutting down and abandoning module MainFrame (274)
[2018.03.26-02.44.14:352][280]LogModuleManager: Shutting down and abandoning module HotReload (273)
[2018.03.26-02.44.14:353][280]LogModuleManager: Shutting down and abandoning module RuntimePhysXCooking (268)
[2018.03.26-02.44.14:353][280]LogModuleManager: Shutting down and abandoning module PhysXVehiclesEditor (266)
[2018.03.26-02.44.14:353][280]LogModuleManager: Shutting down and abandoning module PhysXVehicles (264)
[2018.03.26-02.44.14:353][280]LogModuleManager: Shutting down and abandoning module OculusEditor (262)
[2018.03.26-02.44.14:353][280]LogModuleManager: Shutting down and abandoning module LocationServicesBPLibrary (260)
[2018.03.26-02.44.14:353][280]LogModuleManager: Shutting down and abandoning module ImmediatePhysicsEditor (258)
[2018.03.26-02.44.14:353][280]LogModuleManager: Shutting down and abandoning module ImmediatePhysics (256)
[2018.03.26-02.44.14:353][280]LogModuleManager: Shutting down and abandoning module UdpMessaging (254)
[2018.03.26-02.44.14:454][280]LogModuleManager: Shutting down and abandoning module TcpMessaging (252)
[2018.03.26-02.44.14:554][280]LogModuleManager: Shutting down and abandoning module GameplayTagsEditor (250)
[2018.03.26-02.44.14:554][280]LogModuleManager: Shutting down and abandoning module FacialAnimationEditor (248)
[2018.03.26-02.44.14:554][280]LogModuleManager: Shutting down and abandoning module FacialAnimation (246)
[2018.03.26-02.44.14:554][280]LogModuleManager: Shutting down and abandoning module AssetManagerEditor (244)
[2018.03.26-02.44.14:555][280]LogModuleManager: Shutting down and abandoning module GraphEditor (243)
[2018.03.26-02.44.14:555][280]LogModuleManager: Shutting down and abandoning module ContentBrowser (241)
[2018.03.26-02.44.14:557][280]LogModuleManager: Shutting down and abandoning module LightPropagationVolumeRuntime (238)
[2018.03.26-02.44.14:557][280]LogModuleManager: Shutting down and abandoning module Paper2D (236)
[2018.03.26-02.44.14:557][280]LogModuleManager: Shutting down and abandoning module WindowsMoviePlayer (234)
[2018.03.26-02.44.14:557][280]LogModuleManager: Shutting down and abandoning module WmfMedia (232)
[2018.03.26-02.44.14:563][280]LogModuleManager: Shutting down and abandoning module ImgMedia (230)
[2018.03.26-02.44.14:563][280]LogModuleManager: Shutting down and abandoning module PacketHandler (228)
[2018.03.26-02.44.14:564][280]LogModuleManager: Shutting down and abandoning module ClothingSystemEditor (226)
[2018.03.26-02.44.14:564][280]LogModuleManager: Shutting down and abandoning module ClothingSystemRuntime (224)
[2018.03.26-02.44.14:564][280]LogModuleManager: Shutting down and abandoning module MediaAssets (222)
[2018.03.26-02.44.14:564][280]LogModuleManager: Shutting down and abandoning module Media (221)
[2018.03.26-02.44.14:571][280]LogModuleManager: Shutting down and abandoning module Overlay (218)
[2018.03.26-02.44.14:571][280]LogModuleManager: Shutting down and abandoning module OverlayEditor (217)
[2018.03.26-02.44.14:571][280]LogModuleManager: Shutting down and abandoning module VREditor (214)
[2018.03.26-02.44.14:571][280]LogModuleManager: Shutting down and abandoning module StringTableEditor (212)
[2018.03.26-02.44.14:572][280]LogModuleManager: Shutting down and abandoning module GameplayTasksEditor (210)
[2018.03.26-02.44.14:572][280]LogModuleManager: Shutting down and abandoning module BehaviorTreeEditor (208)
[2018.03.26-02.44.14:572][280]LogModuleManager: Shutting down and abandoning module FunctionalTesting (206)
[2018.03.26-02.44.14:572][280]LogModuleManager: Shutting down and abandoning module CollisionAnalyzer (204)
[2018.03.26-02.44.14:572][280]LogModuleManager: Shutting down and abandoning module WorkspaceMenuStructure (203)
[2018.03.26-02.44.14:572][280]LogModuleManager: Shutting down and abandoning module UMG (200)
[2018.03.26-02.44.14:572][280]LogModuleManager: Shutting down and abandoning module UMGEditor (199)
[2018.03.26-02.44.14:572][280]LogModuleManager: Shutting down and abandoning module Sequencer (198)
[2018.03.26-02.44.14:572][280]LogModuleManager: Shutting down and abandoning module MessageLog (195)
[2018.03.26-02.44.14:572][280]LogModuleManager: Shutting down and abandoning module SlateReflector (190)
[2018.03.26-02.44.14:573][280]LogModuleManager: Shutting down and abandoning module Slate (188)
[2018.03.26-02.44.14:573][280]LogModuleManager: Shutting down and abandoning module EditorStyle (186)
[2018.03.26-02.44.14:578][280]LogModuleManager: Shutting down and abandoning module MRMesh (184)
[2018.03.26-02.44.14:579][280]LogModuleManager: Shutting down and abandoning module SourceCodeAccess (182)
[2018.03.26-02.44.14:579][280]LogModuleManager: Shutting down and abandoning module HeadMountedDisplay (180)
[2018.03.26-02.44.14:579][280]LogModuleManager: Shutting down and abandoning module XAudio2 (178)
[2018.03.26-02.44.14:579][280]LogModuleManager: Shutting down and abandoning module Networking (176)
[2018.03.26-02.44.14:579][280]LogModuleManager: Shutting down and abandoning module Core (172)
[2018.03.26-02.44.14:579][280]LogModuleManager: Shutting down and abandoning module LevelSequence (168)
[2018.03.26-02.44.14:579][280]LogModuleManager: Shutting down and abandoning module DirectoryWatcher (166)
[2018.03.26-02.44.14:583][280]LogModuleManager: Shutting down and abandoning module KismetCompiler (164)
[2018.03.26-02.44.14:583][280]LogModuleManager: Shutting down and abandoning module MeshUtilities (162)
[2018.03.26-02.44.14:583][280]LogModuleManager: Shutting down and abandoning module MeshMergeUtilities (161)
[2018.03.26-02.44.14:583][280]LogModuleManager: Shutting down and abandoning module MeshReductionInterface (160)
[2018.03.26-02.44.14:583][280]LogModuleManager: Shutting down and abandoning module SimplygonSwarm (159)
[2018.03.26-02.44.14:586][280]LogModuleManager: Shutting down and abandoning module SimplygonMeshReduction (157)
[2018.03.26-02.44.14:586][280]LogModuleManager: Shutting down and abandoning module QuadricMeshReduction (155)
[2018.03.26-02.44.14:586][280]LogModuleManager: Shutting down and abandoning module MaterialBaking (151)
[2018.03.26-02.44.14:586][280]LogModuleManager: Shutting down and abandoning module DerivedDataCache (148)
[2018.03.26-02.44.14:591][280]LogDerivedDataCache: Shutdown
[2018.03.26-02.44.14:592][280]LogModuleManager: Shutting down and abandoning module TargetPlatform (146)
[2018.03.26-02.44.14:592][280]LogModuleManager: Shutting down and abandoning module VulkanShaderFormat (145)
[2018.03.26-02.44.14:592][280]LogModuleManager: Shutting down and abandoning module ShaderFormatVectorVM (143)
[2018.03.26-02.44.14:592][280]LogModuleManager: Shutting down and abandoning module ShaderFormatOpenGL (141)
[2018.03.26-02.44.14:592][280]LogModuleManager: Shutting down and abandoning module ShaderFormatD3D (139)
[2018.03.26-02.44.14:592][280]LogModuleManager: Shutting down and abandoning module MetalShaderFormat (137)
[2018.03.26-02.44.14:592][280]LogModuleManager: Shutting down and abandoning module TextureFormatUncompressed (135)
[2018.03.26-02.44.14:592][280]LogModuleManager: Shutting down and abandoning module TextureFormatPVR (133)
[2018.03.26-02.44.14:592][280]LogModuleManager: Shutting down and abandoning module TextureFormatDXT (131)
[2018.03.26-02.44.14:592][280]LogModuleManager: Shutting down and abandoning module TextureFormatIntelISPCTexComp (129)
[2018.03.26-02.44.14:592][280]LogModuleManager: Shutting down and abandoning module TextureFormatASTC (127)
[2018.03.26-02.44.14:592][280]LogModuleManager: Shutting down and abandoning module ImageWrapper (126)
[2018.03.26-02.44.14:592][280]LogModuleManager: Shutting down and abandoning module TextureFormatAndroid (123)
[2018.03.26-02.44.14:592][280]LogModuleManager: Shutting down and abandoning module AudioFormatOpus (121)
[2018.03.26-02.44.14:592][280]LogModuleManager: Shutting down and abandoning module AudioFormatOgg (119)
[2018.03.26-02.44.14:592][280]LogModuleManager: Shutting down and abandoning module AudioFormatADPCM (117)
[2018.03.26-02.44.14:592][280]LogModuleManager: Shutting down and abandoning module LinuxTargetPlatform (115)
[2018.03.26-02.44.14:592][280]LogModuleManager: Shutting down and abandoning module LinuxServerTargetPlatform (113)
[2018.03.26-02.44.14:592][280]LogModuleManager: Shutting down and abandoning module LinuxNoEditorTargetPlatform (111)
[2018.03.26-02.44.14:592][280]LogModuleManager: Shutting down and abandoning module LinuxClientTargetPlatform (109)
[2018.03.26-02.44.14:592][280]LogModuleManager: Shutting down and abandoning module TVOSTargetPlatform (107)
[2018.03.26-02.44.14:592][280]LogModuleManager: Shutting down and abandoning module Messaging (105)
[2018.03.26-02.44.14:592][280]LogModuleManager: Shutting down and abandoning module IOSTargetPlatform (103)
[2018.03.26-02.44.14:592][280]LogModuleManager: Shutting down and abandoning module HTML5TargetPlatform (101)
[2018.03.26-02.44.14:592][280]LogModuleManager: Shutting down and abandoning module AndroidTargetPlatform (99)
[2018.03.26-02.44.14:592][280]LogModuleManager: Shutting down and abandoning module Android_PVRTCTargetPlatform (97)
[2018.03.26-02.44.14:592][280]LogModuleManager: Shutting down and abandoning module Android_MultiTargetPlatform (95)
[2018.03.26-02.44.14:592][280]LogModuleManager: Shutting down and abandoning module Android_ETC2TargetPlatform (93)
[2018.03.26-02.44.14:592][280]LogModuleManager: Shutting down and abandoning module Android_ETC1TargetPlatform (91)
[2018.03.26-02.44.14:593][280]LogModuleManager: Shutting down and abandoning module Android_DXTTargetPlatform (89)
[2018.03.26-02.44.14:593][280]LogModuleManager: Shutting down and abandoning module Android_ATCTargetPlatform (87)
[2018.03.26-02.44.14:593][280]LogModuleManager: Shutting down and abandoning module Android_ASTCTargetPlatform (85)
[2018.03.26-02.44.14:593][280]LogModuleManager: Shutting down and abandoning module WindowsTargetPlatform (83)
[2018.03.26-02.44.14:593][280]LogModuleManager: Shutting down and abandoning module WindowsServerTargetPlatform (81)
[2018.03.26-02.44.14:593][280]LogModuleManager: Shutting down and abandoning module WindowsNoEditorTargetPlatform (79)
[2018.03.26-02.44.14:593][280]LogModuleManager: Shutting down and abandoning module WindowsClientTargetPlatform (77)
[2018.03.26-02.44.14:593][280]LogModuleManager: Shutting down and abandoning module MacTargetPlatform (75)
[2018.03.26-02.44.14:593][280]LogModuleManager: Shutting down and abandoning module MacServerTargetPlatform (73)
[2018.03.26-02.44.14:593][280]LogModuleManager: Shutting down and abandoning module MacNoEditorTargetPlatform (71)
[2018.03.26-02.44.14:593][280]LogModuleManager: Shutting down and abandoning module MacClientTargetPlatform (69)
[2018.03.26-02.44.14:593][280]LogModuleManager: Shutting down and abandoning module AllDesktopTargetPlatform (67)
[2018.03.26-02.44.14:593][280]LogModuleManager: Shutting down and abandoning module InputCore (64)
[2018.03.26-02.44.14:593][280]LogModuleManager: Shutting down and abandoning module Settings (62)
[2018.03.26-02.44.14:593][280]LogModuleManager: Shutting down and abandoning module PhysXCooking (60)
[2018.03.26-02.44.14:593][280]LogModuleManager: Shutting down and abandoning module SteamVR (58)
[2018.03.26-02.44.14:593][280]LogModuleManager: Shutting down and abandoning module OculusHMD (56)
[2018.03.26-02.44.14:593][280]LogModuleManager: Shutting down and abandoning module ExampleDeviceProfileSelector (54)
[2018.03.26-02.44.14:593][280]LogModuleManager: Shutting down and abandoning module AppleARKit (52)
[2018.03.26-02.44.14:593][280]LogModuleManager: Shutting down and abandoning module AugmentedReality (51)
[2018.03.26-02.44.14:593][280]LogModuleManager: Shutting down and abandoning module OnlineBlueprintSupport (48)
[2018.03.26-02.44.14:593][280]LogModuleManager: Shutting down and abandoning module OnlineSubsystem (44)
[2018.03.26-02.44.14:593][280]LogModuleManager: Shutting down and abandoning module XMPP (43)
[2018.03.26-02.44.14:593][280]LogModuleManager: Shutting down and abandoning module HTTP (41)
[2018.03.26-02.44.14:593][280]LogHttp: Display: Http module shutting down, but needs to wait on 1 outstanding Http requests:
[2018.03.26-02.44.14:593][280]LogHttp: Display: 	verb=[POST] url=[https://datarouter.ol.epicgames.com/datarouter/api/v1/public/data?SessionID=%7B6FDA1A90-4670-442E-41E3-66A511A6E0F4%7D&AppID=UEEditor.Rocket.Release&AppVersion=4.18.3-3832480%2B%2B%2BUE4%2BRelease-4.18&UserID=53b19e1a4c66008f887ef79341d17316%7Cd5951a104dca4ad0a06bb7043cc25760%7C10cd45eb-d778-418f-954e-16fdba5101c0&AppEnvironment=datacollector-binary&UploadType=eteventstream] status=Processing
[2018.03.26-02.44.14:621][280]LogModuleManager: Shutting down and abandoning module SSL (40)
[2018.03.26-02.44.14:623][280]LogModuleManager: Shutting down and abandoning module AnimationModifiers (36)
[2018.03.26-02.44.14:623][280]LogModuleManager: Shutting down and abandoning module PropertyEditor (35)
[2018.03.26-02.44.14:623][280]LogModuleManager: Shutting down and abandoning module AudioEditor (32)
[2018.03.26-02.44.14:623][280]LogModuleManager: Shutting down and abandoning module TextureCompressor (30)
[2018.03.26-02.44.14:623][280]LogModuleManager: Shutting down and abandoning module ShaderCore (28)
[2018.03.26-02.44.14:623][280]LogModuleManager: Shutting down and abandoning module Landscape (26)
[2018.03.26-02.44.14:623][280]LogModuleManager: Shutting down and abandoning module SlateRHIRenderer (24)
[2018.03.26-02.44.14:624][280]LogModuleManager: Shutting down and abandoning module OpenGLDrv (22)
[2018.03.26-02.44.14:624][280]LogModuleManager: Shutting down and abandoning module D3D11RHI (20)
[2018.03.26-02.44.14:624][280]LogModuleManager: Shutting down and abandoning module AnimGraphRuntime (18)
[2018.03.26-02.44.14:624][280]LogModuleManager: Shutting down and abandoning module Renderer (16)
[2018.03.26-02.44.14:624][280]LogModuleManager: Shutting down and abandoning module Engine (14)
[2018.03.26-02.44.14:624][280]LogModuleManager: Shutting down and abandoning module CoreUObject (12)
[2018.03.26-02.44.14:624][280]LogModuleManager: Shutting down and abandoning module NetworkFile (10)
[2018.03.26-02.44.14:624][280]LogModuleManager: Shutting down and abandoning module CookedIterativeFile (8)
[2018.03.26-02.44.14:624][280]LogModuleManager: Shutting down and abandoning module StreamingFile (6)
[2018.03.26-02.44.14:624][280]LogModuleManager: Shutting down and abandoning module SandboxFile (4)
[2018.03.26-02.44.14:624][280]LogModuleManager: Shutting down and abandoning module PakFile (2)
[2018.03.26-02.44.14:628][280]LogExit: Exiting.
[2018.03.26-02.44.14:651][280]Log file closed, 03/25/18 22:44:14
